[2011/01/07][ 9:02:06][sys_WebStart][sys_WebStart開始] 
[2011/01/07][ 9:02:07][sys_WebStart][個別終了ファイル削除(D:\gunma\data\exitfile\*.*)] 
[2011/01/07][ 9:02:10][sys_WebStart]["Macromedia JRun Admin Server"サービスを起動中] 
[2011/01/07][ 9:02:23][sys_WebStart]["Macromedia JRun Admin Server"サービス起動完了] 
[2011/01/07][ 9:02:24][sys_WebStart]["Macromedia JRun Default Server"サービスを起動中] 
[2011/01/07][ 9:02:36][sys_WebStart]["Macromedia JRun Default Server"サービス起動完了] 
[2011/01/07][ 9:05:36][sys_WebStart][運用モードを「サービス開始中：'0'」に設定開始] 
OK


<!--
//
// システム: 取引履歴検索システム
//
// File Name: PropChg.jsp
//
// Copyright (c) 2003 TOSHIBA IT-SOLUTIONS Co.All Rights Reserved.
//
//
-->
[2011/01/07][ 9:05:37][sys_WebStart][運用モードを「サービス開始中：'0'」に設定完了] 
[2011/01/07][ 9:05:39][sys_WebStart][リスナーの起動開始] 
[2011/01/07][ 9:05:39][sys_WebStart][リスナーの起動完了] 
[2011/01/07][ 9:06:00][sys_WebStart][運用モードを「サービス開始：'1'」に設定開始] 
OK


<!--
//
// システム: 取引履歴検索システム
//
// File Name: PropChg.jsp
//
// Copyright (c) 2003 TOSHIBA IT-SOLUTIONS Co.All Rights Reserved.
//
//
-->
[2011/01/07][ 9:06:00][sys_WebStart][運用モードを「サービス開始：'1'」に設定完了] 
[2011/01/07][ 9:06:02][sys_WebStart][sys_WebStart終了] 
