6/23/2004	17:38:28	4	1	256	History	N/A	TPC4512	[操作店=001  ユーザＩＤ=0000001  セッション=7630706351087979908359 ] ログインしました。  
6/23/2004	17:38:47	4	1	256	History	N/A	TPC4512	ログアウトしました。[SESSION=7630706351087979908359]  
6/23/2004	17:38:52	4	1	256	History	N/A	TPC4512	ログアウトしました。[SESSION=7630706351087979908359]  
6/23/2004	17:41:43	4	1	256	History	N/A	TPC4512	Context 初期化: Version=2.3  
6/23/2004	17:41:43	4	1	256	History	N/A	TPC4512	Context 初期化 ログインユーザテーブル初期化完了  
6/23/2004	17:55:24	4	1	256	History	N/A	TPC4512	Context 初期化: Version=2.3  
6/23/2004	17:55:24	4	1	256	History	N/A	TPC4512	Context 初期化 ログインユーザテーブル初期化完了  
6/23/2004	17:55:28	4	1	256	History	N/A	TPC4512	[操作店=001  ユーザＩＤ=0000001  セッション=76301551601087980928468 ] ログインしました。  
6/23/2004	17:57:49	4	1	256	History	N/A	TPC4512	ログアウトしました。[SESSION=76301551601087980928468]  
6/23/2004	17:57:54	4	1	256	History	N/A	TPC4512	ログアウトしました。[SESSION=76301551601087980928468]  
6/23/2004	18:00:42	4	1	256	History	N/A	TPC4512	[操作店=001  ユーザＩＤ=0000001  セッション=76303091011087981242531 ] ログインしました。  
6/23/2004	18:19:55	4	1	256	History	N/A	TPC4512	ログアウトしました。[SESSION=76303091011087981242531]  
6/23/2004	18:20:00	4	1	256	History	N/A	TPC4512	ログアウトしました。[SESSION=76303091011087981242531]  
6/23/2004	18:32:21	4	1	256	History	N/A	TPC4512	[操作店=001  ユーザＩＤ=0000001  セッション=7630514211087983141750 ] ログインしました。  
6/23/2004	18:32:25	1	1	258	History	N/A	TPC4512	from [ 172.24.91.117 7630514211087983141750 ] javax.servlet.ServletException: Translator.CompilationFailedExceptionCompiler errors: Found 2 semantic errors compiling "C:/JRun4/servers/default/SERVER-INF/temp/gunma.war1651912185/WEB-INF/jsp/jrun__jsp__history__enquirylist__EnquiryListHead2ejsp2c.java":      80. String xmldf = ar.getgetFileName();                        <-----------------> *** Error: No method named "getgetFileName" was found in type "history/enquirylist/EnquiryListRequest".      203. 		File delFl = new File(xmldf);                         <--> *** Error: Type File was not found.   	at jrun.jsp.Translator.compilePage(Translator.java:187)  	at jrun.jsp.Translator.translate(Translator.java:254)  	at jrun.jsp.Translator.translate(Translator.java:101)  	at jrun.jsp.JSPEngine.translateJSP(JSPEngine.java:693)  	at jrun.jsp.JSPServlet.translate(JSPServlet.java:125)  	at jrun.jsp.JSPServlet.service(JSPServlet.java:113)  	at jrun.servlet.ServletInvoker.invoke(ServletInvoker.java:91)  	at jrun.servlet.JRunInvokerChain.invokeNext(JRunInvokerChain.java:42)  	at jrun.servlet.JRunRequestDispatcher.invokeNext(JRunRequestDispatcher.java:439)  	at jrun.servlet.JRunRequestDispatcher.forwardInvoke(JRunRequestDispatcher.java:409)  	at jrun.servlet.JRunRequestDispatcher.forward(JRunRequestDispatcher.java:178)  	at jm2.control.ControlServlet.execute(ControlServlet.java:216)  	at jm2.control.ControlServlet.doPost(ControlServlet.java:76)  	at javax.servlet.http.HttpServlet.service(HttpServlet.java:760)  	at javax.servlet.http.HttpServlet.service(HttpServlet.java:853)  	at jrun.servlet.ServletInvoker.invoke(ServletInvoker.java:91)  	at jrun.servlet.JRunInvokerChain.invokeNext(JRunInvokerChain.java:42)  	at jrun.servlet.JRunRequestDispatcher.invoke(JRunRequestDispatcher.java:252)  	at jrun.servlet.ServletEngineService.dispatch(ServletEngineService.java:527)  	at jrun.servlet.jrpp.JRunProxyService.invokeRunnable(JRunProxyService.java:207)  	at jrunx.scheduler.ThreadPool$DownstreamMetrics.invokeRunnable(ThreadPool.java:348)  	at jrunx.scheduler.ThreadPool$ThreadThrottle.invokeRunnable(ThreadPool.java:451)  	at jrunx.scheduler.ThreadPool$UpstreamMetrics.invokeRunnable(ThreadPool.java:294)  	at jrunx.scheduler.WorkerThread.run(WorkerThread.java:66)    
6/23/2004	18:32:25	1	1	258	History	N/A	TPC4512	from [ 172.24.91.117 7630514211087983141750 ] jm2.common.UnexpectedException: javax.servlet.ServletException: Translator.CompilationFailedExceptionCompiler errors: Found 2 semantic errors compiling "C:/JRun4/servers/default/SERVER-INF/temp/gunma.war1651912185/WEB-INF/jsp/jrun__jsp__history__enquirylist__EnquiryListHead2ejsp2c.java":      80. String xmldf = ar.getgetFileName();                        <-----------------> *** Error: No method named "getgetFileName" was found in type "history/enquirylist/EnquiryListRequest".      203. 		File delFl = new File(xmldf);                         <--> *** Error: Type File was not found.  7630514211087983141750  	at jm2.control.ControlServlet.execute(ControlServlet.java:240)  	at jm2.control.ControlServlet.doPost(ControlServlet.java:76)  	at javax.servlet.http.HttpServlet.service(HttpServlet.java:760)  	at javax.servlet.http.HttpServlet.service(HttpServlet.java:853)  	at jrun.servlet.ServletInvoker.invoke(ServletInvoker.java:91)  	at jrun.servlet.JRunInvokerChain.invokeNext(JRunInvokerChain.java:42)  	at jrun.servlet.JRunRequestDispatcher.invoke(JRunRequestDispatcher.java:252)  	at jrun.servlet.ServletEngineService.dispatch(ServletEngineService.java:527)  	at jrun.servlet.jrpp.JRunProxyService.invokeRunnable(JRunProxyService.java:207)  	at jrunx.scheduler.ThreadPool$DownstreamMetrics.invokeRunnable(ThreadPool.java:348)  	at jrunx.scheduler.ThreadPool$ThreadThrottle.invokeRunnable(ThreadPool.java:451)  	at jrunx.scheduler.ThreadPool$UpstreamMetrics.invokeRunnable(ThreadPool.java:294)  	at jrunx.scheduler.WorkerThread.run(WorkerThread.java:66)    
6/23/2004	18:32:36	4	1	256	History	N/A	TPC4512	ログアウトしました。[SESSION=7630514211087983141750]  
6/23/2004	18:32:41	4	1	256	History	N/A	TPC4512	ログアウトしました。[SESSION=7630514211087983141750]  
6/23/2004	18:33:22	4	1	256	History	N/A	TPC4512	[操作店=001  ユーザＩＤ=0000001  セッション=76301280471087983202828 ] ログインしました。  
6/23/2004	18:33:25	1	1	258	History	N/A	TPC4512	from [ 172.24.91.117 76301280471087983202828 ] javax.servlet.ServletException: Translator.CompilationFailedExceptionCompiler errors: Found 1 semantic error compiling "C:/JRun4/servers/default/SERVER-INF/temp/gunma.war1651912185/WEB-INF/jsp/jrun__jsp__history__enquirylist__EnquiryListHead2ejsp2c.java":     204. 			File delFl = new File(xmldf);                                 <--> *** Error: Type File was not found.   	at jrun.jsp.Translator.compilePage(Translator.java:187)  	at jrun.jsp.Translator.translate(Translator.java:254)  	at jrun.jsp.Translator.translate(Translator.java:101)  	at jrun.jsp.JSPEngine.translateJSP(JSPEngine.java:693)  	at jrun.jsp.JSPServlet.translate(JSPServlet.java:125)  	at jrun.jsp.JSPServlet.service(JSPServlet.java:113)  	at jrun.servlet.ServletInvoker.invoke(ServletInvoker.java:91)  	at jrun.servlet.JRunInvokerChain.invokeNext(JRunInvokerChain.java:42)  	at jrun.servlet.JRunRequestDispatcher.invokeNext(JRunRequestDispatcher.java:439)  	at jrun.servlet.JRunRequestDispatcher.forwardInvoke(JRunRequestDispatcher.java:409)  	at jrun.servlet.JRunRequestDispatcher.forward(JRunRequestDispatcher.java:178)  	at jm2.control.ControlServlet.execute(ControlServlet.java:216)  	at jm2.control.ControlServlet.doPost(ControlServlet.java:76)  	at javax.servlet.http.HttpServlet.service(HttpServlet.java:760)  	at javax.servlet.http.HttpServlet.service(HttpServlet.java:853)  	at jrun.servlet.ServletInvoker.invoke(ServletInvoker.java:91)  	at jrun.servlet.JRunInvokerChain.invokeNext(JRunInvokerChain.java:42)  	at jrun.servlet.JRunRequestDispatcher.invoke(JRunRequestDispatcher.java:252)  	at jrun.servlet.ServletEngineService.dispatch(ServletEngineService.java:527)  	at jrun.servlet.jrpp.JRunProxyService.invokeRunnable(JRunProxyService.java:207)  	at jrunx.scheduler.ThreadPool$DownstreamMetrics.invokeRunnable(ThreadPool.java:348)  	at jrunx.scheduler.ThreadPool$ThreadThrottle.invokeRunnable(ThreadPool.java:451)  	at jrunx.scheduler.ThreadPool$UpstreamMetrics.invokeRunnable(ThreadPool.java:294)  	at jrunx.scheduler.WorkerThread.run(WorkerThread.java:66)    
6/23/2004	18:33:25	1	1	258	History	N/A	TPC4512	from [ 172.24.91.117 76301280471087983202828 ] jm2.common.UnexpectedException: javax.servlet.ServletException: Translator.CompilationFailedExceptionCompiler errors: Found 1 semantic error compiling "C:/JRun4/servers/default/SERVER-INF/temp/gunma.war1651912185/WEB-INF/jsp/jrun__jsp__history__enquirylist__EnquiryListHead2ejsp2c.java":     204. 			File delFl = new File(xmldf);                                 <--> *** Error: Type File was not found.  76301280471087983202828  	at jm2.control.ControlServlet.execute(ControlServlet.java:240)  	at jm2.control.ControlServlet.doPost(ControlServlet.java:76)  	at javax.servlet.http.HttpServlet.service(HttpServlet.java:760)  	at javax.servlet.http.HttpServlet.service(HttpServlet.java:853)  	at jrun.servlet.ServletInvoker.invoke(ServletInvoker.java:91)  	at jrun.servlet.JRunInvokerChain.invokeNext(JRunInvokerChain.java:42)  	at jrun.servlet.JRunRequestDispatcher.invoke(JRunRequestDispatcher.java:252)  	at jrun.servlet.ServletEngineService.dispatch(ServletEngineService.java:527)  	at jrun.servlet.jrpp.JRunProxyService.invokeRunnable(JRunProxyService.java:207)  	at jrunx.scheduler.ThreadPool$DownstreamMetrics.invokeRunnable(ThreadPool.java:348)  	at jrunx.scheduler.ThreadPool$ThreadThrottle.invokeRunnable(ThreadPool.java:451)  	at jrunx.scheduler.ThreadPool$UpstreamMetrics.invokeRunnable(ThreadPool.java:294)  	at jrunx.scheduler.WorkerThread.run(WorkerThread.java:66)    
6/23/2004	18:33:35	4	1	256	History	N/A	TPC4512	ログアウトしました。[SESSION=76301280471087983202828]  
6/23/2004	18:33:40	4	1	256	History	N/A	TPC4512	ログアウトしました。[SESSION=76301280471087983202828]  
6/23/2004	18:33:53	4	1	256	History	N/A	TPC4512	[操作店=001  ユーザＩＤ=0000001  セッション=76302063771087983233484 ] ログインしました。  
6/23/2004	18:34:16	4	1	256	History	N/A	TPC4512	ログアウトしました。[SESSION=76302063771087983233484]  
6/23/2004	18:34:22	4	1	256	History	N/A	TPC4512	ログアウトしました。[SESSION=76302063771087983233484]  
6/23/2004	18:35:08	4	1	256	History	N/A	TPC4512	[操作店=001  ユーザＩＤ=0000001  セッション=7630416341087983308015 ] ログインしました。  
6/23/2004	18:35:20	4	1	256	History	N/A	TPC4512	ログアウトしました。[SESSION=7630416341087983308015]  
6/23/2004	18:35:26	4	1	256	History	N/A	TPC4512	ログアウトしました。[SESSION=7630416341087983308015]  
6/23/2004	19:22:33	4	1	256	History	N/A	TPC4512	2004/06/23 19:22:33 TB0T1251INF TPC4512 HIST 0T sys_WebD [sys_WebDailyProc開始]  
6/23/2004	19:22:33	4	1	256	History	N/A	TPC4512	2004/06/23 19:22:33 TB0T1253INF TPC4512 HIST 0T sys_Swee [sys_Sweep_Daily開始]  
6/23/2004	19:22:38	4	1	256	History	N/A	TPC4512	2004/06/23 19:22:38 TB0T1254INF TPC4512 HIST 0T sys_Swee [sys_Sweep_Daily終了]  
6/23/2004	19:22:38	4	1	256	History	N/A	TPC4512	2004/06/23 19:22:38 TB0T1255INF TPC4512 HIST 0T sys_Save [sys_SaveFiles開始]  
6/23/2004	19:24:08	4	1	256	History	N/A	TPC4512	2004/06/23 19:24:08 TB0T1256INF TPC4512 HIST 0T sys_Save [sys_SaveFiles終了]  
6/23/2004	19:24:09	4	1	256	History	N/A	TPC4512	2004/06/23 19:24:09 TB0T1252INF TPC4512 HIST 0T sys_WebD [sys_WebDailyProc終了]  
6/23/2004	19:33:40	4	1	256	History	N/A	TPC4512	[PDFCREATE] 処理を開始します  
6/23/2004	19:37:20	4	1	256	History	N/A	TPC4512	[操作店=001  ユーザＩＤ=0000001  セッション=76301364441087986986078 ] ログインしました。  
6/23/2004	19:39:52	2	1	257	History	N/A	TPC4512	from [ 172.24.91.117 N/A ] セッションが存在しません（タイムアウト）  
6/23/2004	19:40:10	4	1	256	History	N/A	TPC4512	ログアウトしました。[SESSION=76301364441087986986078]  
6/23/2004	19:40:24	4	1	256	History	N/A	TPC4512	ログアウトしました。[SESSION=76301364441087986986078]  
6/23/2004	19:40:30	4	1	256	History	N/A	TPC4512	ログアウトしました。[SESSION=76301364441087986986078]  
6/23/2004	19:48:50	1	1	258	History	N/A	TPC4512	from PDFCREATE java.sql.SQLException: ソケットから読み込むデータはこれ以上ありません。  	at oracle.jdbc.dbaccess.DBError.throwSqlException(DBError.java:134)  	at oracle.jdbc.dbaccess.DBError.throwSqlException(DBError.java:179)  	at oracle.jdbc.dbaccess.DBError.check_error(DBError.java:1160)  	at oracle.jdbc.ttc7.MAREngine.unmarshalUB1(MAREngine.java:963)  	at oracle.jdbc.ttc7.MAREngine.unmarshalSB1(MAREngine.java:893)  	at oracle.jdbc.ttc7.Oall7.receive(Oall7.java:369)  	at oracle.jdbc.ttc7.TTC7Protocol.doOall7(TTC7Protocol.java:1891)  	at oracle.jdbc.ttc7.TTC7Protocol.parseExecuteFetch(TTC7Protocol.java:1093)  	at oracle.jdbc.driver.OracleStatement.executeNonQuery(OracleStatement.java:2047)  	at oracle.jdbc.driver.OracleStatement.doExecuteOther(OracleStatement.java:1940)  	at oracle.jdbc.driver.OracleStatement.doExecuteWithTimeout(OracleStatement.java:2709)  	at oracle.jdbc.driver.OraclePreparedStatement.executeUpdate(OraclePreparedStatement.java:589)  	at oracle.jdbc.driver.OraclePreparedStatement.execute(OraclePreparedStatement.java:656)  	at jm2.aqproxy.BaseAqProxy.getbyCorreId(BaseAqProxy.java:268)  	at history.aqproxy.PDFCreateResProxy.receiveMessage(PDFCreateResProxy.java:78)  	at history.listener.PDFCreateListener.subOperate(PDFCreateListener.java:82)  	at history.listener.BaseListener.run(BaseListener.java:248)  SQLState : null  ErrorCode : 17410  
6/23/2004	19:48:50	1	1	258	History	N/A	TPC4512	from PDFCREATE jm2.common.UnexpectedException: java.sql.SQLException: ソケットから読み込むデータはこれ以上ありません。 getbyCorreId CorrID[null] OracleErrCode[17410]  	at jm2.aqproxy.BaseAqProxy.getbyCorreId(BaseAqProxy.java:298)  	at history.aqproxy.PDFCreateResProxy.receiveMessage(PDFCreateResProxy.java:78)  	at history.listener.PDFCreateListener.subOperate(PDFCreateListener.java:82)  	at history.listener.BaseListener.run(BaseListener.java:248)    
6/23/2004	19:48:50	2	1	257	History	N/A	TPC4512	from PDFCREATE ソケットから読み込むデータはこれ以上ありません。SQLState : null  ErrorCode : 17410    
6/23/2004	19:48:50	2	1	257	History	N/A	TPC4512	from PDFCREATE java.sql.SQLException: ソケットから読み込むデータはこれ以上ありません。  
6/23/2004	19:48:50	1	1	258	History	N/A	TPC4512	[PDFCREATE] 異常終了します  
6/23/2004	20:35:39	4	1	256	History	N/A	TPC4512	2004/06/23 20:35:39 TB0T1101INF TPC4512 HIST 0T sys_WebE [sys_WebEnd開始]  
6/23/2004	20:35:44	4	1	256	History	N/A	TPC4512	2004/06/23 20:35:43 TB0T1104INF TPC4512 HIST 0T sys_WebE [sys_WebEnd終了（シャットダウン）]  
6/23/2004	20:42:56	4	1	256	History	N/A	TPC4512	2004/06/23 20:42:56 TB0T1001INF TPC4512 HIST 0T sys_WebS [sys_WebStart開始]  
6/23/2004	20:43:17	4	1	256	History	N/A	TPC4512	Context 初期化: Version=2.3  
6/23/2004	20:43:17	4	1	256	History	N/A	TPC4512	Context 初期化 ログインユーザテーブル初期化完了  
6/23/2004	20:46:35	4	1	256	History	N/A	TPC4512	[PDFCREATE] 処理を開始します  
6/23/2004	20:46:41	4	1	256	History	N/A	TPC4512	2004/06/23 20:46:41 TB0T1002INF TPC4512 HIST 0T sys_WebS [sys_WebStart終了]  
6/23/2004	23:30:00	4	1	256	History	N/A	TPC4512	2004/06/23 23:30:00 TB0T1251INF TPC4512 HIST 0T sys_WebD [sys_WebDailyProc開始]  
6/23/2004	23:30:00	4	1	256	History	N/A	TPC4512	2004/06/23 23:30:00 TB0T1253INF TPC4512 HIST 0T sys_Swee [sys_Sweep_Daily開始]  
6/23/2004	23:30:04	4	1	256	History	N/A	TPC4512	2004/06/23 23:30:04 TB0T1254INF TPC4512 HIST 0T sys_Swee [sys_Sweep_Daily終了]  
6/23/2004	23:30:05	4	1	256	History	N/A	TPC4512	2004/06/23 23:30:05 TB0T1255INF TPC4512 HIST 0T sys_Save [sys_SaveFiles開始]  
6/23/2004	23:31:38	4	1	256	History	N/A	TPC4512	2004/06/23 23:31:38 TB0T1256INF TPC4512 HIST 0T sys_Save [sys_SaveFiles終了]  
6/23/2004	23:31:39	4	1	256	History	N/A	TPC4512	2004/06/23 23:31:38 TB0T1252INF TPC4512 HIST 0T sys_WebD [sys_WebDailyProc終了]  
6/24/2004	11:51:18	4	1	256	History	N/A	TPC4512	[操作店=001  ユーザＩＤ=0000001  セッション=76301366781088045478281 ] ログインしました。  
6/24/2004	11:51:23	4	1	256	History	N/A	TPC4512	ログアウトしました。[SESSION=76301366781088045478281]  
6/24/2004	11:51:29	4	1	256	History	N/A	TPC4512	ログアウトしました。[SESSION=76301366781088045478281]  
6/24/2004	11:51:38	4	1	256	History	N/A	TPC4512	[操作店=001  ユーザＩＤ=0000001  セッション=76301428341088045498031 ] ログインしました。  
6/24/2004	11:51:49	4	1	256	History	N/A	TPC4512	ログアウトしました。[SESSION=76301428341088045498031]  
6/24/2004	11:51:55	4	1	256	History	N/A	TPC4512	ログアウトしました。[SESSION=76301428341088045498031]  
6/24/2004	12:03:16	4	1	256	History	N/A	TPC4512	Context 初期化: Version=2.3  
6/24/2004	12:03:16	4	1	256	History	N/A	TPC4512	Context 初期化 ログインユーザテーブル初期化完了  
6/24/2004	12:04:02	4	1	256	History	N/A	TPC4512	[操作店=001  ユーザＩＤ=0000001  セッション=7630980661088046242703 ] ログインしました。  
6/24/2004	12:04:05	4	1	256	History	N/A	TPC4512	ログアウトしました。[SESSION=7630980661088046242703]  
6/24/2004	12:04:11	4	1	256	History	N/A	TPC4512	ログアウトしました。[SESSION=7630980661088046242703]  
6/24/2004	12:05:43	4	1	256	History	N/A	TPC4512	Context 初期化: Version=2.3  
6/24/2004	12:05:43	4	1	256	History	N/A	TPC4512	Context 初期化 ログインユーザテーブル初期化完了  
6/24/2004	12:05:50	4	1	256	History	N/A	TPC4512	[操作店=001  ユーザＩＤ=0000001  セッション=76301339781088046350328 ] ログインしました。  
6/24/2004	12:10:50	4	1	256	History	N/A	TPC4512	Context 初期化: Version=2.3  
6/24/2004	12:10:50	4	1	256	History	N/A	TPC4512	Context 初期化 ログインユーザテーブル初期化完了  
6/24/2004	12:11:06	4	1	256	History	N/A	TPC4512	[操作店=001  ユーザＩＤ=0000001  セッション=76302082521088046666203 ] ログインしました。  
6/24/2004	12:11:06	1	1	258	History	N/A	TPC4512	from [ 172.24.91.117 N/A ] javax.servlet.ServletException: 3 error(s) found in /jsp/history/menu/menu.jsp  (36) ページ /jsp/history/common/MoveLogout.jsp は見つかりませんでした  (62) ページ /jsp/history/common/style.jsp は見つかりませんでした  (67) ページ /jsp/history/common/menu.jsp は見つかりませんでした    	at jrun.jsp.Translator.parsePage(Translator.java:147)  	at jrun.jsp.Translator.translate(Translator.java:252)  	at jrun.jsp.Translator.translate(Translator.java:101)  	at jrun.jsp.JSPEngine.translateJSP(JSPEngine.java:693)  	at jrun.jsp.JSPServlet.translate(JSPServlet.java:125)  	at jrun.jsp.JSPServlet.service(JSPServlet.java:113)  	at jrun.servlet.ServletInvoker.invoke(ServletInvoker.java:91)  	at jrun.servlet.JRunInvokerChain.invokeNext(JRunInvokerChain.java:42)  	at jrun.servlet.JRunRequestDispatcher.invokeNext(JRunRequestDispatcher.java:439)  	at jrun.servlet.JRunRequestDispatcher.forwardInvoke(JRunRequestDispatcher.java:409)  	at jrun.servlet.JRunRequestDispatcher.forward(JRunRequestDispatcher.java:178)  	at jm2.control.ControlServlet.execute(ControlServlet.java:216)  	at jm2.control.ControlServlet.doGet(ControlServlet.java:68)  	at javax.servlet.http.HttpServlet.service(HttpServlet.java:740)  	at javax.servlet.http.HttpServlet.service(HttpServlet.java:853)  	at jrun.servlet.ServletInvoker.invoke(ServletInvoker.java:91)  	at jrun.servlet.JRunInvokerChain.invokeNext(JRunInvokerChain.java:42)  	at jrun.servlet.JRunRequestDispatcher.invoke(JRunRequestDispatcher.java:252)  	at jrun.servlet.ServletEngineService.dispatch(ServletEngineService.java:527)  	at jrun.servlet.jrpp.JRunProxyService.invokeRunnable(JRunProxyService.java:207)  	at jrunx.scheduler.ThreadPool$DownstreamMetrics.invokeRunnable(ThreadPool.java:348)  	at jrunx.scheduler.ThreadPool$ThreadThrottle.invokeRunnable(ThreadPool.java:451)  	at jrunx.scheduler.ThreadPool$UpstreamMetrics.invokeRunnable(ThreadPool.java:294)  	at jrunx.scheduler.WorkerThread.run(WorkerThread.java:66)    
6/24/2004	12:11:06	1	1	258	History	N/A	TPC4512	from [ 172.24.91.117 N/A ] jm2.common.UnexpectedException: javax.servlet.ServletException: 3 error(s) found in /jsp/history/menu/menu.jsp  (36) ページ /jsp/history/common/MoveLogout.jsp は見つかりませんでした  (62) ページ /jsp/history/common/style.jsp は見つかりませんでした  (67) ページ /jsp/history/common/menu.jsp は見つかりませんでした   76302082521088046666203  	at jm2.control.ControlServlet.execute(ControlServlet.java:240)  	at jm2.control.ControlServlet.doGet(ControlServlet.java:68)  	at javax.servlet.http.HttpServlet.service(HttpServlet.java:740)  	at javax.servlet.http.HttpServlet.service(HttpServlet.java:853)  	at jrun.servlet.ServletInvoker.invoke(ServletInvoker.java:91)  	at jrun.servlet.JRunInvokerChain.invokeNext(JRunInvokerChain.java:42)  	at jrun.servlet.JRunRequestDispatcher.invoke(JRunRequestDispatcher.java:252)  	at jrun.servlet.ServletEngineService.dispatch(ServletEngineService.java:527)  	at jrun.servlet.jrpp.JRunProxyService.invokeRunnable(JRunProxyService.java:207)  	at jrunx.scheduler.ThreadPool$DownstreamMetrics.invokeRunnable(ThreadPool.java:348)  	at jrunx.scheduler.ThreadPool$ThreadThrottle.invokeRunnable(ThreadPool.java:451)  	at jrunx.scheduler.ThreadPool$UpstreamMetrics.invokeRunnable(ThreadPool.java:294)  	at jrunx.scheduler.WorkerThread.run(WorkerThread.java:66)    
6/24/2004	12:11:06	1	1	258	History	N/A	TPC4512	from [ 172.24.91.117 N/A ] javax.servlet.ServletException: 1 error(s) found in /jsp/common/Error.jsp  (14) ページ /jsp/history/common/style.jsp は見つかりませんでした    	at jrun.jsp.Translator.parsePage(Translator.java:147)  	at jrun.jsp.Translator.translate(Translator.java:252)  	at jrun.jsp.Translator.translate(Translator.java:101)  	at jrun.jsp.JSPEngine.translateJSP(JSPEngine.java:693)  	at jrun.jsp.JSPServlet.translate(JSPServlet.java:125)  	at jrun.jsp.JSPServlet.service(JSPServlet.java:113)  	at jrun.servlet.ServletInvoker.invoke(ServletInvoker.java:91)  	at jrun.servlet.JRunInvokerChain.invokeNext(JRunInvokerChain.java:42)  	at jrun.servlet.JRunRequestDispatcher.invokeNext(JRunRequestDispatcher.java:439)  	at jrun.servlet.JRunRequestDispatcher.forwardInvoke(JRunRequestDispatcher.java:409)  	at jrun.servlet.JRunRequestDispatcher.forward(JRunRequestDispatcher.java:178)  	at jm2.control.ControlServlet.execute(ControlServlet.java:272)  	at jm2.control.ControlServlet.doGet(ControlServlet.java:68)  	at javax.servlet.http.HttpServlet.service(HttpServlet.java:740)  	at javax.servlet.http.HttpServlet.service(HttpServlet.java:853)  	at jrun.servlet.ServletInvoker.invoke(ServletInvoker.java:91)  	at jrun.servlet.JRunInvokerChain.invokeNext(JRunInvokerChain.java:42)  	at jrun.servlet.JRunRequestDispatcher.invoke(JRunRequestDispatcher.java:252)  	at jrun.servlet.ServletEngineService.dispatch(ServletEngineService.java:527)  	at jrun.servlet.jrpp.JRunProxyService.invokeRunnable(JRunProxyService.java:207)  	at jrunx.scheduler.ThreadPool$DownstreamMetrics.invokeRunnable(ThreadPool.java:348)  	at jrunx.scheduler.ThreadPool$ThreadThrottle.invokeRunnable(ThreadPool.java:451)  	at jrunx.scheduler.ThreadPool$UpstreamMetrics.invokeRunnable(ThreadPool.java:294)  	at jrunx.scheduler.WorkerThread.run(WorkerThread.java:66)    
6/24/2004	12:11:06	1	1	258	History	N/A	TPC4512	from [ 172.24.91.117 N/A ] jm2.common.UnexpectedException: javax.servlet.ServletException: 1 error(s) found in /jsp/common/Error.jsp  (14) ページ /jsp/history/common/style.jsp は見つかりませんでした   76302082521088046666203  	at jm2.control.ControlServlet.execute(ControlServlet.java:283)  	at jm2.control.ControlServlet.doGet(ControlServlet.java:68)  	at javax.servlet.http.HttpServlet.service(HttpServlet.java:740)  	at javax.servlet.http.HttpServlet.service(HttpServlet.java:853)  	at jrun.servlet.ServletInvoker.invoke(ServletInvoker.java:91)  	at jrun.servlet.JRunInvokerChain.invokeNext(JRunInvokerChain.java:42)  	at jrun.servlet.JRunRequestDispatcher.invoke(JRunRequestDispatcher.java:252)  	at jrun.servlet.ServletEngineService.dispatch(ServletEngineService.java:527)  	at jrun.servlet.jrpp.JRunProxyService.invokeRunnable(JRunProxyService.java:207)  	at jrunx.scheduler.ThreadPool$DownstreamMetrics.invokeRunnable(ThreadPool.java:348)  	at jrunx.scheduler.ThreadPool$ThreadThrottle.invokeRunnable(ThreadPool.java:451)  	at jrunx.scheduler.ThreadPool$UpstreamMetrics.invokeRunnable(ThreadPool.java:294)  	at jrunx.scheduler.WorkerThread.run(WorkerThread.java:66)    
6/24/2004	12:13:16	4	1	256	History	N/A	TPC4512	Context 初期化: Version=2.3  
6/24/2004	12:13:17	4	1	256	History	N/A	TPC4512	Context 初期化 ログインユーザテーブル初期化完了  
6/24/2004	12:13:22	1	1	258	History	N/A	TPC4512	from [ 172.24.91.117 N/A ] javax.servlet.ServletException: 3 error(s) found in /jsp/history/menu/menu.jsp  (36) ページ /jsp/history/common/MoveLogout.jsp は見つかりませんでした  (62) ページ /jsp/history/common/style.jsp は見つかりませんでした  (67) ページ /jsp/history/common/menu.jsp は見つかりませんでした    	at jrun.jsp.Translator.parsePage(Translator.java:147)  	at jrun.jsp.Translator.translate(Translator.java:252)  	at jrun.jsp.Translator.translate(Translator.java:101)  	at jrun.jsp.JSPEngine.translateJSP(JSPEngine.java:693)  	at jrun.jsp.JSPServlet.translate(JSPServlet.java:125)  	at jrun.jsp.JSPServlet.service(JSPServlet.java:113)  	at jrun.servlet.ServletInvoker.invoke(ServletInvoker.java:91)  	at jrun.servlet.JRunInvokerChain.invokeNext(JRunInvokerChain.java:42)  	at jrun.servlet.JRunRequestDispatcher.invokeNext(JRunRequestDispatcher.java:439)  	at jrun.servlet.JRunRequestDispatcher.forwardInvoke(JRunRequestDispatcher.java:409)  	at jrun.servlet.JRunRequestDispatcher.forward(JRunRequestDispatcher.java:178)  	at jm2.control.ControlServlet.execute(ControlServlet.java:216)  	at jm2.control.ControlServlet.doGet(ControlServlet.java:68)  	at javax.servlet.http.HttpServlet.service(HttpServlet.java:740)  	at javax.servlet.http.HttpServlet.service(HttpServlet.java:853)  	at jrun.servlet.ServletInvoker.invoke(ServletInvoker.java:91)  	at jrun.servlet.JRunInvokerChain.invokeNext(JRunInvokerChain.java:42)  	at jrun.servlet.JRunRequestDispatcher.invoke(JRunRequestDispatcher.java:252)  	at jrun.servlet.ServletEngineService.dispatch(ServletEngineService.java:527)  	at jrun.servlet.jrpp.JRunProxyService.invokeRunnable(JRunProxyService.java:207)  	at jrunx.scheduler.ThreadPool$DownstreamMetrics.invokeRunnable(ThreadPool.java:348)  	at jrunx.scheduler.ThreadPool$ThreadThrottle.invokeRunnable(ThreadPool.java:451)  	at jrunx.scheduler.ThreadPool$UpstreamMetrics.invokeRunnable(ThreadPool.java:294)  	at jrunx.scheduler.WorkerThread.run(WorkerThread.java:66)    
6/24/2004	12:13:22	1	1	258	History	N/A	TPC4512	from [ 172.24.91.117 N/A ] jm2.common.UnexpectedException: javax.servlet.ServletException: 3 error(s) found in /jsp/history/menu/menu.jsp  (36) ページ /jsp/history/common/MoveLogout.jsp は見つかりませんでした  (62) ページ /jsp/history/common/style.jsp は見つかりませんでした  (67) ページ /jsp/history/common/menu.jsp は見つかりませんでした   7630732011088046801765  	at jm2.control.ControlServlet.execute(ControlServlet.java:240)  	at jm2.control.ControlServlet.doGet(ControlServlet.java:68)  	at javax.servlet.http.HttpServlet.service(HttpServlet.java:740)  	at javax.servlet.http.HttpServlet.service(HttpServlet.java:853)  	at jrun.servlet.ServletInvoker.invoke(ServletInvoker.java:91)  	at jrun.servlet.JRunInvokerChain.invokeNext(JRunInvokerChain.java:42)  	at jrun.servlet.JRunRequestDispatcher.invoke(JRunRequestDispatcher.java:252)  	at jrun.servlet.ServletEngineService.dispatch(ServletEngineService.java:527)  	at jrun.servlet.jrpp.JRunProxyService.invokeRunnable(JRunProxyService.java:207)  	at jrunx.scheduler.ThreadPool$DownstreamMetrics.invokeRunnable(ThreadPool.java:348)  	at jrunx.scheduler.ThreadPool$ThreadThrottle.invokeRunnable(ThreadPool.java:451)  	at jrunx.scheduler.ThreadPool$UpstreamMetrics.invokeRunnable(ThreadPool.java:294)  	at jrunx.scheduler.WorkerThread.run(WorkerThread.java:66)    
6/24/2004	12:13:22	1	1	258	History	N/A	TPC4512	from [ 172.24.91.117 N/A ] javax.servlet.ServletException: 1 error(s) found in /jsp/common/Error.jsp  (14) ページ /jsp/history/common/style.jsp は見つかりませんでした    	at jrun.jsp.Translator.parsePage(Translator.java:147)  	at jrun.jsp.Translator.translate(Translator.java:252)  	at jrun.jsp.Translator.translate(Translator.java:101)  	at jrun.jsp.JSPEngine.translateJSP(JSPEngine.java:693)  	at jrun.jsp.JSPServlet.translate(JSPServlet.java:125)  	at jrun.jsp.JSPServlet.service(JSPServlet.java:113)  	at jrun.servlet.ServletInvoker.invoke(ServletInvoker.java:91)  	at jrun.servlet.JRunInvokerChain.invokeNext(JRunInvokerChain.java:42)  	at jrun.servlet.JRunRequestDispatcher.invokeNext(JRunRequestDispatcher.java:439)  	at jrun.servlet.JRunRequestDispatcher.forwardInvoke(JRunRequestDispatcher.java:409)  	at jrun.servlet.JRunRequestDispatcher.forward(JRunRequestDispatcher.java:178)  	at jm2.control.ControlServlet.execute(ControlServlet.java:272)  	at jm2.control.ControlServlet.doGet(ControlServlet.java:68)  	at javax.servlet.http.HttpServlet.service(HttpServlet.java:740)  	at javax.servlet.http.HttpServlet.service(HttpServlet.java:853)  	at jrun.servlet.ServletInvoker.invoke(ServletInvoker.java:91)  	at jrun.servlet.JRunInvokerChain.invokeNext(JRunInvokerChain.java:42)  	at jrun.servlet.JRunRequestDispatcher.invoke(JRunRequestDispatcher.java:252)  	at jrun.servlet.ServletEngineService.dispatch(ServletEngineService.java:527)  	at jrun.servlet.jrpp.JRunProxyService.invokeRunnable(JRunProxyService.java:207)  	at jrunx.scheduler.ThreadPool$DownstreamMetrics.invokeRunnable(ThreadPool.java:348)  	at jrunx.scheduler.ThreadPool$ThreadThrottle.invokeRunnable(ThreadPool.java:451)  	at jrunx.scheduler.ThreadPool$UpstreamMetrics.invokeRunnable(ThreadPool.java:294)  	at jrunx.scheduler.WorkerThread.run(WorkerThread.java:66)    
6/24/2004	12:13:22	1	1	258	History	N/A	TPC4512	from [ 172.24.91.117 N/A ] jm2.common.UnexpectedException: javax.servlet.ServletException: 1 error(s) found in /jsp/common/Error.jsp  (14) ページ /jsp/history/common/style.jsp は見つかりませんでした   7630732011088046801765  	at jm2.control.ControlServlet.execute(ControlServlet.java:283)  	at jm2.control.ControlServlet.doGet(ControlServlet.java:68)  	at javax.servlet.http.HttpServlet.service(HttpServlet.java:740)  	at javax.servlet.http.HttpServlet.service(HttpServlet.java:853)  	at jrun.servlet.ServletInvoker.invoke(ServletInvoker.java:91)  	at jrun.servlet.JRunInvokerChain.invokeNext(JRunInvokerChain.java:42)  	at jrun.servlet.JRunRequestDispatcher.invoke(JRunRequestDispatcher.java:252)  	at jrun.servlet.ServletEngineService.dispatch(ServletEngineService.java:527)  	at jrun.servlet.jrpp.JRunProxyService.invokeRunnable(JRunProxyService.java:207)  	at jrunx.scheduler.ThreadPool$DownstreamMetrics.invokeRunnable(ThreadPool.java:348)  	at jrunx.scheduler.ThreadPool$ThreadThrottle.invokeRunnable(ThreadPool.java:451)  	at jrunx.scheduler.ThreadPool$UpstreamMetrics.invokeRunnable(ThreadPool.java:294)  	at jrunx.scheduler.WorkerThread.run(WorkerThread.java:66)    
6/24/2004	12:20:00	4	1	256	History	N/A	TPC4512	Context 初期化: Version=2.3  
6/24/2004	12:20:00	4	1	256	History	N/A	TPC4512	Context 初期化 ログインユーザテーブル初期化完了  
6/24/2004	12:21:50	4	1	256	History	N/A	TPC4512	Context 初期化: Version=2.3  
6/24/2004	12:21:50	4	1	256	History	N/A	TPC4512	Context 初期化 ログインユーザテーブル初期化完了  
6/24/2004	12:26:29	4	1	256	History	N/A	TPC4512	Context 初期化: Version=2.3  
6/24/2004	12:26:29	4	1	256	History	N/A	TPC4512	Context 初期化 ログインユーザテーブル初期化完了  
6/24/2004	12:27:33	4	1	256	History	N/A	TPC4512	[操作店=001  ユーザＩＤ=0000001  セッション=76302171461088047653828 ] ログインしました。  
6/24/2004	12:27:52	4	1	256	History	N/A	TPC4512	ログアウトしました。[SESSION=76302171461088047653828]  
6/24/2004	12:27:58	4	1	256	History	N/A	TPC4512	ログアウトしました。[SESSION=76302171461088047653828]  
6/24/2004	13:24:07	4	1	256	History	N/A	TPC4512	Context 初期化: Version=2.3  
6/24/2004	13:24:07	4	1	256	History	N/A	TPC4512	Context 初期化 ログインユーザテーブル初期化完了  
6/24/2004	13:29:14	4	1	256	History	N/A	TPC4512	Context 初期化: Version=2.3  
6/24/2004	13:29:14	4	1	256	History	N/A	TPC4512	Context 初期化 ログインユーザテーブル初期化完了  
6/24/2004	13:48:16	4	1	256	History	N/A	TPC4512	Context 初期化: Version=2.3  
6/24/2004	13:48:16	4	1	256	History	N/A	TPC4512	Context 初期化 ログインユーザテーブル初期化完了  
6/24/2004	13:50:10	4	1	256	History	N/A	TPC4512	Context 初期化: Version=2.3  
6/24/2004	13:50:10	4	1	256	History	N/A	TPC4512	Context 初期化 ログインユーザテーブル初期化完了  
6/24/2004	15:34:44	4	1	256	History	N/A	TPC4512	[操作店=001  ユーザＩＤ=0000001  セッション=76303122051088058883906 ] ログインしました。  
6/24/2004	15:35:02	4	1	256	History	N/A	TPC4512	ログアウトしました。[SESSION=76303122051088058883906]  
6/24/2004	15:35:08	4	1	256	History	N/A	TPC4512	ログアウトしました。[SESSION=76303122051088058883906]  
6/24/2004	16:24:45	4	1	256	History	N/A	TPC4512	[操作店=001  ユーザＩＤ=0000001  セッション=7630696711088061885812 ] ログインしました。  
6/24/2004	16:34:49	4	1	256	History	N/A	TPC4512	ログアウトしました。[SESSION=7630696711088061885812]  
6/24/2004	16:36:50	4	1	256	History	N/A	TPC4512	[操作店=001  ユーザＩＤ=0000001  セッション=7630696711088061885812 ] ログインしました。  
6/24/2004	16:46:51	4	1	256	History	N/A	TPC4512	ログアウトしました。[SESSION=7630696711088061885812]  
6/24/2004	16:46:56	4	1	256	History	N/A	TPC4512	ログアウトしました。[SESSION=7630696711088061885812]  
6/24/2004	18:35:31	4	1	256	History	N/A	TPC4512	[操作店=001  ユーザＩＤ=0000001  セッション=76302841521088069731031 ] ログインしました。  
6/24/2004	18:35:52	4	1	256	History	N/A	TPC4512	ログアウトしました。[SESSION=76302841521088069731031]  
6/24/2004	18:36:01	4	1	256	History	N/A	TPC4512	ログアウトしました。[SESSION=76302841521088069731031]  
6/24/2004	18:36:19	4	1	256	History	N/A	TPC4512	[操作店=001  ユーザＩＤ=0000002  セッション=76302841521088069731031 ] ログインしました。  
6/24/2004	19:16:43	4	1	256	History	N/A	TPC4512	ログアウトしました。[SESSION=76302841521088069731031]  
6/24/2004	23:30:00	4	1	256	History	N/A	TPC4512	2004/06/24 23:30:00 TB0T1251INF TPC4512 HIST 0T sys_WebD [sys_WebDailyProc開始]  
6/24/2004	23:30:00	4	1	256	History	N/A	TPC4512	2004/06/24 23:30:00 TB0T1253INF TPC4512 HIST 0T sys_Swee [sys_Sweep_Daily開始]  
6/24/2004	23:30:04	4	1	256	History	N/A	TPC4512	2004/06/24 23:30:04 TB0T1254INF TPC4512 HIST 0T sys_Swee [sys_Sweep_Daily終了]  
6/24/2004	23:30:05	4	1	256	History	N/A	TPC4512	2004/06/24 23:30:05 TB0T1255INF TPC4512 HIST 0T sys_Save [sys_SaveFiles開始]  
6/24/2004	23:31:35	4	1	256	History	N/A	TPC4512	2004/06/24 23:31:35 TB0T1256INF TPC4512 HIST 0T sys_Save [sys_SaveFiles終了]  
6/24/2004	23:31:35	4	1	256	History	N/A	TPC4512	2004/06/24 23:31:35 TB0T1252INF TPC4512 HIST 0T sys_WebD [sys_WebDailyProc終了]  
6/25/2004	16:23:23	4	1	256	History	N/A	TPC4512	2004/06/25 16:23:23 TB0T1253INF TPC4512 HIST 0T sys_Swee [sys_Sweep_Daily開始]  
6/25/2004	16:23:27	4	1	256	History	N/A	TPC4512	2004/06/25 16:23:27 TB0T1254INF TPC4512 HIST 0T sys_Swee [sys_Sweep_Daily終了]  
6/25/2004	16:23:45	4	1	256	History	N/A	TPC4512	2004/06/25 16:23:45 TB0T1251INF TPC4512 HIST 0T sys_WebD [sys_WebDailyProc開始]  
6/25/2004	16:23:45	4	1	256	History	N/A	TPC4512	2004/06/25 16:23:45 TB0T1253INF TPC4512 HIST 0T sys_Swee [sys_Sweep_Daily開始]  
6/25/2004	16:23:50	4	1	256	History	N/A	TPC4512	2004/06/25 16:23:50 TB0T1254INF TPC4512 HIST 0T sys_Swee [sys_Sweep_Daily終了]  
6/25/2004	16:23:50	4	1	256	History	N/A	TPC4512	2004/06/25 16:23:50 TB0T1255INF TPC4512 HIST 0T sys_Save [sys_SaveFiles開始]  
