2004/06/08 18:44:07 Constractor Call ThreadName=[PDFCREATE]
2004/06/08 18:44:07 Init Call
2004/06/08 18:44:07 SYSTEM-EXIT-MODE
2004/06/08 18:44:07 THREAD-NORMAL-END !! 
2004/06/08 18:50:14 Constractor Call ThreadName=[PDFCREATE]
2004/06/08 18:50:15 Init Call
2004/06/08 18:50:15 SYSTEM-READY-MODE
2004/06/08 18:51:15 SYSTEM-OK-MODE
2004/06/08 18:51:15 Start Transaction
2004/06/08 18:51:25 Transaction RollBack
2004/06/08 18:51:25 Start Transaction
2004/06/08 18:51:36 Transaction RollBack
2004/06/08 18:51:36 Start Transaction
2004/06/08 18:51:46 Transaction RollBack
2004/06/08 18:51:46 Start Transaction
2004/06/08 18:51:56 Transaction RollBack
2004/06/08 18:51:56 Start Transaction
2004/06/08 18:52:07 Transaction RollBack
2004/06/08 18:52:07 Start Transaction
2004/06/08 18:52:17 Transaction RollBack
2004/06/08 18:52:17 Start Transaction
2004/06/08 18:52:27 Transaction RollBack
2004/06/08 18:52:27 Start Transaction
2004/06/08 18:52:38 Transaction RollBack
2004/06/08 18:52:38 Start Transaction
2004/06/08 18:52:48 Transaction RollBack
2004/06/08 18:52:48 Start Transaction
2004/06/08 18:52:58 Transaction RollBack
2004/06/08 18:52:58 Start Transaction
2004/06/08 18:53:09 Transaction RollBack
2004/06/08 18:53:09 Start Transaction
2004/06/08 18:53:19 Transaction RollBack
2004/06/08 18:53:19 Start Transaction
2004/06/08 18:53:29 Transaction RollBack
2004/06/08 18:53:29 Start Transaction
2004/06/08 18:53:40 Transaction RollBack
2004/06/08 18:53:40 Start Transaction
2004/06/08 18:53:50 Transaction RollBack
2004/06/08 18:53:50 Start Transaction
2004/06/08 18:54:00 Transaction RollBack
2004/06/08 18:54:00 Start Transaction
2004/06/08 18:54:11 Transaction RollBack
2004/06/08 18:54:11 Start Transaction
2004/06/08 18:54:21 Transaction RollBack
2004/06/08 18:54:21 Start Transaction
2004/06/08 18:54:31 Transaction RollBack
2004/06/08 18:54:31 Start Transaction
2004/06/08 18:54:42 Transaction RollBack
2004/06/08 18:54:42 Start Transaction
2004/06/08 18:54:52 Transaction RollBack
2004/06/08 18:54:52 Start Transaction
2004/06/08 18:55:02 Transaction RollBack
2004/06/08 18:55:02 Start Transaction
2004/06/08 18:55:13 Transaction RollBack
2004/06/08 18:55:13 Start Transaction
2004/06/08 18:55:23 Transaction RollBack
2004/06/08 18:55:23 Start Transaction
2004/06/08 18:55:33 Transaction RollBack
2004/06/08 18:55:33 Start Transaction
2004/06/08 18:55:44 Transaction RollBack
2004/06/08 18:55:44 Start Transaction
2004/06/08 18:55:54 Transaction RollBack
2004/06/08 18:55:54 Start Transaction
2004/06/08 18:56:04 Transaction RollBack
2004/06/08 18:56:04 Start Transaction
2004/06/08 18:56:15 Transaction RollBack
2004/06/08 18:56:15 Start Transaction
2004/06/08 18:56:25 Transaction RollBack
2004/06/08 18:56:25 Start Transaction
2004/06/08 18:56:35 Transaction RollBack
2004/06/08 18:56:35 Start Transaction
2004/06/08 18:56:46 Transaction RollBack
2004/06/08 18:56:46 Start Transaction
2004/06/08 18:56:56 Transaction RollBack
2004/06/08 18:56:56 Start Transaction
2004/06/08 18:57:06 Transaction RollBack
2004/06/08 18:57:06 Start Transaction
2004/06/08 18:57:17 Transaction RollBack
2004/06/08 18:57:17 Start Transaction
2004/06/08 18:57:27 Transaction RollBack
2004/06/08 18:57:27 Start Transaction
2004/06/08 18:57:37 Transaction RollBack
2004/06/08 18:57:37 Start Transaction
2004/06/08 18:57:48 Transaction RollBack
2004/06/08 18:57:48 Start Transaction
2004/06/08 18:57:58 Transaction RollBack
2004/06/08 18:57:58 Start Transaction
2004/06/08 18:58:08 Transaction RollBack
2004/06/08 18:58:08 Start Transaction
2004/06/08 18:58:19 Transaction RollBack
2004/06/08 18:58:19 Start Transaction
2004/06/08 18:58:29 Transaction RollBack
2004/06/08 18:58:29 Start Transaction
2004/06/08 18:58:39 Transaction RollBack
2004/06/08 18:58:39 Start Transaction
2004/06/08 18:58:50 Transaction RollBack
2004/06/08 18:58:50 Start Transaction
2004/06/08 18:59:00 Transaction RollBack
2004/06/08 18:59:00 Start Transaction
2004/06/08 18:59:10 Transaction RollBack
2004/06/08 18:59:11 Start Transaction
2004/06/08 18:59:21 Transaction RollBack
2004/06/08 18:59:21 Start Transaction
2004/06/08 18:59:31 Transaction RollBack
2004/06/08 18:59:31 Start Transaction
2004/06/08 18:59:41 Transaction RollBack
2004/06/08 18:59:41 Start Transaction
2004/06/08 18:59:52 Transaction RollBack
2004/06/08 18:59:52 Start Transaction
2004/06/08 19:00:02 Transaction RollBack
2004/06/08 19:00:02 Start Transaction
2004/06/08 19:00:12 Transaction RollBack
2004/06/08 19:00:13 Start Transaction
2004/06/08 19:00:23 Transaction RollBack
2004/06/08 19:00:23 Start Transaction
2004/06/08 19:00:33 Transaction RollBack
2004/06/08 19:00:33 Start Transaction
2004/06/08 19:00:44 Transaction RollBack
2004/06/08 19:00:44 Start Transaction
2004/06/08 19:00:54 Transaction RollBack
2004/06/08 19:00:54 Start Transaction
2004/06/08 19:01:04 Transaction RollBack
2004/06/08 19:01:04 Start Transaction
2004/06/08 19:01:15 Transaction RollBack
2004/06/08 19:01:15 Start Transaction
2004/06/08 19:01:25 Transaction RollBack
2004/06/08 19:01:25 Start Transaction
2004/06/08 19:01:35 Transaction RollBack
2004/06/08 19:01:35 Start Transaction
2004/06/08 19:01:46 Transaction RollBack
2004/06/08 19:01:46 Start Transaction
2004/06/08 19:01:56 Transaction RollBack
2004/06/08 19:01:56 Start Transaction
2004/06/08 19:02:06 Transaction RollBack
2004/06/08 19:02:06 Start Transaction
2004/06/08 19:02:17 Transaction RollBack
2004/06/08 19:02:17 Start Transaction
2004/06/08 19:02:27 Transaction RollBack
2004/06/08 19:02:27 Start Transaction
2004/06/08 19:02:37 Transaction RollBack
2004/06/08 19:02:37 Start Transaction
2004/06/08 19:02:48 Transaction RollBack
2004/06/08 19:02:48 Start Transaction
2004/06/08 19:02:58 Transaction RollBack
2004/06/08 19:02:58 Start Transaction
2004/06/08 19:03:08 Transaction RollBack
2004/06/08 19:03:08 Start Transaction
2004/06/08 19:03:19 Transaction RollBack
2004/06/08 19:03:19 Start Transaction
2004/06/08 19:03:29 Transaction RollBack
2004/06/08 19:03:29 Start Transaction
2004/06/08 19:03:39 Transaction RollBack
2004/06/08 19:03:39 Start Transaction
2004/06/08 19:03:50 Transaction RollBack
2004/06/08 19:03:50 Start Transaction
2004/06/08 19:04:00 Transaction RollBack
2004/06/08 19:04:00 Start Transaction
2004/06/08 19:04:10 Transaction RollBack
2004/06/08 19:04:10 Start Transaction
2004/06/08 19:04:21 Transaction RollBack
2004/06/08 19:04:21 Start Transaction
2004/06/08 19:04:31 Transaction RollBack
2004/06/08 19:04:31 Start Transaction
2004/06/08 19:04:41 Transaction RollBack
2004/06/08 19:04:41 Start Transaction
2004/06/08 19:04:52 Transaction RollBack
2004/06/08 19:04:52 Start Transaction
2004/06/08 19:05:02 Transaction RollBack
2004/06/08 19:05:02 Start Transaction
2004/06/08 19:05:12 Transaction RollBack
2004/06/08 19:05:12 Start Transaction
2004/06/08 19:05:22 Transaction RollBack
2004/06/08 19:05:23 Start Transaction
2004/06/08 19:05:33 Transaction RollBack
2004/06/08 19:05:33 Start Transaction
2004/06/08 19:05:43 Transaction RollBack
2004/06/08 19:05:43 Start Transaction
2004/06/08 19:05:53 Transaction RollBack
2004/06/08 19:05:54 Start Transaction
2004/06/08 19:06:04 Transaction RollBack
2004/06/08 19:06:04 Start Transaction
2004/06/08 19:06:14 Transaction RollBack
2004/06/08 19:06:14 Start Transaction
2004/06/08 19:06:25 Transaction RollBack
2004/06/08 19:06:25 Start Transaction
2004/06/08 19:06:35 Transaction RollBack
2004/06/08 19:06:35 Start Transaction
2004/06/08 19:06:45 Transaction RollBack
2004/06/08 19:06:45 Start Transaction
2004/06/08 19:06:56 Transaction RollBack
2004/06/08 19:06:56 Start Transaction
2004/06/08 19:07:06 Transaction RollBack
2004/06/08 19:07:06 Start Transaction
2004/06/08 19:07:16 Transaction RollBack
2004/06/08 19:07:16 Start Transaction
2004/06/08 19:07:27 Transaction RollBack
2004/06/08 19:07:27 Start Transaction
2004/06/08 19:07:37 Transaction RollBack
2004/06/08 19:07:37 Start Transaction
2004/06/08 19:07:47 Transaction RollBack
2004/06/08 19:07:47 Start Transaction
2004/06/08 19:07:58 Transaction RollBack
2004/06/08 19:07:58 Start Transaction
2004/06/08 19:08:08 Transaction RollBack
2004/06/08 19:08:08 Start Transaction
2004/06/08 19:08:18 Transaction RollBack
2004/06/08 19:08:18 Start Transaction
2004/06/08 19:08:29 Transaction RollBack
2004/06/08 19:08:29 Start Transaction
2004/06/08 19:08:39 Transaction RollBack
2004/06/08 19:08:39 Start Transaction
2004/06/08 19:08:50 Transaction RollBack
2004/06/08 19:08:50 Start Transaction
2004/06/08 19:09:00 Transaction RollBack
2004/06/08 19:09:00 Start Transaction
2004/06/08 19:09:11 Transaction RollBack
2004/06/08 19:09:11 Start Transaction
2004/06/08 19:09:21 Transaction RollBack
2004/06/08 19:09:21 Start Transaction
2004/06/08 19:09:31 Transaction RollBack
2004/06/08 19:09:32 Start Transaction
2004/06/08 19:09:42 Transaction RollBack
2004/06/08 19:09:42 Start Transaction
2004/06/08 19:09:52 Transaction RollBack
2004/06/08 19:09:53 Start Transaction
2004/06/08 19:10:03 Transaction RollBack
2004/06/08 19:10:03 Start Transaction
2004/06/08 19:10:13 Transaction RollBack
2004/06/08 19:10:14 Start Transaction
2004/06/08 19:10:24 Transaction RollBack
2004/06/08 19:10:24 Start Transaction
2004/06/08 19:10:34 Transaction RollBack
2004/06/08 19:10:34 Start Transaction
2004/06/08 19:10:45 Transaction RollBack
2004/06/08 19:10:45 Start Transaction
2004/06/08 19:10:55 Transaction RollBack
2004/06/08 19:10:55 Start Transaction
2004/06/08 19:11:06 Transaction RollBack
2004/06/08 19:11:06 Start Transaction
2004/06/08 19:11:16 Transaction RollBack
2004/06/08 19:11:16 Start Transaction
2004/06/08 19:11:27 Transaction RollBack
2004/06/08 19:11:27 Start Transaction
2004/06/08 19:11:37 Transaction RollBack
2004/06/08 19:11:37 Start Transaction
2004/06/08 19:11:48 Transaction RollBack
2004/06/08 19:11:48 Start Transaction
2004/06/08 19:11:58 Transaction RollBack
2004/06/08 19:11:58 Start Transaction
2004/06/08 19:12:09 Transaction RollBack
2004/06/08 19:12:09 Start Transaction
2004/06/08 19:12:19 Transaction RollBack
2004/06/08 19:12:19 Start Transaction
2004/06/08 19:12:29 Transaction RollBack
2004/06/08 19:12:30 Start Transaction
2004/06/08 19:12:40 Transaction RollBack
2004/06/08 19:12:40 Start Transaction
2004/06/08 19:12:50 Transaction RollBack
2004/06/08 19:12:50 Start Transaction
2004/06/08 19:13:01 Transaction RollBack
2004/06/08 19:13:01 Start Transaction
2004/06/08 19:13:11 Transaction RollBack
2004/06/08 19:13:11 Start Transaction
2004/06/08 19:13:22 Transaction RollBack
2004/06/08 19:13:22 Start Transaction
2004/06/08 19:13:32 Transaction RollBack
2004/06/08 19:13:32 Start Transaction
2004/06/08 19:13:42 Transaction RollBack
2004/06/08 19:13:43 Start Transaction
2004/06/08 19:13:53 Transaction RollBack
2004/06/08 19:13:53 Start Transaction
2004/06/08 19:14:03 Transaction RollBack
2004/06/08 19:14:03 Start Transaction
2004/06/08 19:14:14 Transaction RollBack
2004/06/08 19:14:14 Start Transaction
2004/06/08 19:14:24 Transaction RollBack
2004/06/08 19:14:24 Start Transaction
2004/06/08 19:14:34 Transaction RollBack
2004/06/08 19:14:35 Start Transaction
2004/06/08 19:14:45 Transaction RollBack
2004/06/08 19:14:45 Start Transaction
2004/06/08 19:14:55 Transaction RollBack
2004/06/08 19:14:55 Start Transaction
2004/06/08 19:15:06 Transaction RollBack
2004/06/08 19:15:06 Start Transaction
2004/06/08 19:15:16 Transaction RollBack
2004/06/08 19:15:16 Start Transaction
2004/06/08 19:15:27 Transaction RollBack
2004/06/08 19:15:27 Start Transaction
2004/06/08 19:15:37 Transaction RollBack
2004/06/08 19:15:37 Start Transaction
2004/06/08 19:15:47 Transaction RollBack
2004/06/08 19:15:47 Start Transaction
2004/06/08 19:15:58 Transaction RollBack
2004/06/08 19:15:58 Start Transaction
2004/06/08 19:16:08 Transaction RollBack
2004/06/08 19:16:08 Start Transaction
2004/06/08 19:16:19 Transaction RollBack
2004/06/08 19:16:19 Start Transaction
2004/06/08 19:16:29 Transaction RollBack
2004/06/08 19:16:29 Start Transaction
2004/06/08 19:16:39 Transaction RollBack
2004/06/08 19:16:40 Start Transaction
2004/06/08 19:16:50 Transaction RollBack
2004/06/08 19:16:50 Start Transaction
2004/06/08 19:17:00 Transaction RollBack
2004/06/08 19:17:00 Start Transaction
2004/06/08 19:17:11 Transaction RollBack
2004/06/08 19:17:11 Start Transaction
2004/06/08 19:17:21 Transaction RollBack
2004/06/08 19:17:21 Start Transaction
2004/06/08 19:17:32 Transaction RollBack
2004/06/08 19:17:32 Start Transaction
2004/06/08 19:17:42 Transaction RollBack
2004/06/08 19:17:42 Start Transaction
2004/06/08 19:17:52 Transaction RollBack
2004/06/08 19:17:53 Start Transaction
2004/06/08 19:18:03 Transaction RollBack
2004/06/08 19:18:03 Start Transaction
2004/06/08 19:18:13 Transaction RollBack
2004/06/08 19:18:13 Start Transaction
2004/06/08 19:18:24 Transaction RollBack
2004/06/08 19:18:24 Start Transaction
2004/06/08 19:18:34 Transaction RollBack
2004/06/08 19:18:34 Start Transaction
2004/06/08 19:18:44 Transaction RollBack
2004/06/08 19:18:45 Start Transaction
2004/06/08 19:18:55 Transaction RollBack
2004/06/08 19:18:55 Start Transaction
2004/06/08 19:19:05 Transaction RollBack
2004/06/08 19:19:05 Start Transaction
2004/06/08 19:19:16 Transaction RollBack
2004/06/08 19:19:19 Start Transaction
2004/06/08 19:19:29 Transaction RollBack
2004/06/08 19:19:33 Start Transaction
2004/06/08 19:19:43 Transaction RollBack
2004/06/08 19:19:46 Start Transaction
2004/06/08 19:19:56 Transaction RollBack
2004/06/08 19:20:00 Start Transaction
2004/06/08 19:20:10 Transaction RollBack
2004/06/08 19:20:13 Start Transaction
2004/06/08 19:20:24 Transaction RollBack
2004/06/08 19:20:27 Start Transaction
2004/06/08 19:20:37 Transaction RollBack
2004/06/08 19:20:40 Start Transaction
2004/06/08 19:20:51 Transaction RollBack
2004/06/08 19:20:51 Start Transaction
2004/06/08 19:21:01 Transaction RollBack
2004/06/08 19:21:01 Start Transaction
2004/06/08 19:21:11 Transaction RollBack
2004/06/08 19:21:11 Start Transaction
2004/06/08 19:21:22 Transaction RollBack
2004/06/08 19:21:22 Start Transaction
2004/06/08 19:21:32 Transaction RollBack
2004/06/08 19:21:32 Start Transaction
2004/06/08 19:21:42 Transaction RollBack
2004/06/08 19:21:42 Start Transaction
2004/06/08 19:21:53 Transaction RollBack
2004/06/08 19:21:53 Start Transaction
2004/06/08 19:22:03 Transaction RollBack
2004/06/08 19:22:03 Start Transaction
2004/06/08 19:22:13 Transaction RollBack
2004/06/08 19:22:13 Start Transaction
2004/06/08 19:22:24 Transaction RollBack
2004/06/08 19:22:24 Start Transaction
2004/06/08 19:22:34 Transaction RollBack
2004/06/08 19:22:34 Start Transaction
2004/06/08 19:22:44 Transaction RollBack
2004/06/08 19:22:44 Start Transaction
2004/06/08 19:22:55 Transaction RollBack
2004/06/08 19:22:55 Start Transaction
2004/06/08 19:23:05 Transaction RollBack
2004/06/08 19:23:05 Start Transaction
2004/06/08 19:23:15 Transaction RollBack
2004/06/08 19:23:15 Start Transaction
2004/06/08 19:23:26 Transaction RollBack
2004/06/08 19:23:26 Start Transaction
2004/06/08 19:23:36 Transaction RollBack
2004/06/08 19:23:36 Start Transaction
2004/06/08 19:23:46 Transaction RollBack
2004/06/08 19:23:46 Start Transaction
