2004/06/10 11:00:47 ListenerSupervisor は正常に起動しました。
2004/06/10 11:00:48 QueueListeners3: 
jm2.common.UnexpectedException: java.sql.SQLException: ORA-06550: 行1、列13:
PLS-00201: 識別子PACK_AQ.FUNC_DEQUEUE_GETを宣言してください。
ORA-06550: 行1、列7:
PL/SQL: Statement ignored

getbyCorreId CorrID[null] OracleErrCode[6550]
	at jm2.aqproxy.BaseAqProxy.getbyCorreId(BaseAqProxy.java:298)
	at history.aqproxy.PDFCreateResProxy.receiveMessage(PDFCreateResProxy.java:78)
	at history.listener.PDFCreateListener.subOperate(PDFCreateListener.java:82)
	at history.listener.BaseListener.run(BaseListener.java:248)

2004/06/10 11:00:57 スレッド PDFCREATE の停止を検出しました。処理を終了します。
2004/06/10 11:00:57 ListenerSupervisor は正常終了しました。
2004/06/10 12:57:32 ListenerSupervisor は正常に起動しました。
2004/06/10 12:57:33 QueueListeners3: 
jm2.common.UnexpectedException: java.sql.SQLException: ORA-21000: -25226のRAISE_APPLICATION_ERRORに対するエラー引数が範囲外です。
ORA-06512: "TRHIST.PACK_AQ", 行532
ORA-06512: 行1

getbyCorreId CorrID[null] OracleErrCode[21000]
	at jm2.aqproxy.BaseAqProxy.getbyCorreId(BaseAqProxy.java:298)
	at history.aqproxy.PDFCreateResProxy.receiveMessage(PDFCreateResProxy.java:78)
	at history.listener.PDFCreateListener.subOperate(PDFCreateListener.java:82)
	at history.listener.BaseListener.run(BaseListener.java:248)

2004/06/10 12:57:42 スレッド PDFCREATE の停止を検出しました。処理を終了します。
2004/06/10 12:57:42 ListenerSupervisor は正常終了しました。
2004/06/10 12:57:44 ListenerSupervisor は正常に起動しました。
2004/06/10 12:57:45 QueueListeners3: 
jm2.common.UnexpectedException: java.sql.SQLException: ORA-21000: -25226のRAISE_APPLICATION_ERRORに対するエラー引数が範囲外です。
ORA-06512: "TRHIST.PACK_AQ", 行532
ORA-06512: 行1

getbyCorreId CorrID[null] OracleErrCode[21000]
	at jm2.aqproxy.BaseAqProxy.getbyCorreId(BaseAqProxy.java:298)
	at history.aqproxy.PDFCreateResProxy.receiveMessage(PDFCreateResProxy.java:78)
	at history.listener.PDFCreateListener.subOperate(PDFCreateListener.java:82)
	at history.listener.BaseListener.run(BaseListener.java:248)

2004/06/10 12:59:13 ListenerSupervisor は正常に起動しました。
2004/06/10 12:59:13 QueueListeners3: 
jm2.common.UnexpectedException: java.sql.SQLException: ORA-21000: -25226のRAISE_APPLICATION_ERRORに対するエラー引数が範囲外です。
ORA-06512: "TRHIST.PACK_AQ", 行532
ORA-06512: 行1

getbyCorreId CorrID[null] OracleErrCode[21000]
	at jm2.aqproxy.BaseAqProxy.getbyCorreId(BaseAqProxy.java:298)
	at history.aqproxy.PDFCreateResProxy.receiveMessage(PDFCreateResProxy.java:78)
	at history.listener.PDFCreateListener.subOperate(PDFCreateListener.java:82)
	at history.listener.BaseListener.run(BaseListener.java:248)

2004/06/10 12:59:23 スレッド PDFCREATE の停止を検出しました。処理を終了します。
2004/06/10 12:59:23 ListenerSupervisor は正常終了しました。
2004/06/10 13:00:41 ListenerSupervisor は正常に起動しました。
2004/06/10 13:00:41 QueueListeners3: 
jm2.common.UnexpectedException: java.sql.SQLException: ORA-21000: -25226のRAISE_APPLICATION_ERRORに対するエラー引数が範囲外です。
ORA-06512: "TRHIST.PACK_AQ", 行532
ORA-06512: 行1

getbyCorreId CorrID[null] OracleErrCode[21000]
	at jm2.aqproxy.BaseAqProxy.getbyCorreId(BaseAqProxy.java:298)
	at history.aqproxy.PDFCreateResProxy.receiveMessage(PDFCreateResProxy.java:78)
	at history.listener.PDFCreateListener.subOperate(PDFCreateListener.java:82)
	at history.listener.BaseListener.run(BaseListener.java:248)

2004/06/10 13:00:51 スレッド PDFCREATE の停止を検出しました。処理を終了します。
2004/06/10 13:00:51 ListenerSupervisor は正常終了しました。
2004/06/10 13:04:50 ListenerSupervisor は正常に起動しました。
2004/06/10 13:04:51 QueueListeners3: 
jm2.common.UnexpectedException: java.sql.SQLException: ORA-21000: -25226のRAISE_APPLICATION_ERRORに対するエラー引数が範囲外です。
ORA-06512: "TRHIST.PACK_AQ", 行532
ORA-06512: 行1

getbyCorreId CorrID[null] OracleErrCode[21000]
	at jm2.aqproxy.BaseAqProxy.getbyCorreId(BaseAqProxy.java:298)
	at history.aqproxy.PDFCreateResProxy.receiveMessage(PDFCreateResProxy.java:78)
	at history.listener.PDFCreateListener.subOperate(PDFCreateListener.java:82)
	at history.listener.BaseListener.run(BaseListener.java:248)

2004/06/10 13:05:00 スレッド PDFCREATE の停止を検出しました。処理を終了します。
2004/06/10 13:05:00 ListenerSupervisor は正常終了しました。
2004/06/10 13:05:06 ListenerSupervisor は正常に起動しました。
2004/06/10 13:05:06 QueueListeners3: 
jm2.common.UnexpectedException: java.sql.SQLException: ORA-21000: -25226のRAISE_APPLICATION_ERRORに対するエラー引数が範囲外です。
ORA-06512: "TRHIST.PACK_AQ", 行532
ORA-06512: 行1

getbyCorreId CorrID[null] OracleErrCode[21000]
	at jm2.aqproxy.BaseAqProxy.getbyCorreId(BaseAqProxy.java:298)
	at history.aqproxy.PDFCreateResProxy.receiveMessage(PDFCreateResProxy.java:78)
	at history.listener.PDFCreateListener.subOperate(PDFCreateListener.java:82)
	at history.listener.BaseListener.run(BaseListener.java:248)

2004/06/10 13:05:16 スレッド PDFCREATE の停止を検出しました。処理を終了します。
2004/06/10 13:05:16 ListenerSupervisor は正常終了しました。
2004/06/10 13:09:34 ListenerSupervisor は正常に起動しました。
