[2004/06/23][19:22:38][sys_SaveFiles][バックアップ処理開始] 
[2004/06/23][19:22:38][sys_SaveFiles][イベントログのテキスト化開始] 
[2004/06/23][19:22:39][sys_SaveFiles][イベントログのテキスト化終了] 
[2004/06/23][19:22:49][sys_SaveFiles][ISAPIフィルタのログをC:\gunma\logs\isapiに退避] 
[2004/06/23][19:22:49][sys_SaveFiles][ISAPIフィルタのログを削除C:\jrun4\lib\wsconfig\1\jrun*.log] 
[2004/06/23][19:22:49][sys_SaveFiles][C:\Documents and Settings\history\Local Settings\Application Data\Microsoft\Windows NT\NTBackup\data*.log→C:\gunma\logs\ntbackupへコピー開始] 
[2004/06/23][19:22:50][sys_SaveFiles][C:\Documents and Settings\history\Local Settings\Application Data\Microsoft\Windows NT\NTBackup\data*.log→C:\gunma\logs\ntbackupへコピー終了] 
[2004/06/23][19:23:00][sys_SaveFiles][C:\gunma\tapebackup削除実行] 
[2004/06/23][19:23:05][sys_SaveFiles][C:\gunma\logs\*.*→C:\gunma\tapebackupコピー開始] 
[2004/06/23][19:23:07][sys_SaveFiles][C:\gunma\logs\*.*→C:\gunma\tapebackupコピー終了] 
[2004/06/23][19:23:18][sys_SaveFiles][NTBACKUP開始] 
[2004/06/23][19:23:18][sys_SaveFiles][NTBACKUP終了] 
[2004/06/23][19:23:48][sys_SaveFiles][ログ一時フォルダ[C:\gunma\tapebackup]の削除開始] 
[2004/06/23][19:23:58][sys_SaveFiles][ログ一時フォルダ[C:\gunma\tapebackup]の削除終了] 
[2004/06/23][19:24:08][sys_SaveFiles][バックアップ処理終了] 
[2004/06/23][23:30:05][sys_SaveFiles][バックアップ処理開始] 
[2004/06/23][23:30:05][sys_SaveFiles][イベントログのテキスト化開始] 
[2004/06/23][23:30:05][sys_SaveFiles][イベントログのテキスト化終了] 
[2004/06/23][23:30:16][sys_SaveFiles][ISAPIフィルタのログをC:\gunma\logs\isapiに退避] 
[2004/06/23][23:30:16][sys_SaveFiles][ISAPIフィルタのログを削除C:\jrun4\lib\wsconfig\1\jrun*.log] 
[2004/06/23][23:30:16][sys_SaveFiles][C:\Documents and Settings\history\Local Settings\Application Data\Microsoft\Windows NT\NTBackup\data*.log→C:\gunma\logs\ntbackupへコピー開始] 
[2004/06/23][23:30:20][sys_SaveFiles][C:\Documents and Settings\history\Local Settings\Application Data\Microsoft\Windows NT\NTBackup\data*.log→C:\gunma\logs\ntbackupへコピー終了] 
[2004/06/23][23:30:30][sys_SaveFiles][C:\gunma\tapebackup削除実行] 
[2004/06/23][23:30:35][sys_SaveFiles][C:\gunma\logs\*.*→C:\gunma\tapebackupコピー開始] 
[2004/06/23][23:30:37][sys_SaveFiles][C:\gunma\logs\*.*→C:\gunma\tapebackupコピー終了] 
[2004/06/23][23:30:48][sys_SaveFiles][NTBACKUP開始] 
[2004/06/23][23:30:48][sys_SaveFiles][NTBACKUP終了] 
[2004/06/23][23:31:18][sys_SaveFiles][ログ一時フォルダ[C:\gunma\tapebackup]の削除開始] 
[2004/06/23][23:31:28][sys_SaveFiles][ログ一時フォルダ[C:\gunma\tapebackup]の削除終了] 
[2004/06/23][23:31:38][sys_SaveFiles][バックアップ処理終了] 
