# 03/07 11:26:11 JRun により作成
03/07 11:26:11 info JDBC データソースはこのサーバー用に設定されました (jrun-resources.xml を参照)
03/07 11:26:11 info JRun Web サーバー は *:8000 上でリスン中
03/07 11:26:11 info エンタープライズアプリケーション "JRun Management Console" を file:/C:/JRun4/servers/admin/jmc-app.ear からデプロイ中
03/07 11:26:11 info Web アプリケーション "JRun Management Console" を file:/C:/JRun4/servers/admin/jmc-app.ear からデプロイ中
03/07 11:26:11 user JSPServlet: init
03/14 11:26:42 info JDBC データソースはこのサーバー用に設定されました (jrun-resources.xml を参照)
03/14 11:26:42 info JRun Web サーバー は *:8000 上でリスン中
03/14 11:26:42 info エンタープライズアプリケーション "JRun Management Console" を file:/C:/JRun4/servers/admin/jmc-app.ear からデプロイ中
03/14 11:26:42 info Web アプリケーション "JRun Management Console" を file:/C:/JRun4/servers/admin/jmc-app.ear からデプロイ中
03/14 11:26:43 user JSPServlet: init
03/21 11:26:39 info JDBC データソースはこのサーバー用に設定されました (jrun-resources.xml を参照)
03/21 11:26:39 info JRun Web サーバー は *:8000 上でリスン中
03/21 11:26:39 info エンタープライズアプリケーション "JRun Management Console" を file:/C:/JRun4/servers/admin/jmc-app.ear からデプロイ中
03/21 11:26:40 info Web アプリケーション "JRun Management Console" を file:/C:/JRun4/servers/admin/jmc-app.ear からデプロイ中
03/21 11:26:40 user JSPServlet: init
03/28 11:26:09 info JDBC データソースはこのサーバー用に設定されました (jrun-resources.xml を参照)
03/28 11:26:09 info JRun Web サーバー は *:8000 上でリスン中
03/28 11:26:10 info エンタープライズアプリケーション "JRun Management Console" を file:/C:/JRun4/servers/admin/jmc-app.ear からデプロイ中
03/28 11:26:10 info Web アプリケーション "JRun Management Console" を file:/C:/JRun4/servers/admin/jmc-app.ear からデプロイ中
03/28 11:26:10 user JSPServlet: init
04/04 11:26:08 info JDBC データソースはこのサーバー用に設定されました (jrun-resources.xml を参照)
04/04 11:26:08 info JRun Web サーバー は *:8000 上でリスン中
04/04 11:26:08 info エンタープライズアプリケーション "JRun Management Console" を file:/C:/JRun4/servers/admin/jmc-app.ear からデプロイ中
04/04 11:26:09 info Web アプリケーション "JRun Management Console" を file:/C:/JRun4/servers/admin/jmc-app.ear からデプロイ中
04/04 11:26:09 user JSPServlet: init
04/11 11:26:09 info JDBC データソースはこのサーバー用に設定されました (jrun-resources.xml を参照)
04/11 11:26:09 info JRun Web サーバー は *:8000 上でリスン中
04/11 11:26:09 info エンタープライズアプリケーション "JRun Management Console" を file:/C:/JRun4/servers/admin/jmc-app.ear からデプロイ中
04/11 11:26:09 info Web アプリケーション "JRun Management Console" を file:/C:/JRun4/servers/admin/jmc-app.ear からデプロイ中
04/11 11:26:10 user JSPServlet: init
04/18 11:26:09 info JDBC データソースはこのサーバー用に設定されました (jrun-resources.xml を参照)
04/18 11:26:09 info JRun Web サーバー は *:8000 上でリスン中
04/18 11:26:09 info エンタープライズアプリケーション "JRun Management Console" を file:/C:/JRun4/servers/admin/jmc-app.ear からデプロイ中
04/18 11:26:09 info Web アプリケーション "JRun Management Console" を file:/C:/JRun4/servers/admin/jmc-app.ear からデプロイ中
04/18 11:26:10 user JSPServlet: init
04/25 11:26:11 info JDBC データソースはこのサーバー用に設定されました (jrun-resources.xml を参照)
04/25 11:26:11 info JRun Web サーバー は *:8000 上でリスン中
04/25 11:26:11 info エンタープライズアプリケーション "JRun Management Console" を file:/C:/JRun4/servers/admin/jmc-app.ear からデプロイ中
04/25 11:26:11 info Web アプリケーション "JRun Management Console" を file:/C:/JRun4/servers/admin/jmc-app.ear からデプロイ中
04/25 11:26:12 user JSPServlet: init
05/02 11:26:09 info JDBC データソースはこのサーバー用に設定されました (jrun-resources.xml を参照)
05/02 11:26:09 info JRun Web サーバー は *:8000 上でリスン中
05/02 11:26:09 info エンタープライズアプリケーション "JRun Management Console" を file:/C:/JRun4/servers/admin/jmc-app.ear からデプロイ中
05/02 11:26:09 info Web アプリケーション "JRun Management Console" を file:/C:/JRun4/servers/admin/jmc-app.ear からデプロイ中
05/02 11:26:10 user JSPServlet: init
05/09 11:26:09 info JDBC データソースはこのサーバー用に設定されました (jrun-resources.xml を参照)
05/09 11:26:09 info JRun Web サーバー は *:8000 上でリスン中
05/09 11:26:09 info エンタープライズアプリケーション "JRun Management Console" を file:/C:/JRun4/servers/admin/jmc-app.ear からデプロイ中
05/09 11:26:09 info Web アプリケーション "JRun Management Console" を file:/C:/JRun4/servers/admin/jmc-app.ear からデプロイ中
05/09 11:26:10 user JSPServlet: init
05/16 11:26:10 info JDBC データソースはこのサーバー用に設定されました (jrun-resources.xml を参照)
05/16 11:26:10 info JRun Web サーバー は *:8000 上でリスン中
05/16 11:26:10 info エンタープライズアプリケーション "JRun Management Console" を file:/C:/JRun4/servers/admin/jmc-app.ear からデプロイ中
05/16 11:26:10 info Web アプリケーション "JRun Management Console" を file:/C:/JRun4/servers/admin/jmc-app.ear からデプロイ中
05/16 11:26:10 user JSPServlet: init
05/18 19:32:37 info JDBC データソースはこのサーバー用に設定されました (jrun-resources.xml を参照)
05/18 19:32:37 info JRun Web サーバー は *:8000 上でリスン中
05/18 19:32:37 info エンタープライズアプリケーション "JRun Management Console" を file:/C:/JRun4/servers/admin/jmc-app.ear からデプロイ中
05/18 19:32:38 info Web アプリケーション "JRun Management Console" を file:/C:/JRun4/servers/admin/jmc-app.ear からデプロイ中
05/18 19:32:38 user JSPServlet: init
05/18 19:45:23 info JDBC データソースはこのサーバー用に設定されました (jrun-resources.xml を参照)
05/18 19:45:23 info JRun Web サーバー は *:8000 上でリスン中
05/18 19:45:23 info エンタープライズアプリケーション "JRun Management Console" を file:/C:/JRun4/servers/admin/jmc-app.ear からデプロイ中
05/18 19:45:23 info Web アプリケーション "JRun Management Console" を file:/C:/JRun4/servers/admin/jmc-app.ear からデプロイ中
05/18 19:45:24 user JSPServlet: init
05/23 11:25:54 info JDBC データソースはこのサーバー用に設定されました (jrun-resources.xml を参照)
05/23 11:25:54 info JRun Web サーバー は *:8000 上でリスン中
05/23 11:25:54 info エンタープライズアプリケーション "JRun Management Console" を file:/C:/JRun4/servers/admin/jmc-app.ear からデプロイ中
05/23 11:25:54 info Web アプリケーション "JRun Management Console" を file:/C:/JRun4/servers/admin/jmc-app.ear からデプロイ中
05/23 11:25:55 user JSPServlet: init
05/30 11:25:53 info JDBC データソースはこのサーバー用に設定されました (jrun-resources.xml を参照)
05/30 11:25:53 info JRun Web サーバー は *:8000 上でリスン中
05/30 11:25:54 info エンタープライズアプリケーション "JRun Management Console" を file:/C:/JRun4/servers/admin/jmc-app.ear からデプロイ中
05/30 11:25:54 info Web アプリケーション "JRun Management Console" を file:/C:/JRun4/servers/admin/jmc-app.ear からデプロイ中
05/30 11:25:54 user JSPServlet: init
06/06 11:25:53 info JDBC データソースはこのサーバー用に設定されました (jrun-resources.xml を参照)
06/06 11:25:53 info JRun Web サーバー は *:8000 上でリスン中
06/06 11:25:53 info エンタープライズアプリケーション "JRun Management Console" を file:/C:/JRun4/servers/admin/jmc-app.ear からデプロイ中
06/06 11:25:54 info Web アプリケーション "JRun Management Console" を file:/C:/JRun4/servers/admin/jmc-app.ear からデプロイ中
06/06 11:25:54 user JSPServlet: init
06/13 11:25:53 info JDBC データソースはこのサーバー用に設定されました (jrun-resources.xml を参照)
06/13 11:25:53 info JRun Web サーバー は *:8000 上でリスン中
06/13 11:25:53 info エンタープライズアプリケーション "JRun Management Console" を file:/C:/JRun4/servers/admin/jmc-app.ear からデプロイ中
06/13 11:25:53 info Web アプリケーション "JRun Management Console" を file:/C:/JRun4/servers/admin/jmc-app.ear からデプロイ中
06/13 11:25:53 user JSPServlet: init
06/20 11:25:54 info JDBC データソースはこのサーバー用に設定されました (jrun-resources.xml を参照)
06/20 11:25:54 info JRun Web サーバー は *:8000 上でリスン中
06/20 11:25:54 info エンタープライズアプリケーション "JRun Management Console" を file:/C:/JRun4/servers/admin/jmc-app.ear からデプロイ中
06/20 11:25:54 info Web アプリケーション "JRun Management Console" を file:/C:/JRun4/servers/admin/jmc-app.ear からデプロイ中
06/20 11:25:54 user JSPServlet: init
06/27 11:25:55 info JDBC データソースはこのサーバー用に設定されました (jrun-resources.xml を参照)
06/27 11:25:55 info JRun Web サーバー は *:8000 上でリスン中
06/27 11:25:55 info エンタープライズアプリケーション "JRun Management Console" を file:/C:/JRun4/servers/admin/jmc-app.ear からデプロイ中
06/27 11:25:55 info Web アプリケーション "JRun Management Console" を file:/C:/JRun4/servers/admin/jmc-app.ear からデプロイ中
06/27 11:25:55 user JSPServlet: init
07/04 11:25:53 info JDBC データソースはこのサーバー用に設定されました (jrun-resources.xml を参照)
07/04 11:25:53 info JRun Web サーバー は *:8000 上でリスン中
07/04 11:25:54 info エンタープライズアプリケーション "JRun Management Console" を file:/C:/JRun4/servers/admin/jmc-app.ear からデプロイ中
07/04 11:25:54 info Web アプリケーション "JRun Management Console" を file:/C:/JRun4/servers/admin/jmc-app.ear からデプロイ中
07/04 11:25:54 user JSPServlet: init
07/08 20:05:36 info JDBC データソースはこのサーバー用に設定されました (jrun-resources.xml を参照)
07/08 20:05:36 info JRun Web サーバー は *:8000 上でリスン中
07/08 20:05:37 info エンタープライズアプリケーション "JRun Management Console" を file:/C:/JRun4/servers/admin/jmc-app.ear からデプロイ中
07/08 20:05:37 info Web アプリケーション "JRun Management Console" を file:/C:/JRun4/servers/admin/jmc-app.ear からデプロイ中
07/08 20:05:37 user JSPServlet: init
07/11 13:55:49 info JDBC データソースはこのサーバー用に設定されました (jrun-resources.xml を参照)
07/11 13:55:49 info JRun Web サーバー は *:8000 上でリスン中
07/11 13:55:49 info エンタープライズアプリケーション "JRun Management Console" を file:/C:/JRun4/servers/admin/jmc-app.ear からデプロイ中
07/11 13:55:49 info Web アプリケーション "JRun Management Console" を file:/C:/JRun4/servers/admin/jmc-app.ear からデプロイ中
07/11 13:55:50 user JSPServlet: init
07/18 11:25:54 info JDBC データソースはこのサーバー用に設定されました (jrun-resources.xml を参照)
07/18 11:25:54 info JRun Web サーバー は *:8000 上でリスン中
07/18 11:25:54 info エンタープライズアプリケーション "JRun Management Console" を file:/C:/JRun4/servers/admin/jmc-app.ear からデプロイ中
07/18 11:25:54 info Web アプリケーション "JRun Management Console" を file:/C:/JRun4/servers/admin/jmc-app.ear からデプロイ中
07/18 11:25:54 user JSPServlet: init
07/25 11:25:55 info JDBC データソースはこのサーバー用に設定されました (jrun-resources.xml を参照)
07/25 11:25:55 info JRun Web サーバー は *:8000 上でリスン中
07/25 11:25:55 info エンタープライズアプリケーション "JRun Management Console" を file:/C:/JRun4/servers/admin/jmc-app.ear からデプロイ中
07/25 11:25:55 info Web アプリケーション "JRun Management Console" を file:/C:/JRun4/servers/admin/jmc-app.ear からデプロイ中
07/25 11:25:55 user JSPServlet: init
08/01 11:25:53 info JDBC データソースはこのサーバー用に設定されました (jrun-resources.xml を参照)
08/01 11:25:53 info JRun Web サーバー は *:8000 上でリスン中
08/01 11:25:53 info エンタープライズアプリケーション "JRun Management Console" を file:/C:/JRun4/servers/admin/jmc-app.ear からデプロイ中
08/01 11:25:53 info Web アプリケーション "JRun Management Console" を file:/C:/JRun4/servers/admin/jmc-app.ear からデプロイ中
08/01 11:25:53 user JSPServlet: init
08/08 11:25:53 info JDBC データソースはこのサーバー用に設定されました (jrun-resources.xml を参照)
08/08 11:25:53 info JRun Web サーバー は *:8000 上でリスン中
08/08 11:25:53 info エンタープライズアプリケーション "JRun Management Console" を file:/C:/JRun4/servers/admin/jmc-app.ear からデプロイ中
08/08 11:25:53 info Web アプリケーション "JRun Management Console" を file:/C:/JRun4/servers/admin/jmc-app.ear からデプロイ中
08/08 11:25:53 user JSPServlet: init
08/15 11:25:54 info JDBC データソースはこのサーバー用に設定されました (jrun-resources.xml を参照)
08/15 11:25:54 info JRun Web サーバー は *:8000 上でリスン中
08/15 11:25:54 info エンタープライズアプリケーション "JRun Management Console" を file:/C:/JRun4/servers/admin/jmc-app.ear からデプロイ中
08/15 11:25:54 info Web アプリケーション "JRun Management Console" を file:/C:/JRun4/servers/admin/jmc-app.ear からデプロイ中
08/15 11:25:54 user JSPServlet: init
08/22 11:25:53 info JDBC データソースはこのサーバー用に設定されました (jrun-resources.xml を参照)
08/22 11:25:53 info JRun Web サーバー は *:8000 上でリスン中
08/22 11:25:54 info エンタープライズアプリケーション "JRun Management Console" を file:/C:/JRun4/servers/admin/jmc-app.ear からデプロイ中
08/22 11:25:54 info Web アプリケーション "JRun Management Console" を file:/C:/JRun4/servers/admin/jmc-app.ear からデプロイ中
08/22 11:25:54 user JSPServlet: init
08/29 11:26:25 info JDBC データソースはこのサーバー用に設定されました (jrun-resources.xml を参照)
08/29 11:26:25 info JRun Web サーバー は *:8000 上でリスン中
08/29 11:26:25 info エンタープライズアプリケーション "JRun Management Console" を file:/C:/JRun4/servers/admin/jmc-app.ear からデプロイ中
08/29 11:26:25 info Web アプリケーション "JRun Management Console" を file:/C:/JRun4/servers/admin/jmc-app.ear からデプロイ中
08/29 11:26:25 user JSPServlet: init
09/05 11:25:53 info JDBC データソースはこのサーバー用に設定されました (jrun-resources.xml を参照)
09/05 11:25:54 info JRun Web サーバー は *:8000 上でリスン中
09/05 11:25:54 info エンタープライズアプリケーション "JRun Management Console" を file:/C:/JRun4/servers/admin/jmc-app.ear からデプロイ中
09/05 11:25:54 info Web アプリケーション "JRun Management Console" を file:/C:/JRun4/servers/admin/jmc-app.ear からデプロイ中
09/05 11:25:54 user JSPServlet: init
09/12 11:25:55 info JDBC データソースはこのサーバー用に設定されました (jrun-resources.xml を参照)
09/12 11:25:55 info JRun Web サーバー は *:8000 上でリスン中
09/12 11:25:55 info エンタープライズアプリケーション "JRun Management Console" を file:/C:/JRun4/servers/admin/jmc-app.ear からデプロイ中
09/12 11:25:55 info Web アプリケーション "JRun Management Console" を file:/C:/JRun4/servers/admin/jmc-app.ear からデプロイ中
09/12 11:25:55 user JSPServlet: init
09/19 11:25:52 info JDBC データソースはこのサーバー用に設定されました (jrun-resources.xml を参照)
09/19 11:25:52 info JRun Web サーバー は *:8000 上でリスン中
09/19 11:25:53 info エンタープライズアプリケーション "JRun Management Console" を file:/C:/JRun4/servers/admin/jmc-app.ear からデプロイ中
09/19 11:25:53 info Web アプリケーション "JRun Management Console" を file:/C:/JRun4/servers/admin/jmc-app.ear からデプロイ中
09/19 11:25:53 user JSPServlet: init
09/26 11:25:56 info JDBC データソースはこのサーバー用に設定されました (jrun-resources.xml を参照)
09/26 11:25:56 info JRun Web サーバー は *:8000 上でリスン中
09/26 11:25:56 info エンタープライズアプリケーション "JRun Management Console" を file:/C:/JRun4/servers/admin/jmc-app.ear からデプロイ中
09/26 11:25:56 info Web アプリケーション "JRun Management Console" を file:/C:/JRun4/servers/admin/jmc-app.ear からデプロイ中
09/26 11:25:56 user JSPServlet: init
10/03 11:25:53 info JDBC データソースはこのサーバー用に設定されました (jrun-resources.xml を参照)
10/03 11:25:53 info JRun Web サーバー は *:8000 上でリスン中
10/03 11:25:53 info エンタープライズアプリケーション "JRun Management Console" を file:/C:/JRun4/servers/admin/jmc-app.ear からデプロイ中
10/03 11:25:53 info Web アプリケーション "JRun Management Console" を file:/C:/JRun4/servers/admin/jmc-app.ear からデプロイ中
10/03 11:25:53 user JSPServlet: init
10/10 11:25:53 info JDBC データソースはこのサーバー用に設定されました (jrun-resources.xml を参照)
10/10 11:25:53 info JRun Web サーバー は *:8000 上でリスン中
10/10 11:25:53 info エンタープライズアプリケーション "JRun Management Console" を file:/C:/JRun4/servers/admin/jmc-app.ear からデプロイ中
10/10 11:25:53 info Web アプリケーション "JRun Management Console" を file:/C:/JRun4/servers/admin/jmc-app.ear からデプロイ中
10/10 11:25:53 user JSPServlet: init
10/17 11:25:54 info JDBC データソースはこのサーバー用に設定されました (jrun-resources.xml を参照)
10/17 11:25:54 info JRun Web サーバー は *:8000 上でリスン中
10/17 11:25:54 info エンタープライズアプリケーション "JRun Management Console" を file:/C:/JRun4/servers/admin/jmc-app.ear からデプロイ中
10/17 11:25:54 info Web アプリケーション "JRun Management Console" を file:/C:/JRun4/servers/admin/jmc-app.ear からデプロイ中
10/17 11:25:54 user JSPServlet: init
10/24 11:25:54 info JDBC データソースはこのサーバー用に設定されました (jrun-resources.xml を参照)
10/24 11:25:54 info JRun Web サーバー は *:8000 上でリスン中
10/24 11:25:54 info エンタープライズアプリケーション "JRun Management Console" を file:/C:/JRun4/servers/admin/jmc-app.ear からデプロイ中
10/24 11:25:54 info Web アプリケーション "JRun Management Console" を file:/C:/JRun4/servers/admin/jmc-app.ear からデプロイ中
10/24 11:25:54 user JSPServlet: init
10/25 13:01:12 info JDBC データソースはこのサーバー用に設定されました (jrun-resources.xml を参照)
10/25 13:01:12 info JRun Web サーバー は *:8000 上でリスン中
10/25 13:01:12 info エンタープライズアプリケーション "JRun Management Console" を file:/C:/JRun4/servers/admin/jmc-app.ear からデプロイ中
10/25 13:01:13 info Web アプリケーション "JRun Management Console" を file:/C:/JRun4/servers/admin/jmc-app.ear からデプロイ中
10/25 13:01:13 user JSPServlet: init
10/26 00:10:27 info JDBC データソースはこのサーバー用に設定されました (jrun-resources.xml を参照)
10/26 00:10:27 info JRun Web サーバー は *:8000 上でリスン中
10/26 00:10:27 info エンタープライズアプリケーション "JRun Management Console" を file:/C:/JRun4/servers/admin/jmc-app.ear からデプロイ中
10/26 00:10:27 info Web アプリケーション "JRun Management Console" を file:/C:/JRun4/servers/admin/jmc-app.ear からデプロイ中
10/26 00:10:28 user JSPServlet: init
10/31 11:26:53 info JDBC データソースはこのサーバー用に設定されました (jrun-resources.xml を参照)
10/31 11:26:53 info JRun Web サーバー は *:8000 上でリスン中
10/31 11:26:53 info エンタープライズアプリケーション "JRun Management Console" を file:/C:/JRun4/servers/admin/jmc-app.ear からデプロイ中
10/31 11:26:53 info Web アプリケーション "JRun Management Console" を file:/C:/JRun4/servers/admin/jmc-app.ear からデプロイ中
10/31 11:26:53 user JSPServlet: init
11/07 11:25:54 info JDBC データソースはこのサーバー用に設定されました (jrun-resources.xml を参照)
11/07 11:25:54 info JRun Web サーバー は *:8000 上でリスン中
11/07 11:25:54 info エンタープライズアプリケーション "JRun Management Console" を file:/C:/JRun4/servers/admin/jmc-app.ear からデプロイ中
11/07 11:25:55 info Web アプリケーション "JRun Management Console" を file:/C:/JRun4/servers/admin/jmc-app.ear からデプロイ中
11/07 11:25:55 user JSPServlet: init
11/14 11:25:54 info JDBC データソースはこのサーバー用に設定されました (jrun-resources.xml を参照)
11/14 11:25:54 info JRun Web サーバー は *:8000 上でリスン中
11/14 11:25:55 info エンタープライズアプリケーション "JRun Management Console" を file:/C:/JRun4/servers/admin/jmc-app.ear からデプロイ中
11/14 11:25:55 info Web アプリケーション "JRun Management Console" を file:/C:/JRun4/servers/admin/jmc-app.ear からデプロイ中
11/14 11:25:55 user JSPServlet: init
11/21 11:25:53 info JDBC データソースはこのサーバー用に設定されました (jrun-resources.xml を参照)
11/21 11:25:53 info JRun Web サーバー は *:8000 上でリスン中
11/21 11:25:53 info エンタープライズアプリケーション "JRun Management Console" を file:/C:/JRun4/servers/admin/jmc-app.ear からデプロイ中
11/21 11:25:54 info Web アプリケーション "JRun Management Console" を file:/C:/JRun4/servers/admin/jmc-app.ear からデプロイ中
11/21 11:25:54 user JSPServlet: init
11/28 11:25:54 info JDBC データソースはこのサーバー用に設定されました (jrun-resources.xml を参照)
11/28 11:25:54 info JRun Web サーバー は *:8000 上でリスン中
11/28 11:25:54 info エンタープライズアプリケーション "JRun Management Console" を file:/C:/JRun4/servers/admin/jmc-app.ear からデプロイ中
11/28 11:25:54 info Web アプリケーション "JRun Management Console" を file:/C:/JRun4/servers/admin/jmc-app.ear からデプロイ中
11/28 11:25:54 user JSPServlet: init
12/05 11:25:53 info JDBC データソースはこのサーバー用に設定されました (jrun-resources.xml を参照)
12/05 11:25:53 info JRun Web サーバー は *:8000 上でリスン中
12/05 11:25:53 info エンタープライズアプリケーション "JRun Management Console" を file:/C:/JRun4/servers/admin/jmc-app.ear からデプロイ中
12/05 11:25:53 info Web アプリケーション "JRun Management Console" を file:/C:/JRun4/servers/admin/jmc-app.ear からデプロイ中
12/05 11:25:53 user JSPServlet: init
12/12 11:25:55 info JDBC データソースはこのサーバー用に設定されました (jrun-resources.xml を参照)
12/12 11:25:55 info JRun Web サーバー は *:8000 上でリスン中
12/12 11:25:55 info エンタープライズアプリケーション "JRun Management Console" を file:/C:/JRun4/servers/admin/jmc-app.ear からデプロイ中
12/12 11:25:55 info Web アプリケーション "JRun Management Console" を file:/C:/JRun4/servers/admin/jmc-app.ear からデプロイ中
12/12 11:25:55 user JSPServlet: init
12/19 11:25:54 info JDBC データソースはこのサーバー用に設定されました (jrun-resources.xml を参照)
12/19 11:25:54 info JRun Web サーバー は *:8000 上でリスン中
12/19 11:25:54 info エンタープライズアプリケーション "JRun Management Console" を file:/C:/JRun4/servers/admin/jmc-app.ear からデプロイ中
12/19 11:25:55 info Web アプリケーション "JRun Management Console" を file:/C:/JRun4/servers/admin/jmc-app.ear からデプロイ中
12/19 11:25:55 user JSPServlet: init
12/26 11:25:56 info JDBC データソースはこのサーバー用に設定されました (jrun-resources.xml を参照)
12/26 11:25:56 info JRun Web サーバー は *:8000 上でリスン中
12/26 11:25:56 info エンタープライズアプリケーション "JRun Management Console" を file:/C:/JRun4/servers/admin/jmc-app.ear からデプロイ中
12/26 11:25:56 info Web アプリケーション "JRun Management Console" を file:/C:/JRun4/servers/admin/jmc-app.ear からデプロイ中
12/26 11:25:56 user JSPServlet: init
01/02 11:25:55 info JDBC データソースはこのサーバー用に設定されました (jrun-resources.xml を参照)
01/02 11:25:55 info JRun Web サーバー は *:8000 上でリスン中
01/02 11:25:55 info エンタープライズアプリケーション "JRun Management Console" を file:/C:/JRun4/servers/admin/jmc-app.ear からデプロイ中
01/02 11:25:55 info Web アプリケーション "JRun Management Console" を file:/C:/JRun4/servers/admin/jmc-app.ear からデプロイ中
01/02 11:25:55 user JSPServlet: init
01/07 09:02:22 info JDBC データソースはこのサーバー用に設定されました (jrun-resources.xml を参照)
01/07 09:02:22 info JRun Web サーバー は *:8000 上でリスン中
01/07 09:02:22 info エンタープライズアプリケーション "JRun Management Console" を file:/C:/JRun4/servers/admin/jmc-app.ear からデプロイ中
01/07 09:02:22 info Web アプリケーション "JRun Management Console" を file:/C:/JRun4/servers/admin/jmc-app.ear からデプロイ中
01/07 09:02:23 user JSPServlet: init
