# 08/06 13:06:01 JRun により作成
08/06 13:06:01 info JDBC データソースはこのサーバー用に設定されました (jrun-resources.xml を参照)
08/06 13:06:01 info JRun Web サーバー は *:8000 上でリスン中
08/06 13:06:01 info エンタープライズアプリケーション "JRun Management Console" を file:/C:/JRun4/servers/admin/jmc-app.ear からデプロイ中
08/06 13:06:02 info Web アプリケーション "JRun Management Console" を file:/C:/JRun4/servers/admin/jmc-app.ear からデプロイ中
08/06 13:06:02 user JSPServlet: init
08/13 13:06:02 info JDBC データソースはこのサーバー用に設定されました (jrun-resources.xml を参照)
08/13 13:06:02 info JRun Web サーバー は *:8000 上でリスン中
08/13 13:06:02 info エンタープライズアプリケーション "JRun Management Console" を file:/C:/JRun4/servers/admin/jmc-app.ear からデプロイ中
08/13 13:06:03 info Web アプリケーション "JRun Management Console" を file:/C:/JRun4/servers/admin/jmc-app.ear からデプロイ中
08/13 13:06:03 user JSPServlet: init
08/20 13:06:02 info JDBC データソースはこのサーバー用に設定されました (jrun-resources.xml を参照)
08/20 13:06:02 info JRun Web サーバー は *:8000 上でリスン中
08/20 13:06:03 info エンタープライズアプリケーション "JRun Management Console" を file:/C:/JRun4/servers/admin/jmc-app.ear からデプロイ中
08/20 13:06:03 info Web アプリケーション "JRun Management Console" を file:/C:/JRun4/servers/admin/jmc-app.ear からデプロイ中
08/20 13:06:03 user JSPServlet: init
08/27 13:06:02 info JDBC データソースはこのサーバー用に設定されました (jrun-resources.xml を参照)
08/27 13:06:02 info JRun Web サーバー は *:8000 上でリスン中
08/27 13:06:02 info エンタープライズアプリケーション "JRun Management Console" を file:/C:/JRun4/servers/admin/jmc-app.ear からデプロイ中
08/27 13:06:02 info Web アプリケーション "JRun Management Console" を file:/C:/JRun4/servers/admin/jmc-app.ear からデプロイ中
08/27 13:06:03 user JSPServlet: init
09/03 13:06:03 info JDBC データソースはこのサーバー用に設定されました (jrun-resources.xml を参照)
09/03 13:06:03 info JRun Web サーバー は *:8000 上でリスン中
09/03 13:06:03 info エンタープライズアプリケーション "JRun Management Console" を file:/C:/JRun4/servers/admin/jmc-app.ear からデプロイ中
09/03 13:06:04 info Web アプリケーション "JRun Management Console" を file:/C:/JRun4/servers/admin/jmc-app.ear からデプロイ中
09/03 13:06:04 user JSPServlet: init
09/10 13:06:04 info JDBC データソースはこのサーバー用に設定されました (jrun-resources.xml を参照)
09/10 13:06:04 info JRun Web サーバー は *:8000 上でリスン中
09/10 13:06:05 info エンタープライズアプリケーション "JRun Management Console" を file:/C:/JRun4/servers/admin/jmc-app.ear からデプロイ中
09/10 13:06:05 info Web アプリケーション "JRun Management Console" を file:/C:/JRun4/servers/admin/jmc-app.ear からデプロイ中
09/10 13:06:05 user JSPServlet: init
09/17 13:06:04 info JDBC データソースはこのサーバー用に設定されました (jrun-resources.xml を参照)
09/17 13:06:04 info JRun Web サーバー は *:8000 上でリスン中
09/17 13:06:04 info エンタープライズアプリケーション "JRun Management Console" を file:/C:/JRun4/servers/admin/jmc-app.ear からデプロイ中
09/17 13:06:05 info Web アプリケーション "JRun Management Console" を file:/C:/JRun4/servers/admin/jmc-app.ear からデプロイ中
09/17 13:06:05 user JSPServlet: init
09/24 13:06:05 info JDBC データソースはこのサーバー用に設定されました (jrun-resources.xml を参照)
09/24 13:06:05 info JRun Web サーバー は *:8000 上でリスン中
09/24 13:06:06 info エンタープライズアプリケーション "JRun Management Console" を file:/C:/JRun4/servers/admin/jmc-app.ear からデプロイ中
09/24 13:06:06 info Web アプリケーション "JRun Management Console" を file:/C:/JRun4/servers/admin/jmc-app.ear からデプロイ中
09/24 13:06:06 user JSPServlet: init
10/01 13:06:06 info JDBC データソースはこのサーバー用に設定されました (jrun-resources.xml を参照)
10/01 13:06:06 info JRun Web サーバー は *:8000 上でリスン中
10/01 13:06:06 info エンタープライズアプリケーション "JRun Management Console" を file:/C:/JRun4/servers/admin/jmc-app.ear からデプロイ中
10/01 13:06:06 info Web アプリケーション "JRun Management Console" を file:/C:/JRun4/servers/admin/jmc-app.ear からデプロイ中
10/01 13:06:06 user JSPServlet: init
10/08 13:06:05 info JDBC データソースはこのサーバー用に設定されました (jrun-resources.xml を参照)
10/08 13:06:05 info JRun Web サーバー は *:8000 上でリスン中
10/08 13:06:05 info エンタープライズアプリケーション "JRun Management Console" を file:/C:/JRun4/servers/admin/jmc-app.ear からデプロイ中
10/08 13:06:06 info Web アプリケーション "JRun Management Console" を file:/C:/JRun4/servers/admin/jmc-app.ear からデプロイ中
10/08 13:06:06 user JSPServlet: init
10/15 13:06:01 info JDBC データソースはこのサーバー用に設定されました (jrun-resources.xml を参照)
10/15 13:06:01 info JRun Web サーバー は *:8000 上でリスン中
10/15 13:06:01 info エンタープライズアプリケーション "JRun Management Console" を file:/C:/JRun4/servers/admin/jmc-app.ear からデプロイ中
10/15 13:06:02 info Web アプリケーション "JRun Management Console" を file:/C:/JRun4/servers/admin/jmc-app.ear からデプロイ中
10/15 13:06:02 user JSPServlet: init
10/22 13:06:00 info JDBC データソースはこのサーバー用に設定されました (jrun-resources.xml を参照)
10/22 13:06:00 info JRun Web サーバー は *:8000 上でリスン中
10/22 13:06:00 info エンタープライズアプリケーション "JRun Management Console" を file:/C:/JRun4/servers/admin/jmc-app.ear からデプロイ中
10/22 13:06:01 info Web アプリケーション "JRun Management Console" を file:/C:/JRun4/servers/admin/jmc-app.ear からデプロイ中
10/22 13:06:01 user JSPServlet: init
10/29 13:06:00 info JDBC データソースはこのサーバー用に設定されました (jrun-resources.xml を参照)
10/29 13:06:00 info JRun Web サーバー は *:8000 上でリスン中
10/29 13:06:00 info エンタープライズアプリケーション "JRun Management Console" を file:/C:/JRun4/servers/admin/jmc-app.ear からデプロイ中
10/29 13:06:01 info Web アプリケーション "JRun Management Console" を file:/C:/JRun4/servers/admin/jmc-app.ear からデプロイ中
10/29 13:06:01 user JSPServlet: init
11/05 13:06:02 info JDBC データソースはこのサーバー用に設定されました (jrun-resources.xml を参照)
11/05 13:06:02 info JRun Web サーバー は *:8000 上でリスン中
11/05 13:06:03 info エンタープライズアプリケーション "JRun Management Console" を file:/C:/JRun4/servers/admin/jmc-app.ear からデプロイ中
11/05 13:06:03 info Web アプリケーション "JRun Management Console" を file:/C:/JRun4/servers/admin/jmc-app.ear からデプロイ中
11/05 13:06:03 user JSPServlet: init
11/12 13:06:02 info JDBC データソースはこのサーバー用に設定されました (jrun-resources.xml を参照)
11/12 13:06:02 info JRun Web サーバー は *:8000 上でリスン中
11/12 13:06:03 info エンタープライズアプリケーション "JRun Management Console" を file:/C:/JRun4/servers/admin/jmc-app.ear からデプロイ中
11/12 13:06:03 info Web アプリケーション "JRun Management Console" を file:/C:/JRun4/servers/admin/jmc-app.ear からデプロイ中
11/12 13:06:03 user JSPServlet: init
11/19 13:06:01 info JDBC データソースはこのサーバー用に設定されました (jrun-resources.xml を参照)
11/19 13:06:01 info JRun Web サーバー は *:8000 上でリスン中
11/19 13:06:01 info エンタープライズアプリケーション "JRun Management Console" を file:/C:/JRun4/servers/admin/jmc-app.ear からデプロイ中
11/19 13:06:02 info Web アプリケーション "JRun Management Console" を file:/C:/JRun4/servers/admin/jmc-app.ear からデプロイ中
11/19 13:06:02 user JSPServlet: init
11/26 13:06:02 info JDBC データソースはこのサーバー用に設定されました (jrun-resources.xml を参照)
11/26 13:06:02 info JRun Web サーバー は *:8000 上でリスン中
11/26 13:06:02 info エンタープライズアプリケーション "JRun Management Console" を file:/C:/JRun4/servers/admin/jmc-app.ear からデプロイ中
11/26 13:06:02 info Web アプリケーション "JRun Management Console" を file:/C:/JRun4/servers/admin/jmc-app.ear からデプロイ中
11/26 13:06:03 user JSPServlet: init
12/03 13:06:00 info JDBC データソースはこのサーバー用に設定されました (jrun-resources.xml を参照)
12/03 13:06:00 info JRun Web サーバー は *:8000 上でリスン中
12/03 13:06:00 info エンタープライズアプリケーション "JRun Management Console" を file:/C:/JRun4/servers/admin/jmc-app.ear からデプロイ中
12/03 13:06:01 info Web アプリケーション "JRun Management Console" を file:/C:/JRun4/servers/admin/jmc-app.ear からデプロイ中
12/03 13:06:01 user JSPServlet: init
12/10 13:06:01 info JDBC データソースはこのサーバー用に設定されました (jrun-resources.xml を参照)
12/10 13:06:01 info JRun Web サーバー は *:8000 上でリスン中
12/10 13:06:01 info エンタープライズアプリケーション "JRun Management Console" を file:/C:/JRun4/servers/admin/jmc-app.ear からデプロイ中
12/10 13:06:02 info Web アプリケーション "JRun Management Console" を file:/C:/JRun4/servers/admin/jmc-app.ear からデプロイ中
12/10 13:06:02 user JSPServlet: init
12/17 13:06:02 info JDBC データソースはこのサーバー用に設定されました (jrun-resources.xml を参照)
12/17 13:06:02 info JRun Web サーバー は *:8000 上でリスン中
12/17 13:06:03 info エンタープライズアプリケーション "JRun Management Console" を file:/C:/JRun4/servers/admin/jmc-app.ear からデプロイ中
12/17 13:06:03 info Web アプリケーション "JRun Management Console" を file:/C:/JRun4/servers/admin/jmc-app.ear からデプロイ中
12/17 13:06:03 user JSPServlet: init
12/24 11:36:02 info JDBC データソースはこのサーバー用に設定されました (jrun-resources.xml を参照)
12/24 11:36:02 info JRun Web サーバー は *:8000 上でリスン中
12/24 11:36:02 info エンタープライズアプリケーション "JRun Management Console" を file:/C:/JRun4/servers/admin/jmc-app.ear からデプロイ中
12/24 11:36:02 info Web アプリケーション "JRun Management Console" を file:/C:/JRun4/servers/admin/jmc-app.ear からデプロイ中
12/24 11:36:02 user JSPServlet: init
12/31 11:21:03 info JDBC データソースはこのサーバー用に設定されました (jrun-resources.xml を参照)
12/31 11:21:03 info JRun Web サーバー は *:8000 上でリスン中
12/31 11:21:04 info エンタープライズアプリケーション "JRun Management Console" を file:/C:/JRun4/servers/admin/jmc-app.ear からデプロイ中
12/31 11:21:04 info Web アプリケーション "JRun Management Console" を file:/C:/JRun4/servers/admin/jmc-app.ear からデプロイ中
12/31 11:21:04 user JSPServlet: init
01/07 11:21:01 info JDBC データソースはこのサーバー用に設定されました (jrun-resources.xml を参照)
01/07 11:21:01 info JRun Web サーバー は *:8000 上でリスン中
01/07 11:21:02 info エンタープライズアプリケーション "JRun Management Console" を file:/C:/JRun4/servers/admin/jmc-app.ear からデプロイ中
01/07 11:21:02 info Web アプリケーション "JRun Management Console" を file:/C:/JRun4/servers/admin/jmc-app.ear からデプロイ中
01/07 11:21:02 user JSPServlet: init
01/08 09:30:57 info JDBC データソースはこのサーバー用に設定されました (jrun-resources.xml を参照)
01/08 09:30:57 info JRun Web サーバー は *:8000 上でリスン中
01/08 09:30:57 info エンタープライズアプリケーション "JRun Management Console" を file:/C:/JRun4/servers/admin/jmc-app.ear からデプロイ中
01/08 09:30:57 info Web アプリケーション "JRun Management Console" を file:/C:/JRun4/servers/admin/jmc-app.ear からデプロイ中
01/08 09:30:57 user JSPServlet: init
01/14 11:21:02 info JDBC データソースはこのサーバー用に設定されました (jrun-resources.xml を参照)
01/14 11:21:02 info JRun Web サーバー は *:8000 上でリスン中
01/14 11:21:03 info エンタープライズアプリケーション "JRun Management Console" を file:/C:/JRun4/servers/admin/jmc-app.ear からデプロイ中
01/14 11:21:03 info Web アプリケーション "JRun Management Console" を file:/C:/JRun4/servers/admin/jmc-app.ear からデプロイ中
01/14 11:21:03 user JSPServlet: init
01/21 11:21:01 info JDBC データソースはこのサーバー用に設定されました (jrun-resources.xml を参照)
01/21 11:21:01 info JRun Web サーバー は *:8000 上でリスン中
01/21 11:21:01 info エンタープライズアプリケーション "JRun Management Console" を file:/C:/JRun4/servers/admin/jmc-app.ear からデプロイ中
01/21 11:21:01 info Web アプリケーション "JRun Management Console" を file:/C:/JRun4/servers/admin/jmc-app.ear からデプロイ中
01/21 11:21:02 user JSPServlet: init
01/28 11:21:04 info JDBC データソースはこのサーバー用に設定されました (jrun-resources.xml を参照)
01/28 11:21:04 info JRun Web サーバー は *:8000 上でリスン中
01/28 11:21:04 info エンタープライズアプリケーション "JRun Management Console" を file:/C:/JRun4/servers/admin/jmc-app.ear からデプロイ中
01/28 11:21:04 info Web アプリケーション "JRun Management Console" を file:/C:/JRun4/servers/admin/jmc-app.ear からデプロイ中
01/28 11:21:04 user JSPServlet: init
02/04 11:21:01 info JDBC データソースはこのサーバー用に設定されました (jrun-resources.xml を参照)
02/04 11:21:01 info JRun Web サーバー は *:8000 上でリスン中
02/04 11:21:02 info エンタープライズアプリケーション "JRun Management Console" を file:/C:/JRun4/servers/admin/jmc-app.ear からデプロイ中
02/04 11:21:02 info Web アプリケーション "JRun Management Console" を file:/C:/JRun4/servers/admin/jmc-app.ear からデプロイ中
02/04 11:21:02 user JSPServlet: init
02/11 11:21:02 info JDBC データソースはこのサーバー用に設定されました (jrun-resources.xml を参照)
02/11 11:21:02 info JRun Web サーバー は *:8000 上でリスン中
02/11 11:21:02 info エンタープライズアプリケーション "JRun Management Console" を file:/C:/JRun4/servers/admin/jmc-app.ear からデプロイ中
02/11 11:21:02 info Web アプリケーション "JRun Management Console" を file:/C:/JRun4/servers/admin/jmc-app.ear からデプロイ中
02/11 11:21:03 user JSPServlet: init
02/18 11:21:02 info JDBC データソースはこのサーバー用に設定されました (jrun-resources.xml を参照)
02/18 11:21:02 info JRun Web サーバー は *:8000 上でリスン中
02/18 11:21:02 info エンタープライズアプリケーション "JRun Management Console" を file:/C:/JRun4/servers/admin/jmc-app.ear からデプロイ中
02/18 11:21:02 info Web アプリケーション "JRun Management Console" を file:/C:/JRun4/servers/admin/jmc-app.ear からデプロイ中
02/18 11:21:02 user JSPServlet: init
02/25 11:21:31 info JDBC データソースはこのサーバー用に設定されました (jrun-resources.xml を参照)
02/25 11:21:31 info JRun Web サーバー は *:8000 上でリスン中
02/25 11:21:31 info エンタープライズアプリケーション "JRun Management Console" を file:/C:/JRun4/servers/admin/jmc-app.ear からデプロイ中
02/25 11:21:32 info Web アプリケーション "JRun Management Console" を file:/C:/JRun4/servers/admin/jmc-app.ear からデプロイ中
02/25 11:21:32 user JSPServlet: init
03/04 11:21:02 info JDBC データソースはこのサーバー用に設定されました (jrun-resources.xml を参照)
03/04 11:21:02 info JRun Web サーバー は *:8000 上でリスン中
03/04 11:21:03 info エンタープライズアプリケーション "JRun Management Console" を file:/C:/JRun4/servers/admin/jmc-app.ear からデプロイ中
03/04 11:21:03 info Web アプリケーション "JRun Management Console" を file:/C:/JRun4/servers/admin/jmc-app.ear からデプロイ中
03/04 11:21:03 user JSPServlet: init
03/11 11:21:02 info JDBC データソースはこのサーバー用に設定されました (jrun-resources.xml を参照)
03/11 11:21:02 info JRun Web サーバー は *:8000 上でリスン中
03/11 11:21:02 info エンタープライズアプリケーション "JRun Management Console" を file:/C:/JRun4/servers/admin/jmc-app.ear からデプロイ中
03/11 11:21:03 info Web アプリケーション "JRun Management Console" を file:/C:/JRun4/servers/admin/jmc-app.ear からデプロイ中
03/11 11:21:03 user JSPServlet: init
03/18 11:21:03 info JDBC データソースはこのサーバー用に設定されました (jrun-resources.xml を参照)
03/18 11:21:03 info JRun Web サーバー は *:8000 上でリスン中
03/18 11:21:03 info エンタープライズアプリケーション "JRun Management Console" を file:/C:/JRun4/servers/admin/jmc-app.ear からデプロイ中
03/18 11:21:03 info Web アプリケーション "JRun Management Console" を file:/C:/JRun4/servers/admin/jmc-app.ear からデプロイ中
03/18 11:21:03 user JSPServlet: init
03/25 11:21:01 info JDBC データソースはこのサーバー用に設定されました (jrun-resources.xml を参照)
03/25 11:21:01 info JRun Web サーバー は *:8000 上でリスン中
03/25 11:21:01 info エンタープライズアプリケーション "JRun Management Console" を file:/C:/JRun4/servers/admin/jmc-app.ear からデプロイ中
03/25 11:21:02 info Web アプリケーション "JRun Management Console" を file:/C:/JRun4/servers/admin/jmc-app.ear からデプロイ中
03/25 11:21:02 user JSPServlet: init
04/01 11:21:01 info JDBC データソースはこのサーバー用に設定されました (jrun-resources.xml を参照)
04/01 11:21:01 info JRun Web サーバー は *:8000 上でリスン中
04/01 11:21:01 info エンタープライズアプリケーション "JRun Management Console" を file:/C:/JRun4/servers/admin/jmc-app.ear からデプロイ中
04/01 11:21:02 info Web アプリケーション "JRun Management Console" を file:/C:/JRun4/servers/admin/jmc-app.ear からデプロイ中
04/01 11:21:02 user JSPServlet: init
04/08 11:21:03 info JDBC データソースはこのサーバー用に設定されました (jrun-resources.xml を参照)
04/08 11:21:03 info JRun Web サーバー は *:8000 上でリスン中
04/08 11:21:04 info エンタープライズアプリケーション "JRun Management Console" を file:/C:/JRun4/servers/admin/jmc-app.ear からデプロイ中
04/08 11:21:04 info Web アプリケーション "JRun Management Console" を file:/C:/JRun4/servers/admin/jmc-app.ear からデプロイ中
04/08 11:21:04 user JSPServlet: init
04/15 11:21:00 info JDBC データソースはこのサーバー用に設定されました (jrun-resources.xml を参照)
04/15 11:21:00 info JRun Web サーバー は *:8000 上でリスン中
04/15 11:21:00 info エンタープライズアプリケーション "JRun Management Console" を file:/C:/JRun4/servers/admin/jmc-app.ear からデプロイ中
04/15 11:21:00 info Web アプリケーション "JRun Management Console" を file:/C:/JRun4/servers/admin/jmc-app.ear からデプロイ中
04/15 11:21:01 user JSPServlet: init
04/22 11:21:02 info JDBC データソースはこのサーバー用に設定されました (jrun-resources.xml を参照)
04/22 11:21:02 info JRun Web サーバー は *:8000 上でリスン中
04/22 11:21:02 info エンタープライズアプリケーション "JRun Management Console" を file:/C:/JRun4/servers/admin/jmc-app.ear からデプロイ中
04/22 11:21:03 info Web アプリケーション "JRun Management Console" を file:/C:/JRun4/servers/admin/jmc-app.ear からデプロイ中
04/22 11:21:03 user JSPServlet: init
04/29 15:20:36 info JDBC データソースはこのサーバー用に設定されました (jrun-resources.xml を参照)
04/29 15:20:37 info JRun Web サーバー は *:8000 上でリスン中
04/29 15:20:37 info エンタープライズアプリケーション "JRun Management Console" を file:/C:/JRun4/servers/admin/jmc-app.ear からデプロイ中
04/29 15:20:37 info Web アプリケーション "JRun Management Console" を file:/C:/JRun4/servers/admin/jmc-app.ear からデプロイ中
04/29 15:20:37 user JSPServlet: init
05/06 11:21:01 info JDBC データソースはこのサーバー用に設定されました (jrun-resources.xml を参照)
05/06 11:21:01 info JRun Web サーバー は *:8000 上でリスン中
05/06 11:21:02 info エンタープライズアプリケーション "JRun Management Console" を file:/C:/JRun4/servers/admin/jmc-app.ear からデプロイ中
05/06 11:21:02 info Web アプリケーション "JRun Management Console" を file:/C:/JRun4/servers/admin/jmc-app.ear からデプロイ中
05/06 11:21:02 user JSPServlet: init
05/13 14:37:27 info JDBC データソースはこのサーバー用に設定されました (jrun-resources.xml を参照)
05/13 14:37:27 info JRun Web サーバー は *:8000 上でリスン中
05/13 14:37:27 info エンタープライズアプリケーション "JRun Management Console" を file:/C:/JRun4/servers/admin/jmc-app.ear からデプロイ中
05/13 14:37:28 info Web アプリケーション "JRun Management Console" を file:/C:/JRun4/servers/admin/jmc-app.ear からデプロイ中
05/13 14:37:28 user JSPServlet: init
05/20 11:21:01 info JDBC データソースはこのサーバー用に設定されました (jrun-resources.xml を参照)
05/20 11:21:01 info JRun Web サーバー は *:8000 上でリスン中
05/20 11:21:02 info エンタープライズアプリケーション "JRun Management Console" を file:/C:/JRun4/servers/admin/jmc-app.ear からデプロイ中
05/20 11:21:02 info Web アプリケーション "JRun Management Console" を file:/C:/JRun4/servers/admin/jmc-app.ear からデプロイ中
05/20 11:21:02 user JSPServlet: init
05/24 22:25:17 info JDBC データソースはこのサーバー用に設定されました (jrun-resources.xml を参照)
05/24 22:25:17 info JRun Web サーバー は *:8000 上でリスン中
05/24 22:25:17 info エンタープライズアプリケーション "JRun Management Console" を file:/C:/JRun4/servers/admin/jmc-app.ear からデプロイ中
05/24 22:25:18 info Web アプリケーション "JRun Management Console" を file:/C:/JRun4/servers/admin/jmc-app.ear からデプロイ中
05/24 22:25:18 user JSPServlet: init
05/27 11:21:01 info JDBC データソースはこのサーバー用に設定されました (jrun-resources.xml を参照)
05/27 11:21:01 info JRun Web サーバー は *:8000 上でリスン中
05/27 11:21:02 info エンタープライズアプリケーション "JRun Management Console" を file:/C:/JRun4/servers/admin/jmc-app.ear からデプロイ中
05/27 11:21:02 info Web アプリケーション "JRun Management Console" を file:/C:/JRun4/servers/admin/jmc-app.ear からデプロイ中
05/27 11:21:02 user JSPServlet: init
06/03 11:21:01 info JDBC データソースはこのサーバー用に設定されました (jrun-resources.xml を参照)
06/03 11:21:01 info JRun Web サーバー は *:8000 上でリスン中
06/03 11:21:02 info エンタープライズアプリケーション "JRun Management Console" を file:/C:/JRun4/servers/admin/jmc-app.ear からデプロイ中
06/03 11:21:02 info Web アプリケーション "JRun Management Console" を file:/C:/JRun4/servers/admin/jmc-app.ear からデプロイ中
06/03 11:21:02 user JSPServlet: init
06/10 11:21:00 info JDBC データソースはこのサーバー用に設定されました (jrun-resources.xml を参照)
06/10 11:21:01 info JRun Web サーバー は *:8000 上でリスン中
06/10 11:21:01 info エンタープライズアプリケーション "JRun Management Console" を file:/C:/JRun4/servers/admin/jmc-app.ear からデプロイ中
06/10 11:21:01 info Web アプリケーション "JRun Management Console" を file:/C:/JRun4/servers/admin/jmc-app.ear からデプロイ中
06/10 11:21:01 user JSPServlet: init
06/17 11:21:01 info JDBC データソースはこのサーバー用に設定されました (jrun-resources.xml を参照)
06/17 11:21:01 info JRun Web サーバー は *:8000 上でリスン中
06/17 11:21:01 info エンタープライズアプリケーション "JRun Management Console" を file:/C:/JRun4/servers/admin/jmc-app.ear からデプロイ中
06/17 11:21:02 info Web アプリケーション "JRun Management Console" を file:/C:/JRun4/servers/admin/jmc-app.ear からデプロイ中
06/17 11:21:02 user JSPServlet: init
06/24 11:21:00 info JDBC データソースはこのサーバー用に設定されました (jrun-resources.xml を参照)
06/24 11:21:00 info JRun Web サーバー は *:8000 上でリスン中
06/24 11:21:01 info エンタープライズアプリケーション "JRun Management Console" を file:/C:/JRun4/servers/admin/jmc-app.ear からデプロイ中
06/24 11:21:01 info Web アプリケーション "JRun Management Console" を file:/C:/JRun4/servers/admin/jmc-app.ear からデプロイ中
06/24 11:21:01 user JSPServlet: init
07/01 11:21:00 info JDBC データソースはこのサーバー用に設定されました (jrun-resources.xml を参照)
07/01 11:21:00 info JRun Web サーバー は *:8000 上でリスン中
07/01 11:21:01 info エンタープライズアプリケーション "JRun Management Console" を file:/C:/JRun4/servers/admin/jmc-app.ear からデプロイ中
07/01 11:21:01 info Web アプリケーション "JRun Management Console" を file:/C:/JRun4/servers/admin/jmc-app.ear からデプロイ中
07/01 11:21:01 user JSPServlet: init
07/08 11:21:01 info JDBC データソースはこのサーバー用に設定されました (jrun-resources.xml を参照)
07/08 11:21:01 info JRun Web サーバー は *:8000 上でリスン中
07/08 11:21:01 info エンタープライズアプリケーション "JRun Management Console" を file:/C:/JRun4/servers/admin/jmc-app.ear からデプロイ中
07/08 11:21:02 info Web アプリケーション "JRun Management Console" を file:/C:/JRun4/servers/admin/jmc-app.ear からデプロイ中
07/08 11:21:02 user JSPServlet: init
07/17 09:06:05 info JDBC データソースはこのサーバー用に設定されました (jrun-resources.xml を参照)
07/17 09:06:05 info JRun Web サーバー は *:8000 上でリスン中
07/17 09:06:05 info エンタープライズアプリケーション "JRun Management Console" を file:/C:/JRun4/servers/admin/jmc-app.ear からデプロイ中
07/17 09:06:05 info Web アプリケーション "JRun Management Console" を file:/C:/JRun4/servers/admin/jmc-app.ear からデプロイ中
07/17 09:06:05 user JSPServlet: init
07/17 20:47:56 info JDBC データソースはこのサーバー用に設定されました (jrun-resources.xml を参照)
07/17 20:47:56 info JRun Web サーバー は *:8000 上でリスン中
07/17 20:47:57 info エンタープライズアプリケーション "JRun Management Console" を file:/C:/JRun4/servers/admin/jmc-app.ear からデプロイ中
07/17 20:47:57 info Web アプリケーション "JRun Management Console" を file:/C:/JRun4/servers/admin/jmc-app.ear からデプロイ中
07/17 20:47:57 user JSPServlet: init
07/17 20:59:45 info JDBC データソースはこのサーバー用に設定されました (jrun-resources.xml を参照)
07/17 20:59:45 info JRun Web サーバー は *:8000 上でリスン中
07/17 20:59:45 info エンタープライズアプリケーション "JRun Management Console" を file:/C:/JRun4/servers/admin/jmc-app.ear からデプロイ中
07/17 20:59:45 info Web アプリケーション "JRun Management Console" を file:/C:/JRun4/servers/admin/jmc-app.ear からデプロイ中
07/17 20:59:45 user JSPServlet: init
07/23 08:26:49 info JDBC データソースはこのサーバー用に設定されました (jrun-resources.xml を参照)
07/23 08:26:49 info JRun Web サーバー は *:8000 上でリスン中
07/23 08:26:50 info エンタープライズアプリケーション "JRun Management Console" を file:/C:/JRun4/servers/admin/jmc-app.ear からデプロイ中
07/23 08:26:50 info Web アプリケーション "JRun Management Console" を file:/C:/JRun4/servers/admin/jmc-app.ear からデプロイ中
07/23 08:26:51 user JSPServlet: init
07/26 19:40:38 info JDBC データソースはこのサーバー用に設定されました (jrun-resources.xml を参照)
07/26 19:40:38 info JRun Web サーバー は *:8000 上でリスン中
07/26 19:40:38 info エンタープライズアプリケーション "JRun Management Console" を file:/C:/JRun4/servers/admin/jmc-app.ear からデプロイ中
07/26 19:40:38 info Web アプリケーション "JRun Management Console" を file:/C:/JRun4/servers/admin/jmc-app.ear からデプロイ中
07/26 19:40:39 user JSPServlet: init
07/26 19:53:01 info JDBC データソースはこのサーバー用に設定されました (jrun-resources.xml を参照)
07/26 19:53:01 info JRun Web サーバー は *:8000 上でリスン中
07/26 19:53:01 info エンタープライズアプリケーション "JRun Management Console" を file:/C:/JRun4/servers/admin/jmc-app.ear からデプロイ中
07/26 19:53:01 info Web アプリケーション "JRun Management Console" を file:/C:/JRun4/servers/admin/jmc-app.ear からデプロイ中
07/26 19:53:01 user JSPServlet: init
07/26 20:06:02 info JDBC データソースはこのサーバー用に設定されました (jrun-resources.xml を参照)
07/26 20:06:02 info JRun Web サーバー は *:8000 上でリスン中
07/26 20:06:02 info エンタープライズアプリケーション "JRun Management Console" を file:/C:/JRun4/servers/admin/jmc-app.ear からデプロイ中
07/26 20:06:02 info Web アプリケーション "JRun Management Console" を file:/C:/JRun4/servers/admin/jmc-app.ear からデプロイ中
07/26 20:06:03 user JSPServlet: init
07/26 21:26:05 info JDBC データソースはこのサーバー用に設定されました (jrun-resources.xml を参照)
07/26 21:26:05 info JRun Web サーバー は *:8000 上でリスン中
07/26 21:26:05 info エンタープライズアプリケーション "JRun Management Console" を file:/C:/JRun4/servers/admin/jmc-app.ear からデプロイ中
07/26 21:26:05 info Web アプリケーション "JRun Management Console" を file:/C:/JRun4/servers/admin/jmc-app.ear からデプロイ中
07/26 21:26:05 user JSPServlet: init
07/26 21:42:01 info JDBC データソースはこのサーバー用に設定されました (jrun-resources.xml を参照)
07/26 21:42:01 info JRun Web サーバー は *:8000 上でリスン中
07/26 21:42:01 info エンタープライズアプリケーション "JRun Management Console" を file:/C:/JRun4/servers/admin/jmc-app.ear からデプロイ中
07/26 21:42:01 info Web アプリケーション "JRun Management Console" を file:/C:/JRun4/servers/admin/jmc-app.ear からデプロイ中
07/26 21:42:01 user JSPServlet: init
07/26 21:54:00 info JDBC データソースはこのサーバー用に設定されました (jrun-resources.xml を参照)
07/26 21:54:00 info JRun Web サーバー は *:8000 上でリスン中
07/26 21:54:00 info エンタープライズアプリケーション "JRun Management Console" を file:/C:/JRun4/servers/admin/jmc-app.ear からデプロイ中
07/26 21:54:00 info Web アプリケーション "JRun Management Console" を file:/C:/JRun4/servers/admin/jmc-app.ear からデプロイ中
07/26 21:54:00 user JSPServlet: init
07/26 22:06:01 info JDBC データソースはこのサーバー用に設定されました (jrun-resources.xml を参照)
07/26 22:06:01 info JRun Web サーバー は *:8000 上でリスン中
07/26 22:06:01 info エンタープライズアプリケーション "JRun Management Console" を file:/C:/JRun4/servers/admin/jmc-app.ear からデプロイ中
07/26 22:06:01 info Web アプリケーション "JRun Management Console" を file:/C:/JRun4/servers/admin/jmc-app.ear からデプロイ中
07/26 22:06:01 user JSPServlet: init
07/26 22:18:00 info JDBC データソースはこのサーバー用に設定されました (jrun-resources.xml を参照)
07/26 22:18:00 info JRun Web サーバー は *:8000 上でリスン中
07/26 22:18:00 info エンタープライズアプリケーション "JRun Management Console" を file:/C:/JRun4/servers/admin/jmc-app.ear からデプロイ中
07/26 22:18:00 info Web アプリケーション "JRun Management Console" を file:/C:/JRun4/servers/admin/jmc-app.ear からデプロイ中
07/26 22:18:01 user JSPServlet: init
07/26 22:32:01 info JDBC データソースはこのサーバー用に設定されました (jrun-resources.xml を参照)
07/26 22:32:01 info JRun Web サーバー は *:8000 上でリスン中
07/26 22:32:01 info エンタープライズアプリケーション "JRun Management Console" を file:/C:/JRun4/servers/admin/jmc-app.ear からデプロイ中
07/26 22:32:01 info Web アプリケーション "JRun Management Console" を file:/C:/JRun4/servers/admin/jmc-app.ear からデプロイ中
07/26 22:32:02 user JSPServlet: init
07/29 11:21:10 info JDBC データソースはこのサーバー用に設定されました (jrun-resources.xml を参照)
07/29 11:21:10 info JRun Web サーバー は *:8000 上でリスン中
07/29 11:21:10 info エンタープライズアプリケーション "JRun Management Console" を file:/C:/JRun4/servers/admin/jmc-app.ear からデプロイ中
07/29 11:21:11 info Web アプリケーション "JRun Management Console" を file:/C:/JRun4/servers/admin/jmc-app.ear からデプロイ中
07/29 11:21:11 user JSPServlet: init
08/05 11:26:00 info JDBC データソースはこのサーバー用に設定されました (jrun-resources.xml を参照)
08/05 11:26:00 info JRun Web サーバー は *:8000 上でリスン中
08/05 11:26:00 info エンタープライズアプリケーション "JRun Management Console" を file:/C:/JRun4/servers/admin/jmc-app.ear からデプロイ中
08/05 11:26:00 info Web アプリケーション "JRun Management Console" を file:/C:/JRun4/servers/admin/jmc-app.ear からデプロイ中
08/05 11:26:01 user JSPServlet: init
08/12 11:26:00 info JDBC データソースはこのサーバー用に設定されました (jrun-resources.xml を参照)
08/12 11:26:00 info JRun Web サーバー は *:8000 上でリスン中
08/12 11:26:00 info エンタープライズアプリケーション "JRun Management Console" を file:/C:/JRun4/servers/admin/jmc-app.ear からデプロイ中
08/12 11:26:00 info Web アプリケーション "JRun Management Console" を file:/C:/JRun4/servers/admin/jmc-app.ear からデプロイ中
08/12 11:26:01 user JSPServlet: init
08/19 11:26:00 info JDBC データソースはこのサーバー用に設定されました (jrun-resources.xml を参照)
08/19 11:26:00 info JRun Web サーバー は *:8000 上でリスン中
08/19 11:26:00 info エンタープライズアプリケーション "JRun Management Console" を file:/C:/JRun4/servers/admin/jmc-app.ear からデプロイ中
08/19 11:26:00 info Web アプリケーション "JRun Management Console" を file:/C:/JRun4/servers/admin/jmc-app.ear からデプロイ中
08/19 11:26:01 user JSPServlet: init
08/26 11:26:29 info JDBC データソースはこのサーバー用に設定されました (jrun-resources.xml を参照)
08/26 11:26:29 info JRun Web サーバー は *:8000 上でリスン中
08/26 11:26:29 info エンタープライズアプリケーション "JRun Management Console" を file:/C:/JRun4/servers/admin/jmc-app.ear からデプロイ中
08/26 11:26:30 info Web アプリケーション "JRun Management Console" を file:/C:/JRun4/servers/admin/jmc-app.ear からデプロイ中
08/26 11:26:30 user JSPServlet: init
09/02 11:25:59 info JDBC データソースはこのサーバー用に設定されました (jrun-resources.xml を参照)
09/02 11:25:59 info JRun Web サーバー は *:8000 上でリスン中
09/02 11:25:59 info エンタープライズアプリケーション "JRun Management Console" を file:/C:/JRun4/servers/admin/jmc-app.ear からデプロイ中
09/02 11:25:59 info Web アプリケーション "JRun Management Console" を file:/C:/JRun4/servers/admin/jmc-app.ear からデプロイ中
09/02 11:26:00 user JSPServlet: init
09/09 11:26:00 info JDBC データソースはこのサーバー用に設定されました (jrun-resources.xml を参照)
09/09 11:26:00 info JRun Web サーバー は *:8000 上でリスン中
09/09 11:26:00 info エンタープライズアプリケーション "JRun Management Console" を file:/C:/JRun4/servers/admin/jmc-app.ear からデプロイ中
09/09 11:26:00 info Web アプリケーション "JRun Management Console" を file:/C:/JRun4/servers/admin/jmc-app.ear からデプロイ中
09/09 11:26:01 user JSPServlet: init
09/16 11:26:00 info JDBC データソースはこのサーバー用に設定されました (jrun-resources.xml を参照)
09/16 11:26:00 info JRun Web サーバー は *:8000 上でリスン中
09/16 11:26:00 info エンタープライズアプリケーション "JRun Management Console" を file:/C:/JRun4/servers/admin/jmc-app.ear からデプロイ中
09/16 11:26:00 info Web アプリケーション "JRun Management Console" を file:/C:/JRun4/servers/admin/jmc-app.ear からデプロイ中
09/16 11:26:00 user JSPServlet: init
09/23 11:26:00 info JDBC データソースはこのサーバー用に設定されました (jrun-resources.xml を参照)
09/23 11:26:00 info JRun Web サーバー は *:8000 上でリスン中
09/23 11:26:00 info エンタープライズアプリケーション "JRun Management Console" を file:/C:/JRun4/servers/admin/jmc-app.ear からデプロイ中
09/23 11:26:00 info Web アプリケーション "JRun Management Console" を file:/C:/JRun4/servers/admin/jmc-app.ear からデプロイ中
09/23 11:26:01 user JSPServlet: init
09/30 11:26:00 info JDBC データソースはこのサーバー用に設定されました (jrun-resources.xml を参照)
09/30 11:26:00 info JRun Web サーバー は *:8000 上でリスン中
09/30 11:26:00 info エンタープライズアプリケーション "JRun Management Console" を file:/C:/JRun4/servers/admin/jmc-app.ear からデプロイ中
09/30 11:26:01 info Web アプリケーション "JRun Management Console" を file:/C:/JRun4/servers/admin/jmc-app.ear からデプロイ中
09/30 11:26:01 user JSPServlet: init
10/08 18:49:46 info JDBC データソースはこのサーバー用に設定されました (jrun-resources.xml を参照)
10/08 18:49:46 info JRun Web サーバー は *:8000 上でリスン中
10/08 18:49:46 info エンタープライズアプリケーション "JRun Management Console" を file:/C:/JRun4/servers/admin/jmc-app.ear からデプロイ中
10/08 18:49:46 info Web アプリケーション "JRun Management Console" を file:/C:/JRun4/servers/admin/jmc-app.ear からデプロイ中
10/08 18:49:46 user JSPServlet: init
10/08 20:25:37 info JDBC データソースはこのサーバー用に設定されました (jrun-resources.xml を参照)
10/08 20:25:37 info JRun Web サーバー は *:8000 上でリスン中
10/08 20:25:37 info エンタープライズアプリケーション "JRun Management Console" を file:/C:/JRun4/servers/admin/jmc-app.ear からデプロイ中
10/08 20:25:38 info Web アプリケーション "JRun Management Console" を file:/C:/JRun4/servers/admin/jmc-app.ear からデプロイ中
10/08 20:25:38 user JSPServlet: init
10/08 20:38:46 info JDBC データソースはこのサーバー用に設定されました (jrun-resources.xml を参照)
10/08 20:38:46 info JRun Web サーバー は *:8000 上でリスン中
10/08 20:38:46 info エンタープライズアプリケーション "JRun Management Console" を file:/C:/JRun4/servers/admin/jmc-app.ear からデプロイ中
10/08 20:38:46 info Web アプリケーション "JRun Management Console" を file:/C:/JRun4/servers/admin/jmc-app.ear からデプロイ中
10/08 20:38:46 user JSPServlet: init
10/09 08:39:47 info JDBC データソースはこのサーバー用に設定されました (jrun-resources.xml を参照)
10/09 08:39:47 info JRun Web サーバー は *:8000 上でリスン中
10/09 08:39:47 info エンタープライズアプリケーション "JRun Management Console" を file:/C:/JRun4/servers/admin/jmc-app.ear からデプロイ中
10/09 08:39:48 info Web アプリケーション "JRun Management Console" を file:/C:/JRun4/servers/admin/jmc-app.ear からデプロイ中
10/09 08:39:48 user JSPServlet: init
10/14 11:26:05 info JDBC データソースはこのサーバー用に設定されました (jrun-resources.xml を参照)
10/14 11:26:05 info JRun Web サーバー は *:8000 上でリスン中
10/14 11:26:06 info エンタープライズアプリケーション "JRun Management Console" を file:/C:/JRun4/servers/admin/jmc-app.ear からデプロイ中
10/14 11:26:06 info Web アプリケーション "JRun Management Console" を file:/C:/JRun4/servers/admin/jmc-app.ear からデプロイ中
10/14 11:26:06 user JSPServlet: init
10/16 21:24:09 info JDBC データソースはこのサーバー用に設定されました (jrun-resources.xml を参照)
10/16 21:24:09 info JRun Web サーバー は *:8000 上でリスン中
10/16 21:24:09 info エンタープライズアプリケーション "JRun Management Console" を file:/C:/JRun4/servers/admin/jmc-app.ear からデプロイ中
10/16 21:24:10 info Web アプリケーション "JRun Management Console" を file:/C:/JRun4/servers/admin/jmc-app.ear からデプロイ中
10/16 21:24:10 user JSPServlet: init
10/21 11:26:04 info JDBC データソースはこのサーバー用に設定されました (jrun-resources.xml を参照)
10/21 11:26:04 info JRun Web サーバー は *:8000 上でリスン中
10/21 11:26:04 info エンタープライズアプリケーション "JRun Management Console" を file:/C:/JRun4/servers/admin/jmc-app.ear からデプロイ中
10/21 11:26:04 info Web アプリケーション "JRun Management Console" を file:/C:/JRun4/servers/admin/jmc-app.ear からデプロイ中
10/21 11:26:04 user JSPServlet: init
10/28 11:26:04 info JDBC データソースはこのサーバー用に設定されました (jrun-resources.xml を参照)
10/28 11:26:04 info JRun Web サーバー は *:8000 上でリスン中
10/28 11:26:04 info エンタープライズアプリケーション "JRun Management Console" を file:/C:/JRun4/servers/admin/jmc-app.ear からデプロイ中
10/28 11:26:04 info Web アプリケーション "JRun Management Console" を file:/C:/JRun4/servers/admin/jmc-app.ear からデプロイ中
10/28 11:26:05 user JSPServlet: init
11/04 11:26:04 info JDBC データソースはこのサーバー用に設定されました (jrun-resources.xml を参照)
11/04 11:26:04 info JRun Web サーバー は *:8000 上でリスン中
11/04 11:26:04 info エンタープライズアプリケーション "JRun Management Console" を file:/C:/JRun4/servers/admin/jmc-app.ear からデプロイ中
11/04 11:26:04 info Web アプリケーション "JRun Management Console" を file:/C:/JRun4/servers/admin/jmc-app.ear からデプロイ中
11/04 11:26:05 user JSPServlet: init
11/11 11:26:05 info JDBC データソースはこのサーバー用に設定されました (jrun-resources.xml を参照)
11/11 11:26:05 info JRun Web サーバー は *:8000 上でリスン中
11/11 11:26:05 info エンタープライズアプリケーション "JRun Management Console" を file:/C:/JRun4/servers/admin/jmc-app.ear からデプロイ中
11/11 11:26:05 info Web アプリケーション "JRun Management Console" を file:/C:/JRun4/servers/admin/jmc-app.ear からデプロイ中
11/11 11:26:05 user JSPServlet: init
11/18 11:26:04 info JDBC データソースはこのサーバー用に設定されました (jrun-resources.xml を参照)
11/18 11:26:04 info JRun Web サーバー は *:8000 上でリスン中
11/18 11:26:04 info エンタープライズアプリケーション "JRun Management Console" を file:/C:/JRun4/servers/admin/jmc-app.ear からデプロイ中
11/18 11:26:04 info Web アプリケーション "JRun Management Console" を file:/C:/JRun4/servers/admin/jmc-app.ear からデプロイ中
11/18 11:26:05 user JSPServlet: init
11/25 11:26:04 info JDBC データソースはこのサーバー用に設定されました (jrun-resources.xml を参照)
11/25 11:26:04 info JRun Web サーバー は *:8000 上でリスン中
11/25 11:26:04 info エンタープライズアプリケーション "JRun Management Console" を file:/C:/JRun4/servers/admin/jmc-app.ear からデプロイ中
11/25 11:26:04 info Web アプリケーション "JRun Management Console" を file:/C:/JRun4/servers/admin/jmc-app.ear からデプロイ中
11/25 11:26:04 user JSPServlet: init
12/02 11:26:05 info JDBC データソースはこのサーバー用に設定されました (jrun-resources.xml を参照)
12/02 11:26:05 info JRun Web サーバー は *:8000 上でリスン中
12/02 11:26:05 info エンタープライズアプリケーション "JRun Management Console" を file:/C:/JRun4/servers/admin/jmc-app.ear からデプロイ中
12/02 11:26:05 info Web アプリケーション "JRun Management Console" を file:/C:/JRun4/servers/admin/jmc-app.ear からデプロイ中
12/02 11:26:06 user JSPServlet: init
12/09 11:26:04 info JDBC データソースはこのサーバー用に設定されました (jrun-resources.xml を参照)
12/09 11:26:04 info JRun Web サーバー は *:8000 上でリスン中
12/09 11:26:04 info エンタープライズアプリケーション "JRun Management Console" を file:/C:/JRun4/servers/admin/jmc-app.ear からデプロイ中
12/09 11:26:04 info Web アプリケーション "JRun Management Console" を file:/C:/JRun4/servers/admin/jmc-app.ear からデプロイ中
12/09 11:26:04 user JSPServlet: init
12/15 12:52:34 info JDBC データソースはこのサーバー用に設定されました (jrun-resources.xml を参照)
12/15 12:52:35 info JRun Web サーバー は *:8000 上でリスン中
12/15 12:52:35 info エンタープライズアプリケーション "JRun Management Console" を file:/C:/JRun4/servers/admin/jmc-app.ear からデプロイ中
12/15 12:52:35 info Web アプリケーション "JRun Management Console" を file:/C:/JRun4/servers/admin/jmc-app.ear からデプロイ中
12/15 12:52:35 user JSPServlet: init
12/15 13:24:49 info JDBC データソースはこのサーバー用に設定されました (jrun-resources.xml を参照)
12/15 13:24:49 info JRun Web サーバー は *:8000 上でリスン中
12/15 13:24:49 info エンタープライズアプリケーション "JRun Management Console" を file:/C:/JRun4/servers/admin/jmc-app.ear からデプロイ中
12/15 13:24:49 info Web アプリケーション "JRun Management Console" を file:/C:/JRun4/servers/admin/jmc-app.ear からデプロイ中
12/15 13:24:49 user JSPServlet: init
12/16 11:26:04 info JDBC データソースはこのサーバー用に設定されました (jrun-resources.xml を参照)
12/16 11:26:04 info JRun Web サーバー は *:8000 上でリスン中
12/16 11:26:04 info エンタープライズアプリケーション "JRun Management Console" を file:/C:/JRun4/servers/admin/jmc-app.ear からデプロイ中
12/16 11:26:04 info Web アプリケーション "JRun Management Console" を file:/C:/JRun4/servers/admin/jmc-app.ear からデプロイ中
12/16 11:26:04 user JSPServlet: init
12/23 11:26:05 info JDBC データソースはこのサーバー用に設定されました (jrun-resources.xml を参照)
12/23 11:26:05 info JRun Web サーバー は *:8000 上でリスン中
12/23 11:26:05 info エンタープライズアプリケーション "JRun Management Console" を file:/C:/JRun4/servers/admin/jmc-app.ear からデプロイ中
12/23 11:26:06 info Web アプリケーション "JRun Management Console" を file:/C:/JRun4/servers/admin/jmc-app.ear からデプロイ中
12/23 11:26:06 user JSPServlet: init
12/31 09:16:17 info JDBC データソースはこのサーバー用に設定されました (jrun-resources.xml を参照)
12/31 09:16:17 info JRun Web サーバー は *:8000 上でリスン中
12/31 09:16:18 info エンタープライズアプリケーション "JRun Management Console" を file:/C:/JRun4/servers/admin/jmc-app.ear からデプロイ中
12/31 09:16:18 info Web アプリケーション "JRun Management Console" を file:/C:/JRun4/servers/admin/jmc-app.ear からデプロイ中
12/31 09:16:18 user JSPServlet: init
01/06 14:57:07 info JDBC データソースはこのサーバー用に設定されました (jrun-resources.xml を参照)
01/06 14:57:07 info JRun Web サーバー は *:8000 上でリスン中
01/06 14:57:07 info エンタープライズアプリケーション "JRun Management Console" を file:/C:/JRun4/servers/admin/jmc-app.ear からデプロイ中
01/06 14:57:07 info Web アプリケーション "JRun Management Console" を file:/C:/JRun4/servers/admin/jmc-app.ear からデプロイ中
01/06 14:57:07 user JSPServlet: init
01/08 20:14:46 info JDBC データソースはこのサーバー用に設定されました (jrun-resources.xml を参照)
01/08 20:14:46 info JRun Web サーバー は *:8000 上でリスン中
01/08 20:14:47 info エンタープライズアプリケーション "JRun Management Console" を file:/C:/JRun4/servers/admin/jmc-app.ear からデプロイ中
01/08 20:14:47 info Web アプリケーション "JRun Management Console" を file:/C:/JRun4/servers/admin/jmc-app.ear からデプロイ中
01/08 20:14:47 user JSPServlet: init
01/13 11:26:07 info JDBC データソースはこのサーバー用に設定されました (jrun-resources.xml を参照)
01/13 11:26:07 info JRun Web サーバー は *:8000 上でリスン中
01/13 11:26:07 info エンタープライズアプリケーション "JRun Management Console" を file:/C:/JRun4/servers/admin/jmc-app.ear からデプロイ中
01/13 11:26:07 info Web アプリケーション "JRun Management Console" を file:/C:/JRun4/servers/admin/jmc-app.ear からデプロイ中
01/13 11:26:07 user JSPServlet: init
01/20 11:26:07 info JDBC データソースはこのサーバー用に設定されました (jrun-resources.xml を参照)
01/20 11:26:07 info JRun Web サーバー は *:8000 上でリスン中
01/20 11:26:07 info エンタープライズアプリケーション "JRun Management Console" を file:/C:/JRun4/servers/admin/jmc-app.ear からデプロイ中
01/20 11:26:07 info Web アプリケーション "JRun Management Console" を file:/C:/JRun4/servers/admin/jmc-app.ear からデプロイ中
01/20 11:26:07 user JSPServlet: init
01/27 11:26:06 info JDBC データソースはこのサーバー用に設定されました (jrun-resources.xml を参照)
01/27 11:26:06 info JRun Web サーバー は *:8000 上でリスン中
01/27 11:26:06 info エンタープライズアプリケーション "JRun Management Console" を file:/C:/JRun4/servers/admin/jmc-app.ear からデプロイ中
01/27 11:26:06 info Web アプリケーション "JRun Management Console" を file:/C:/JRun4/servers/admin/jmc-app.ear からデプロイ中
01/27 11:26:07 user JSPServlet: init
02/03 11:26:07 info JDBC データソースはこのサーバー用に設定されました (jrun-resources.xml を参照)
02/03 11:26:07 info JRun Web サーバー は *:8000 上でリスン中
02/03 11:26:07 info エンタープライズアプリケーション "JRun Management Console" を file:/C:/JRun4/servers/admin/jmc-app.ear からデプロイ中
02/03 11:26:08 info Web アプリケーション "JRun Management Console" を file:/C:/JRun4/servers/admin/jmc-app.ear からデプロイ中
02/03 11:26:08 user JSPServlet: init
02/04 19:57:41 info JDBC データソースはこのサーバー用に設定されました (jrun-resources.xml を参照)
02/04 19:57:41 info JRun Web サーバー は *:8000 上でリスン中
02/04 19:57:41 info エンタープライズアプリケーション "JRun Management Console" を file:/C:/JRun4/servers/admin/jmc-app.ear からデプロイ中
02/04 19:57:41 info Web アプリケーション "JRun Management Console" を file:/C:/JRun4/servers/admin/jmc-app.ear からデプロイ中
02/04 19:57:41 user JSPServlet: init
02/04 20:49:12 info JDBC データソースはこのサーバー用に設定されました (jrun-resources.xml を参照)
02/04 20:49:12 info JRun Web サーバー は *:8000 上でリスン中
02/04 20:49:12 info エンタープライズアプリケーション "JRun Management Console" を file:/C:/JRun4/servers/admin/jmc-app.ear からデプロイ中
02/04 20:49:12 info Web アプリケーション "JRun Management Console" を file:/C:/JRun4/servers/admin/jmc-app.ear からデプロイ中
02/04 20:49:12 user JSPServlet: init
02/10 11:26:07 info JDBC データソースはこのサーバー用に設定されました (jrun-resources.xml を参照)
02/10 11:26:07 info JRun Web サーバー は *:8000 上でリスン中
02/10 11:26:07 info エンタープライズアプリケーション "JRun Management Console" を file:/C:/JRun4/servers/admin/jmc-app.ear からデプロイ中
02/10 11:26:07 info Web アプリケーション "JRun Management Console" を file:/C:/JRun4/servers/admin/jmc-app.ear からデプロイ中
02/10 11:26:07 user JSPServlet: init
02/17 11:26:08 info JDBC データソースはこのサーバー用に設定されました (jrun-resources.xml を参照)
02/17 11:26:08 info JRun Web サーバー は *:8000 上でリスン中
02/17 11:26:08 info エンタープライズアプリケーション "JRun Management Console" を file:/C:/JRun4/servers/admin/jmc-app.ear からデプロイ中
02/17 11:26:08 info Web アプリケーション "JRun Management Console" を file:/C:/JRun4/servers/admin/jmc-app.ear からデプロイ中
02/17 11:26:09 user JSPServlet: init
02/24 11:26:07 info JDBC データソースはこのサーバー用に設定されました (jrun-resources.xml を参照)
02/24 11:26:07 info JRun Web サーバー は *:8000 上でリスン中
02/24 11:26:07 info エンタープライズアプリケーション "JRun Management Console" を file:/C:/JRun4/servers/admin/jmc-app.ear からデプロイ中
02/24 11:26:07 info Web アプリケーション "JRun Management Console" を file:/C:/JRun4/servers/admin/jmc-app.ear からデプロイ中
02/24 11:26:08 user JSPServlet: init
03/02 13:48:33 info JDBC データソースはこのサーバー用に設定されました (jrun-resources.xml を参照)
03/02 13:48:33 info JRun Web サーバー は *:8000 上でリスン中
03/02 13:48:33 info エンタープライズアプリケーション "JRun Management Console" を file:/C:/JRun4/servers/admin/jmc-app.ear からデプロイ中
03/02 13:48:33 info Web アプリケーション "JRun Management Console" を file:/C:/JRun4/servers/admin/jmc-app.ear からデプロイ中
03/02 13:48:33 user JSPServlet: init
03/09 11:26:09 info JDBC データソースはこのサーバー用に設定されました (jrun-resources.xml を参照)
03/09 11:26:09 info JRun Web サーバー は *:8000 上でリスン中
03/09 11:26:09 info エンタープライズアプリケーション "JRun Management Console" を file:/C:/JRun4/servers/admin/jmc-app.ear からデプロイ中
03/09 11:26:09 info Web アプリケーション "JRun Management Console" を file:/C:/JRun4/servers/admin/jmc-app.ear からデプロイ中
03/09 11:26:09 user JSPServlet: init
03/16 11:26:07 info JDBC データソースはこのサーバー用に設定されました (jrun-resources.xml を参照)
03/16 11:26:07 info JRun Web サーバー は *:8000 上でリスン中
03/16 11:26:07 info エンタープライズアプリケーション "JRun Management Console" を file:/C:/JRun4/servers/admin/jmc-app.ear からデプロイ中
03/16 11:26:07 info Web アプリケーション "JRun Management Console" を file:/C:/JRun4/servers/admin/jmc-app.ear からデプロイ中
03/16 11:26:07 user JSPServlet: init
03/23 11:26:07 info JDBC データソースはこのサーバー用に設定されました (jrun-resources.xml を参照)
03/23 11:26:07 info JRun Web サーバー は *:8000 上でリスン中
03/23 11:26:07 info エンタープライズアプリケーション "JRun Management Console" を file:/C:/JRun4/servers/admin/jmc-app.ear からデプロイ中
03/23 11:26:07 info Web アプリケーション "JRun Management Console" を file:/C:/JRun4/servers/admin/jmc-app.ear からデプロイ中
03/23 11:26:07 user JSPServlet: init
03/30 14:21:10 info JDBC データソースはこのサーバー用に設定されました (jrun-resources.xml を参照)
03/30 14:21:10 info JRun Web サーバー は *:8000 上でリスン中
03/30 14:21:10 info エンタープライズアプリケーション "JRun Management Console" を file:/C:/JRun4/servers/admin/jmc-app.ear からデプロイ中
03/30 14:21:11 info Web アプリケーション "JRun Management Console" を file:/C:/JRun4/servers/admin/jmc-app.ear からデプロイ中
03/30 14:21:11 user JSPServlet: init
04/06 11:26:07 info JDBC データソースはこのサーバー用に設定されました (jrun-resources.xml を参照)
04/06 11:26:07 info JRun Web サーバー は *:8000 上でリスン中
04/06 11:26:07 info エンタープライズアプリケーション "JRun Management Console" を file:/C:/JRun4/servers/admin/jmc-app.ear からデプロイ中
04/06 11:26:07 info Web アプリケーション "JRun Management Console" を file:/C:/JRun4/servers/admin/jmc-app.ear からデプロイ中
04/06 11:26:08 user JSPServlet: init
04/13 11:26:09 info JDBC データソースはこのサーバー用に設定されました (jrun-resources.xml を参照)
04/13 11:26:09 info JRun Web サーバー は *:8000 上でリスン中
04/13 11:26:09 info エンタープライズアプリケーション "JRun Management Console" を file:/C:/JRun4/servers/admin/jmc-app.ear からデプロイ中
04/13 11:26:10 info Web アプリケーション "JRun Management Console" を file:/C:/JRun4/servers/admin/jmc-app.ear からデプロイ中
04/13 11:26:10 user JSPServlet: init
04/20 11:26:07 info JDBC データソースはこのサーバー用に設定されました (jrun-resources.xml を参照)
04/20 11:26:07 info JRun Web サーバー は *:8000 上でリスン中
04/20 11:26:07 info エンタープライズアプリケーション "JRun Management Console" を file:/C:/JRun4/servers/admin/jmc-app.ear からデプロイ中
04/20 11:26:08 info Web アプリケーション "JRun Management Console" を file:/C:/JRun4/servers/admin/jmc-app.ear からデプロイ中
04/20 11:26:08 user JSPServlet: init
04/27 11:26:38 info JDBC データソースはこのサーバー用に設定されました (jrun-resources.xml を参照)
04/27 11:26:38 info JRun Web サーバー は *:8000 上でリスン中
04/27 11:26:38 info エンタープライズアプリケーション "JRun Management Console" を file:/C:/JRun4/servers/admin/jmc-app.ear からデプロイ中
04/27 11:26:38 info Web アプリケーション "JRun Management Console" を file:/C:/JRun4/servers/admin/jmc-app.ear からデプロイ中
04/27 11:26:39 user JSPServlet: init
05/04 11:26:07 info JDBC データソースはこのサーバー用に設定されました (jrun-resources.xml を参照)
05/04 11:26:07 info JRun Web サーバー は *:8000 上でリスン中
05/04 11:26:07 info エンタープライズアプリケーション "JRun Management Console" を file:/C:/JRun4/servers/admin/jmc-app.ear からデプロイ中
05/04 11:26:07 info Web アプリケーション "JRun Management Console" を file:/C:/JRun4/servers/admin/jmc-app.ear からデプロイ中
05/04 11:26:08 user JSPServlet: init
05/11 11:26:07 info JDBC データソースはこのサーバー用に設定されました (jrun-resources.xml を参照)
05/11 11:26:07 info JRun Web サーバー は *:8000 上でリスン中
05/11 11:26:07 info エンタープライズアプリケーション "JRun Management Console" を file:/C:/JRun4/servers/admin/jmc-app.ear からデプロイ中
05/11 11:26:08 info Web アプリケーション "JRun Management Console" を file:/C:/JRun4/servers/admin/jmc-app.ear からデプロイ中
05/11 11:26:08 user JSPServlet: init
05/18 11:26:09 info JDBC データソースはこのサーバー用に設定されました (jrun-resources.xml を参照)
05/18 11:26:09 info JRun Web サーバー は *:8000 上でリスン中
05/18 11:26:09 info エンタープライズアプリケーション "JRun Management Console" を file:/C:/JRun4/servers/admin/jmc-app.ear からデプロイ中
05/18 11:26:09 info Web アプリケーション "JRun Management Console" を file:/C:/JRun4/servers/admin/jmc-app.ear からデプロイ中
05/18 11:26:10 user JSPServlet: init
05/25 11:26:08 info JDBC データソースはこのサーバー用に設定されました (jrun-resources.xml を参照)
05/25 11:26:08 info JRun Web サーバー は *:8000 上でリスン中
05/25 11:26:09 info エンタープライズアプリケーション "JRun Management Console" を file:/C:/JRun4/servers/admin/jmc-app.ear からデプロイ中
05/25 11:26:09 info Web アプリケーション "JRun Management Console" を file:/C:/JRun4/servers/admin/jmc-app.ear からデプロイ中
05/25 11:26:09 user JSPServlet: init
06/01 11:26:08 info JDBC データソースはこのサーバー用に設定されました (jrun-resources.xml を参照)
06/01 11:26:08 info JRun Web サーバー は *:8000 上でリスン中
06/01 11:26:08 info エンタープライズアプリケーション "JRun Management Console" を file:/C:/JRun4/servers/admin/jmc-app.ear からデプロイ中
06/01 11:26:08 info Web アプリケーション "JRun Management Console" を file:/C:/JRun4/servers/admin/jmc-app.ear からデプロイ中
06/01 11:26:08 user JSPServlet: init
06/08 11:26:10 info JDBC データソースはこのサーバー用に設定されました (jrun-resources.xml を参照)
06/08 11:26:10 info JRun Web サーバー は *:8000 上でリスン中
06/08 11:26:11 info エンタープライズアプリケーション "JRun Management Console" を file:/C:/JRun4/servers/admin/jmc-app.ear からデプロイ中
06/08 11:26:11 info Web アプリケーション "JRun Management Console" を file:/C:/JRun4/servers/admin/jmc-app.ear からデプロイ中
06/08 11:26:11 user JSPServlet: init
06/15 11:26:08 info JDBC データソースはこのサーバー用に設定されました (jrun-resources.xml を参照)
06/15 11:26:08 info JRun Web サーバー は *:8000 上でリスン中
06/15 11:26:08 info エンタープライズアプリケーション "JRun Management Console" を file:/C:/JRun4/servers/admin/jmc-app.ear からデプロイ中
06/15 11:26:08 info Web アプリケーション "JRun Management Console" を file:/C:/JRun4/servers/admin/jmc-app.ear からデプロイ中
06/15 11:26:09 user JSPServlet: init
06/22 11:26:06 info JDBC データソースはこのサーバー用に設定されました (jrun-resources.xml を参照)
06/22 11:26:06 info JRun Web サーバー は *:8000 上でリスン中
06/22 11:26:06 info エンタープライズアプリケーション "JRun Management Console" を file:/C:/JRun4/servers/admin/jmc-app.ear からデプロイ中
06/22 11:26:07 info Web アプリケーション "JRun Management Console" を file:/C:/JRun4/servers/admin/jmc-app.ear からデプロイ中
06/22 11:26:07 user JSPServlet: init
06/29 11:26:08 info JDBC データソースはこのサーバー用に設定されました (jrun-resources.xml を参照)
06/29 11:26:08 info JRun Web サーバー は *:8000 上でリスン中
06/29 11:26:08 info エンタープライズアプリケーション "JRun Management Console" を file:/C:/JRun4/servers/admin/jmc-app.ear からデプロイ中
06/29 11:26:08 info Web アプリケーション "JRun Management Console" を file:/C:/JRun4/servers/admin/jmc-app.ear からデプロイ中
06/29 11:26:08 user JSPServlet: init
07/06 11:26:06 info JDBC データソースはこのサーバー用に設定されました (jrun-resources.xml を参照)
07/06 11:26:06 info JRun Web サーバー は *:8000 上でリスン中
07/06 11:26:06 info エンタープライズアプリケーション "JRun Management Console" を file:/C:/JRun4/servers/admin/jmc-app.ear からデプロイ中
07/06 11:26:06 info Web アプリケーション "JRun Management Console" を file:/C:/JRun4/servers/admin/jmc-app.ear からデプロイ中
07/06 11:26:07 user JSPServlet: init
07/13 11:26:07 info JDBC データソースはこのサーバー用に設定されました (jrun-resources.xml を参照)
07/13 11:26:07 info JRun Web サーバー は *:8000 上でリスン中
07/13 11:26:08 info エンタープライズアプリケーション "JRun Management Console" を file:/C:/JRun4/servers/admin/jmc-app.ear からデプロイ中
07/13 11:26:08 info Web アプリケーション "JRun Management Console" を file:/C:/JRun4/servers/admin/jmc-app.ear からデプロイ中
07/13 11:26:08 user JSPServlet: init
07/20 11:26:08 info JDBC データソースはこのサーバー用に設定されました (jrun-resources.xml を参照)
07/20 11:26:08 info JRun Web サーバー は *:8000 上でリスン中
07/20 11:26:08 info エンタープライズアプリケーション "JRun Management Console" を file:/C:/JRun4/servers/admin/jmc-app.ear からデプロイ中
07/20 11:26:08 info Web アプリケーション "JRun Management Console" を file:/C:/JRun4/servers/admin/jmc-app.ear からデプロイ中
07/20 11:26:09 user JSPServlet: init
07/27 11:26:07 info JDBC データソースはこのサーバー用に設定されました (jrun-resources.xml を参照)
07/27 11:26:07 info JRun Web サーバー は *:8000 上でリスン中
07/27 11:26:07 info エンタープライズアプリケーション "JRun Management Console" を file:/C:/JRun4/servers/admin/jmc-app.ear からデプロイ中
07/27 11:26:08 info Web アプリケーション "JRun Management Console" を file:/C:/JRun4/servers/admin/jmc-app.ear からデプロイ中
07/27 11:26:08 user JSPServlet: init
07/27 22:40:43 info JDBC データソースはこのサーバー用に設定されました (jrun-resources.xml を参照)
07/27 22:40:43 info JRun Web サーバー は *:8000 上でリスン中
07/27 22:40:43 info エンタープライズアプリケーション "JRun Management Console" を file:/C:/JRun4/servers/admin/jmc-app.ear からデプロイ中
07/27 22:40:43 info Web アプリケーション "JRun Management Console" を file:/C:/JRun4/servers/admin/jmc-app.ear からデプロイ中
07/27 22:40:43 user JSPServlet: init
08/03 11:26:07 info JDBC データソースはこのサーバー用に設定されました (jrun-resources.xml を参照)
08/03 11:26:07 info JRun Web サーバー は *:8000 上でリスン中
08/03 11:26:07 info エンタープライズアプリケーション "JRun Management Console" を file:/C:/JRun4/servers/admin/jmc-app.ear からデプロイ中
08/03 11:26:08 info Web アプリケーション "JRun Management Console" を file:/C:/JRun4/servers/admin/jmc-app.ear からデプロイ中
08/03 11:26:08 user JSPServlet: init
08/05 19:52:56 info JDBC データソースはこのサーバー用に設定されました (jrun-resources.xml を参照)
08/05 19:52:56 info JRun Web サーバー は *:8000 上でリスン中
08/05 19:52:56 info エンタープライズアプリケーション "JRun Management Console" を file:/C:/JRun4/servers/admin/jmc-app.ear からデプロイ中
08/05 19:52:56 info Web アプリケーション "JRun Management Console" を file:/C:/JRun4/servers/admin/jmc-app.ear からデプロイ中
08/05 19:52:57 user JSPServlet: init
08/10 11:26:07 info JDBC データソースはこのサーバー用に設定されました (jrun-resources.xml を参照)
08/10 11:26:07 info JRun Web サーバー は *:8000 上でリスン中
08/10 11:26:07 info エンタープライズアプリケーション "JRun Management Console" を file:/C:/JRun4/servers/admin/jmc-app.ear からデプロイ中
08/10 11:26:07 info Web アプリケーション "JRun Management Console" を file:/C:/JRun4/servers/admin/jmc-app.ear からデプロイ中
08/10 11:26:07 user JSPServlet: init
08/17 11:26:07 info JDBC データソースはこのサーバー用に設定されました (jrun-resources.xml を参照)
08/17 11:26:07 info JRun Web サーバー は *:8000 上でリスン中
08/17 11:26:07 info エンタープライズアプリケーション "JRun Management Console" を file:/C:/JRun4/servers/admin/jmc-app.ear からデプロイ中
08/17 11:26:07 info Web アプリケーション "JRun Management Console" を file:/C:/JRun4/servers/admin/jmc-app.ear からデプロイ中
08/17 11:26:07 user JSPServlet: init
08/24 11:26:08 info JDBC データソースはこのサーバー用に設定されました (jrun-resources.xml を参照)
08/24 11:26:08 info JRun Web サーバー は *:8000 上でリスン中
08/24 11:26:08 info エンタープライズアプリケーション "JRun Management Console" を file:/C:/JRun4/servers/admin/jmc-app.ear からデプロイ中
08/24 11:26:09 info Web アプリケーション "JRun Management Console" を file:/C:/JRun4/servers/admin/jmc-app.ear からデプロイ中
08/24 11:26:09 user JSPServlet: init
08/31 11:26:08 info JDBC データソースはこのサーバー用に設定されました (jrun-resources.xml を参照)
08/31 11:26:08 info JRun Web サーバー は *:8000 上でリスン中
08/31 11:26:08 info エンタープライズアプリケーション "JRun Management Console" を file:/C:/JRun4/servers/admin/jmc-app.ear からデプロイ中
08/31 11:26:08 info Web アプリケーション "JRun Management Console" を file:/C:/JRun4/servers/admin/jmc-app.ear からデプロイ中
08/31 11:26:09 user JSPServlet: init
09/07 11:26:08 info JDBC データソースはこのサーバー用に設定されました (jrun-resources.xml を参照)
09/07 11:26:08 info JRun Web サーバー は *:8000 上でリスン中
09/07 11:26:08 info エンタープライズアプリケーション "JRun Management Console" を file:/C:/JRun4/servers/admin/jmc-app.ear からデプロイ中
09/07 11:26:08 info Web アプリケーション "JRun Management Console" を file:/C:/JRun4/servers/admin/jmc-app.ear からデプロイ中
09/07 11:26:09 user JSPServlet: init
09/14 11:26:08 info JDBC データソースはこのサーバー用に設定されました (jrun-resources.xml を参照)
09/14 11:26:08 info JRun Web サーバー は *:8000 上でリスン中
09/14 11:26:08 info エンタープライズアプリケーション "JRun Management Console" を file:/C:/JRun4/servers/admin/jmc-app.ear からデプロイ中
09/14 11:26:08 info Web アプリケーション "JRun Management Console" を file:/C:/JRun4/servers/admin/jmc-app.ear からデプロイ中
09/14 11:26:09 user JSPServlet: init
09/21 11:26:08 info JDBC データソースはこのサーバー用に設定されました (jrun-resources.xml を参照)
09/21 11:26:08 info JRun Web サーバー は *:8000 上でリスン中
09/21 11:26:09 info エンタープライズアプリケーション "JRun Management Console" を file:/C:/JRun4/servers/admin/jmc-app.ear からデプロイ中
09/21 11:26:09 info Web アプリケーション "JRun Management Console" を file:/C:/JRun4/servers/admin/jmc-app.ear からデプロイ中
09/21 11:26:09 user JSPServlet: init
09/28 14:17:38 info JDBC データソースはこのサーバー用に設定されました (jrun-resources.xml を参照)
09/28 14:17:38 info JRun Web サーバー は *:8000 上でリスン中
09/28 14:17:38 info エンタープライズアプリケーション "JRun Management Console" を file:/C:/JRun4/servers/admin/jmc-app.ear からデプロイ中
09/28 14:17:39 info Web アプリケーション "JRun Management Console" を file:/C:/JRun4/servers/admin/jmc-app.ear からデプロイ中
09/28 14:17:39 user JSPServlet: init
10/05 11:26:08 info JDBC データソースはこのサーバー用に設定されました (jrun-resources.xml を参照)
10/05 11:26:08 info JRun Web サーバー は *:8000 上でリスン中
10/05 11:26:08 info エンタープライズアプリケーション "JRun Management Console" を file:/C:/JRun4/servers/admin/jmc-app.ear からデプロイ中
10/05 11:26:08 info Web アプリケーション "JRun Management Console" を file:/C:/JRun4/servers/admin/jmc-app.ear からデプロイ中
10/05 11:26:09 user JSPServlet: init
10/12 11:26:07 info JDBC データソースはこのサーバー用に設定されました (jrun-resources.xml を参照)
10/12 11:26:07 info JRun Web サーバー は *:8000 上でリスン中
10/12 11:26:07 info エンタープライズアプリケーション "JRun Management Console" を file:/C:/JRun4/servers/admin/jmc-app.ear からデプロイ中
10/12 11:26:07 info Web アプリケーション "JRun Management Console" を file:/C:/JRun4/servers/admin/jmc-app.ear からデプロイ中
10/12 11:26:08 user JSPServlet: init
10/19 11:26:08 info JDBC データソースはこのサーバー用に設定されました (jrun-resources.xml を参照)
10/19 11:26:08 info JRun Web サーバー は *:8000 上でリスン中
10/19 11:26:08 info エンタープライズアプリケーション "JRun Management Console" を file:/C:/JRun4/servers/admin/jmc-app.ear からデプロイ中
10/19 11:26:08 info Web アプリケーション "JRun Management Console" を file:/C:/JRun4/servers/admin/jmc-app.ear からデプロイ中
10/19 11:26:09 user JSPServlet: init
10/26 11:26:06 info JDBC データソースはこのサーバー用に設定されました (jrun-resources.xml を参照)
10/26 11:26:06 info JRun Web サーバー は *:8000 上でリスン中
10/26 11:26:06 info エンタープライズアプリケーション "JRun Management Console" を file:/C:/JRun4/servers/admin/jmc-app.ear からデプロイ中
10/26 11:26:06 info Web アプリケーション "JRun Management Console" を file:/C:/JRun4/servers/admin/jmc-app.ear からデプロイ中
10/26 11:26:06 user JSPServlet: init
11/01 15:07:19 info JDBC データソースはこのサーバー用に設定されました (jrun-resources.xml を参照)
11/01 15:07:19 info JRun Web サーバー は *:8000 上でリスン中
11/01 15:07:19 info エンタープライズアプリケーション "JRun Management Console" を file:/C:/JRun4/servers/admin/jmc-app.ear からデプロイ中
11/01 15:07:19 info Web アプリケーション "JRun Management Console" を file:/C:/JRun4/servers/admin/jmc-app.ear からデプロイ中
11/01 15:07:20 user JSPServlet: init
11/02 11:26:08 info JDBC データソースはこのサーバー用に設定されました (jrun-resources.xml を参照)
11/02 11:26:08 info JRun Web サーバー は *:8000 上でリスン中
11/02 11:26:08 info エンタープライズアプリケーション "JRun Management Console" を file:/C:/JRun4/servers/admin/jmc-app.ear からデプロイ中
11/02 11:26:08 info Web アプリケーション "JRun Management Console" を file:/C:/JRun4/servers/admin/jmc-app.ear からデプロイ中
11/02 11:26:09 user JSPServlet: init
11/09 11:26:07 info JDBC データソースはこのサーバー用に設定されました (jrun-resources.xml を参照)
11/09 11:26:07 info JRun Web サーバー は *:8000 上でリスン中
11/09 11:26:07 info エンタープライズアプリケーション "JRun Management Console" を file:/C:/JRun4/servers/admin/jmc-app.ear からデプロイ中
11/09 11:26:07 info Web アプリケーション "JRun Management Console" を file:/C:/JRun4/servers/admin/jmc-app.ear からデプロイ中
11/09 11:26:08 user JSPServlet: init
11/16 11:26:08 info JDBC データソースはこのサーバー用に設定されました (jrun-resources.xml を参照)
11/16 11:26:08 info JRun Web サーバー は *:8000 上でリスン中
11/16 11:26:08 info エンタープライズアプリケーション "JRun Management Console" を file:/C:/JRun4/servers/admin/jmc-app.ear からデプロイ中
11/16 11:26:08 info Web アプリケーション "JRun Management Console" を file:/C:/JRun4/servers/admin/jmc-app.ear からデプロイ中
11/16 11:26:08 user JSPServlet: init
11/23 11:26:11 info JDBC データソースはこのサーバー用に設定されました (jrun-resources.xml を参照)
11/23 11:26:11 info JRun Web サーバー は *:8000 上でリスン中
11/23 11:26:11 info エンタープライズアプリケーション "JRun Management Console" を file:/C:/JRun4/servers/admin/jmc-app.ear からデプロイ中
11/23 11:26:11 info Web アプリケーション "JRun Management Console" を file:/C:/JRun4/servers/admin/jmc-app.ear からデプロイ中
11/23 11:26:12 user JSPServlet: init
11/30 11:26:08 info JDBC データソースはこのサーバー用に設定されました (jrun-resources.xml を参照)
11/30 11:26:08 info JRun Web サーバー は *:8000 上でリスン中
11/30 11:26:08 info エンタープライズアプリケーション "JRun Management Console" を file:/C:/JRun4/servers/admin/jmc-app.ear からデプロイ中
11/30 11:26:08 info Web アプリケーション "JRun Management Console" を file:/C:/JRun4/servers/admin/jmc-app.ear からデプロイ中
11/30 11:26:08 user JSPServlet: init
12/07 11:26:08 info JDBC データソースはこのサーバー用に設定されました (jrun-resources.xml を参照)
12/07 11:26:08 info JRun Web サーバー は *:8000 上でリスン中
12/07 11:26:08 info エンタープライズアプリケーション "JRun Management Console" を file:/C:/JRun4/servers/admin/jmc-app.ear からデプロイ中
12/07 11:26:08 info Web アプリケーション "JRun Management Console" を file:/C:/JRun4/servers/admin/jmc-app.ear からデプロイ中
12/07 11:26:08 user JSPServlet: init
12/14 11:26:38 info JDBC データソースはこのサーバー用に設定されました (jrun-resources.xml を参照)
12/14 11:26:38 info JRun Web サーバー は *:8000 上でリスン中
12/14 11:26:38 info エンタープライズアプリケーション "JRun Management Console" を file:/C:/JRun4/servers/admin/jmc-app.ear からデプロイ中
12/14 11:26:38 info Web アプリケーション "JRun Management Console" を file:/C:/JRun4/servers/admin/jmc-app.ear からデプロイ中
12/14 11:26:38 user JSPServlet: init
12/21 11:26:09 info JDBC データソースはこのサーバー用に設定されました (jrun-resources.xml を参照)
12/21 11:26:09 info JRun Web サーバー は *:8000 上でリスン中
12/21 11:26:09 info エンタープライズアプリケーション "JRun Management Console" を file:/C:/JRun4/servers/admin/jmc-app.ear からデプロイ中
12/21 11:26:09 info Web アプリケーション "JRun Management Console" を file:/C:/JRun4/servers/admin/jmc-app.ear からデプロイ中
12/21 11:26:10 user JSPServlet: init
12/28 11:26:08 info JDBC データソースはこのサーバー用に設定されました (jrun-resources.xml を参照)
12/28 11:26:08 info JRun Web サーバー は *:8000 上でリスン中
12/28 11:26:08 info エンタープライズアプリケーション "JRun Management Console" を file:/C:/JRun4/servers/admin/jmc-app.ear からデプロイ中
12/28 11:26:08 info Web アプリケーション "JRun Management Console" を file:/C:/JRun4/servers/admin/jmc-app.ear からデプロイ中
12/28 11:26:08 user JSPServlet: init
01/04 11:26:08 info JDBC データソースはこのサーバー用に設定されました (jrun-resources.xml を参照)
01/04 11:26:08 info JRun Web サーバー は *:8000 上でリスン中
01/04 11:26:08 info エンタープライズアプリケーション "JRun Management Console" を file:/C:/JRun4/servers/admin/jmc-app.ear からデプロイ中
01/04 11:26:08 info Web アプリケーション "JRun Management Console" を file:/C:/JRun4/servers/admin/jmc-app.ear からデプロイ中
01/04 11:26:08 user JSPServlet: init
01/11 11:26:08 info JDBC データソースはこのサーバー用に設定されました (jrun-resources.xml を参照)
01/11 11:26:08 info JRun Web サーバー は *:8000 上でリスン中
01/11 11:26:09 info エンタープライズアプリケーション "JRun Management Console" を file:/C:/JRun4/servers/admin/jmc-app.ear からデプロイ中
01/11 11:26:09 info Web アプリケーション "JRun Management Console" を file:/C:/JRun4/servers/admin/jmc-app.ear からデプロイ中
01/11 11:26:09 user JSPServlet: init
01/18 11:26:12 info JDBC データソースはこのサーバー用に設定されました (jrun-resources.xml を参照)
01/18 11:26:12 info JRun Web サーバー は *:8000 上でリスン中
01/18 11:26:12 info エンタープライズアプリケーション "JRun Management Console" を file:/C:/JRun4/servers/admin/jmc-app.ear からデプロイ中
01/18 11:26:12 info Web アプリケーション "JRun Management Console" を file:/C:/JRun4/servers/admin/jmc-app.ear からデプロイ中
01/18 11:26:12 user JSPServlet: init
01/25 11:26:08 info JDBC データソースはこのサーバー用に設定されました (jrun-resources.xml を参照)
01/25 11:26:08 info JRun Web サーバー は *:8000 上でリスン中
01/25 11:26:08 info エンタープライズアプリケーション "JRun Management Console" を file:/C:/JRun4/servers/admin/jmc-app.ear からデプロイ中
01/25 11:26:08 info Web アプリケーション "JRun Management Console" を file:/C:/JRun4/servers/admin/jmc-app.ear からデプロイ中
01/25 11:26:09 user JSPServlet: init
02/01 11:26:08 info JDBC データソースはこのサーバー用に設定されました (jrun-resources.xml を参照)
02/01 11:26:08 info JRun Web サーバー は *:8000 上でリスン中
02/01 11:26:08 info エンタープライズアプリケーション "JRun Management Console" を file:/C:/JRun4/servers/admin/jmc-app.ear からデプロイ中
02/01 11:26:08 info Web アプリケーション "JRun Management Console" を file:/C:/JRun4/servers/admin/jmc-app.ear からデプロイ中
02/01 11:26:08 user JSPServlet: init
02/08 11:26:08 info JDBC データソースはこのサーバー用に設定されました (jrun-resources.xml を参照)
02/08 11:26:08 info JRun Web サーバー は *:8000 上でリスン中
02/08 11:26:08 info エンタープライズアプリケーション "JRun Management Console" を file:/C:/JRun4/servers/admin/jmc-app.ear からデプロイ中
02/08 11:26:08 info Web アプリケーション "JRun Management Console" を file:/C:/JRun4/servers/admin/jmc-app.ear からデプロイ中
02/08 11:26:09 user JSPServlet: init
02/15 11:26:08 info JDBC データソースはこのサーバー用に設定されました (jrun-resources.xml を参照)
02/15 11:26:08 info JRun Web サーバー は *:8000 上でリスン中
02/15 11:26:08 info エンタープライズアプリケーション "JRun Management Console" を file:/C:/JRun4/servers/admin/jmc-app.ear からデプロイ中
02/15 11:26:08 info Web アプリケーション "JRun Management Console" を file:/C:/JRun4/servers/admin/jmc-app.ear からデプロイ中
02/15 11:26:08 user JSPServlet: init
02/22 11:26:09 info JDBC データソースはこのサーバー用に設定されました (jrun-resources.xml を参照)
02/22 11:26:09 info JRun Web サーバー は *:8000 上でリスン中
02/22 11:26:09 info エンタープライズアプリケーション "JRun Management Console" を file:/C:/JRun4/servers/admin/jmc-app.ear からデプロイ中
02/22 11:26:09 info Web アプリケーション "JRun Management Console" を file:/C:/JRun4/servers/admin/jmc-app.ear からデプロイ中
02/22 11:26:09 user JSPServlet: init
03/01 11:26:09 info JDBC データソースはこのサーバー用に設定されました (jrun-resources.xml を参照)
03/01 11:26:09 info JRun Web サーバー は *:8000 上でリスン中
03/01 11:26:10 info エンタープライズアプリケーション "JRun Management Console" を file:/C:/JRun4/servers/admin/jmc-app.ear からデプロイ中
03/01 11:26:10 info Web アプリケーション "JRun Management Console" を file:/C:/JRun4/servers/admin/jmc-app.ear からデプロイ中
03/01 11:26:10 user JSPServlet: init
03/08 11:26:08 info JDBC データソースはこのサーバー用に設定されました (jrun-resources.xml を参照)
03/08 11:26:08 info JRun Web サーバー は *:8000 上でリスン中
03/08 11:26:08 info エンタープライズアプリケーション "JRun Management Console" を file:/C:/JRun4/servers/admin/jmc-app.ear からデプロイ中
03/08 11:26:08 info Web アプリケーション "JRun Management Console" を file:/C:/JRun4/servers/admin/jmc-app.ear からデプロイ中
03/08 11:26:09 user JSPServlet: init
03/15 11:26:08 info JDBC データソースはこのサーバー用に設定されました (jrun-resources.xml を参照)
03/15 11:26:08 info JRun Web サーバー は *:8000 上でリスン中
03/15 11:26:09 info エンタープライズアプリケーション "JRun Management Console" を file:/C:/JRun4/servers/admin/jmc-app.ear からデプロイ中
03/15 11:26:09 info Web アプリケーション "JRun Management Console" を file:/C:/JRun4/servers/admin/jmc-app.ear からデプロイ中
03/15 11:26:09 user JSPServlet: init
03/22 11:26:08 info JDBC データソースはこのサーバー用に設定されました (jrun-resources.xml を参照)
03/22 11:26:08 info JRun Web サーバー は *:8000 上でリスン中
03/22 11:26:08 info エンタープライズアプリケーション "JRun Management Console" を file:/C:/JRun4/servers/admin/jmc-app.ear からデプロイ中
03/22 11:26:08 info Web アプリケーション "JRun Management Console" を file:/C:/JRun4/servers/admin/jmc-app.ear からデプロイ中
03/22 11:26:08 user JSPServlet: init
03/29 11:26:08 info JDBC データソースはこのサーバー用に設定されました (jrun-resources.xml を参照)
03/29 11:26:08 info JRun Web サーバー は *:8000 上でリスン中
03/29 11:26:09 info エンタープライズアプリケーション "JRun Management Console" を file:/C:/JRun4/servers/admin/jmc-app.ear からデプロイ中
03/29 11:26:09 info Web アプリケーション "JRun Management Console" を file:/C:/JRun4/servers/admin/jmc-app.ear からデプロイ中
03/29 11:26:09 user JSPServlet: init
04/05 11:26:08 info JDBC データソースはこのサーバー用に設定されました (jrun-resources.xml を参照)
04/05 11:26:08 info JRun Web サーバー は *:8000 上でリスン中
04/05 11:26:08 info エンタープライズアプリケーション "JRun Management Console" を file:/C:/JRun4/servers/admin/jmc-app.ear からデプロイ中
04/05 11:26:09 info Web アプリケーション "JRun Management Console" を file:/C:/JRun4/servers/admin/jmc-app.ear からデプロイ中
04/05 11:26:09 user JSPServlet: init
04/12 11:26:08 info JDBC データソースはこのサーバー用に設定されました (jrun-resources.xml を参照)
04/12 11:26:08 info JRun Web サーバー は *:8000 上でリスン中
04/12 11:26:08 info エンタープライズアプリケーション "JRun Management Console" を file:/C:/JRun4/servers/admin/jmc-app.ear からデプロイ中
04/12 11:26:09 info Web アプリケーション "JRun Management Console" を file:/C:/JRun4/servers/admin/jmc-app.ear からデプロイ中
04/12 11:26:09 user JSPServlet: init
04/19 11:26:08 info JDBC データソースはこのサーバー用に設定されました (jrun-resources.xml を参照)
04/19 11:26:08 info JRun Web サーバー は *:8000 上でリスン中
04/19 11:26:09 info エンタープライズアプリケーション "JRun Management Console" を file:/C:/JRun4/servers/admin/jmc-app.ear からデプロイ中
04/19 11:26:09 info Web アプリケーション "JRun Management Console" を file:/C:/JRun4/servers/admin/jmc-app.ear からデプロイ中
04/19 11:26:09 user JSPServlet: init
04/26 11:26:08 info JDBC データソースはこのサーバー用に設定されました (jrun-resources.xml を参照)
04/26 11:26:08 info JRun Web サーバー は *:8000 上でリスン中
04/26 11:26:08 info エンタープライズアプリケーション "JRun Management Console" を file:/C:/JRun4/servers/admin/jmc-app.ear からデプロイ中
04/26 11:26:08 info Web アプリケーション "JRun Management Console" を file:/C:/JRun4/servers/admin/jmc-app.ear からデプロイ中
04/26 11:26:08 user JSPServlet: init
05/03 11:26:10 info JDBC データソースはこのサーバー用に設定されました (jrun-resources.xml を参照)
05/03 11:26:10 info JRun Web サーバー は *:8000 上でリスン中
05/03 11:26:10 info エンタープライズアプリケーション "JRun Management Console" を file:/C:/JRun4/servers/admin/jmc-app.ear からデプロイ中
05/03 11:26:10 info Web アプリケーション "JRun Management Console" を file:/C:/JRun4/servers/admin/jmc-app.ear からデプロイ中
05/03 11:26:10 user JSPServlet: init
05/10 11:26:08 info JDBC データソースはこのサーバー用に設定されました (jrun-resources.xml を参照)
05/10 11:26:08 info JRun Web サーバー は *:8000 上でリスン中
05/10 11:26:08 info エンタープライズアプリケーション "JRun Management Console" を file:/C:/JRun4/servers/admin/jmc-app.ear からデプロイ中
05/10 11:26:09 info Web アプリケーション "JRun Management Console" を file:/C:/JRun4/servers/admin/jmc-app.ear からデプロイ中
05/10 11:26:09 user JSPServlet: init
05/17 11:26:08 info JDBC データソースはこのサーバー用に設定されました (jrun-resources.xml を参照)
05/17 11:26:08 info JRun Web サーバー は *:8000 上でリスン中
05/17 11:26:08 info エンタープライズアプリケーション "JRun Management Console" を file:/C:/JRun4/servers/admin/jmc-app.ear からデプロイ中
05/17 11:26:08 info Web アプリケーション "JRun Management Console" を file:/C:/JRun4/servers/admin/jmc-app.ear からデプロイ中
05/17 11:26:09 user JSPServlet: init
05/24 13:44:48 info JDBC データソースはこのサーバー用に設定されました (jrun-resources.xml を参照)
05/24 13:44:48 info JRun Web サーバー は *:8000 上でリスン中
05/24 13:44:48 info エンタープライズアプリケーション "JRun Management Console" を file:/C:/JRun4/servers/admin/jmc-app.ear からデプロイ中
05/24 13:44:48 info Web アプリケーション "JRun Management Console" を file:/C:/JRun4/servers/admin/jmc-app.ear からデプロイ中
05/24 13:44:49 user JSPServlet: init
05/31 11:26:08 info JDBC データソースはこのサーバー用に設定されました (jrun-resources.xml を参照)
05/31 11:26:08 info JRun Web サーバー は *:8000 上でリスン中
05/31 11:26:08 info エンタープライズアプリケーション "JRun Management Console" を file:/C:/JRun4/servers/admin/jmc-app.ear からデプロイ中
05/31 11:26:08 info Web アプリケーション "JRun Management Console" を file:/C:/JRun4/servers/admin/jmc-app.ear からデプロイ中
05/31 11:26:08 user JSPServlet: init
06/01 19:28:35 info JDBC データソースはこのサーバー用に設定されました (jrun-resources.xml を参照)
06/01 19:28:35 info JRun Web サーバー は *:8000 上でリスン中
06/01 19:28:35 info エンタープライズアプリケーション "JRun Management Console" を file:/C:/JRun4/servers/admin/jmc-app.ear からデプロイ中
06/01 19:28:35 info Web アプリケーション "JRun Management Console" を file:/C:/JRun4/servers/admin/jmc-app.ear からデプロイ中
06/01 19:28:36 user JSPServlet: init
06/07 11:26:08 info JDBC データソースはこのサーバー用に設定されました (jrun-resources.xml を参照)
06/07 11:26:08 info JRun Web サーバー は *:8000 上でリスン中
06/07 11:26:08 info エンタープライズアプリケーション "JRun Management Console" を file:/C:/JRun4/servers/admin/jmc-app.ear からデプロイ中
06/07 11:26:08 info Web アプリケーション "JRun Management Console" を file:/C:/JRun4/servers/admin/jmc-app.ear からデプロイ中
06/07 11:26:08 user JSPServlet: init
06/14 11:26:08 info JDBC データソースはこのサーバー用に設定されました (jrun-resources.xml を参照)
06/14 11:26:08 info JRun Web サーバー は *:8000 上でリスン中
06/14 11:26:08 info エンタープライズアプリケーション "JRun Management Console" を file:/C:/JRun4/servers/admin/jmc-app.ear からデプロイ中
06/14 11:26:08 info Web アプリケーション "JRun Management Console" を file:/C:/JRun4/servers/admin/jmc-app.ear からデプロイ中
06/14 11:26:09 user JSPServlet: init
06/21 11:26:38 info JDBC データソースはこのサーバー用に設定されました (jrun-resources.xml を参照)
06/21 11:26:38 info JRun Web サーバー は *:8000 上でリスン中
06/21 11:26:38 info エンタープライズアプリケーション "JRun Management Console" を file:/C:/JRun4/servers/admin/jmc-app.ear からデプロイ中
06/21 11:26:38 info Web アプリケーション "JRun Management Console" を file:/C:/JRun4/servers/admin/jmc-app.ear からデプロイ中
06/21 11:26:38 user JSPServlet: init
06/28 11:26:08 info JDBC データソースはこのサーバー用に設定されました (jrun-resources.xml を参照)
06/28 11:26:08 info JRun Web サーバー は *:8000 上でリスン中
06/28 11:26:08 info エンタープライズアプリケーション "JRun Management Console" を file:/C:/JRun4/servers/admin/jmc-app.ear からデプロイ中
06/28 11:26:08 info Web アプリケーション "JRun Management Console" を file:/C:/JRun4/servers/admin/jmc-app.ear からデプロイ中
06/28 11:26:09 user JSPServlet: init
07/05 11:26:08 info JDBC データソースはこのサーバー用に設定されました (jrun-resources.xml を参照)
07/05 11:26:08 info JRun Web サーバー は *:8000 上でリスン中
07/05 11:26:08 info エンタープライズアプリケーション "JRun Management Console" を file:/C:/JRun4/servers/admin/jmc-app.ear からデプロイ中
07/05 11:26:08 info Web アプリケーション "JRun Management Console" を file:/C:/JRun4/servers/admin/jmc-app.ear からデプロイ中
07/05 11:26:08 user JSPServlet: init
07/10 19:38:38 info JDBC データソースはこのサーバー用に設定されました (jrun-resources.xml を参照)
07/10 19:38:38 info JRun Web サーバー は *:8000 上でリスン中
07/10 19:38:38 info エンタープライズアプリケーション "JRun Management Console" を file:/C:/JRun4/servers/admin/jmc-app.ear からデプロイ中
07/10 19:38:39 info Web アプリケーション "JRun Management Console" を file:/C:/JRun4/servers/admin/jmc-app.ear からデプロイ中
07/10 19:38:39 user JSPServlet: init
07/12 11:26:07 info JDBC データソースはこのサーバー用に設定されました (jrun-resources.xml を参照)
07/12 11:26:07 info JRun Web サーバー は *:8000 上でリスン中
07/12 11:26:07 info エンタープライズアプリケーション "JRun Management Console" を file:/C:/JRun4/servers/admin/jmc-app.ear からデプロイ中
07/12 11:26:07 info Web アプリケーション "JRun Management Console" を file:/C:/JRun4/servers/admin/jmc-app.ear からデプロイ中
07/12 11:26:08 user JSPServlet: init
07/13 19:32:39 user FileServlet: init
07/13 19:32:46 user JMCSession: init
07/13 19:32:49 user JSTServlet: init
07/13 19:32:51 user ServerChecker: init
07/19 11:26:08 info JDBC データソースはこのサーバー用に設定されました (jrun-resources.xml を参照)
07/19 11:26:08 info JRun Web サーバー は *:8000 上でリスン中
07/19 11:26:08 info エンタープライズアプリケーション "JRun Management Console" を file:/C:/JRun4/servers/admin/jmc-app.ear からデプロイ中
07/19 11:26:08 info Web アプリケーション "JRun Management Console" を file:/C:/JRun4/servers/admin/jmc-app.ear からデプロイ中
07/19 11:26:09 user JSPServlet: init
07/26 11:26:09 info JDBC データソースはこのサーバー用に設定されました (jrun-resources.xml を参照)
07/26 11:26:09 info JRun Web サーバー は *:8000 上でリスン中
07/26 11:26:09 info エンタープライズアプリケーション "JRun Management Console" を file:/C:/JRun4/servers/admin/jmc-app.ear からデプロイ中
07/26 11:26:09 info Web アプリケーション "JRun Management Console" を file:/C:/JRun4/servers/admin/jmc-app.ear からデプロイ中
07/26 11:26:10 user JSPServlet: init
08/02 11:26:08 info JDBC データソースはこのサーバー用に設定されました (jrun-resources.xml を参照)
08/02 11:26:08 info JRun Web サーバー は *:8000 上でリスン中
08/02 11:26:08 info エンタープライズアプリケーション "JRun Management Console" を file:/C:/JRun4/servers/admin/jmc-app.ear からデプロイ中
08/02 11:26:09 info Web アプリケーション "JRun Management Console" を file:/C:/JRun4/servers/admin/jmc-app.ear からデプロイ中
08/02 11:26:09 user JSPServlet: init
08/09 11:26:09 info JDBC データソースはこのサーバー用に設定されました (jrun-resources.xml を参照)
08/09 11:26:09 info JRun Web サーバー は *:8000 上でリスン中
08/09 11:26:09 info エンタープライズアプリケーション "JRun Management Console" を file:/C:/JRun4/servers/admin/jmc-app.ear からデプロイ中
08/09 11:26:09 info Web アプリケーション "JRun Management Console" を file:/C:/JRun4/servers/admin/jmc-app.ear からデプロイ中
08/09 11:26:09 user JSPServlet: init
08/16 11:26:08 info JDBC データソースはこのサーバー用に設定されました (jrun-resources.xml を参照)
08/16 11:26:08 info JRun Web サーバー は *:8000 上でリスン中
08/16 11:26:08 info エンタープライズアプリケーション "JRun Management Console" を file:/C:/JRun4/servers/admin/jmc-app.ear からデプロイ中
08/16 11:26:09 info Web アプリケーション "JRun Management Console" を file:/C:/JRun4/servers/admin/jmc-app.ear からデプロイ中
08/16 11:26:09 user JSPServlet: init
08/23 11:26:08 info JDBC データソースはこのサーバー用に設定されました (jrun-resources.xml を参照)
08/23 11:26:08 info JRun Web サーバー は *:8000 上でリスン中
08/23 11:26:09 info エンタープライズアプリケーション "JRun Management Console" を file:/C:/JRun4/servers/admin/jmc-app.ear からデプロイ中
08/23 11:26:09 info Web アプリケーション "JRun Management Console" を file:/C:/JRun4/servers/admin/jmc-app.ear からデプロイ中
08/23 11:26:09 user JSPServlet: init
08/30 11:26:08 info JDBC データソースはこのサーバー用に設定されました (jrun-resources.xml を参照)
08/30 11:26:08 info JRun Web サーバー は *:8000 上でリスン中
08/30 11:26:09 info エンタープライズアプリケーション "JRun Management Console" を file:/C:/JRun4/servers/admin/jmc-app.ear からデプロイ中
08/30 11:26:09 info Web アプリケーション "JRun Management Console" を file:/C:/JRun4/servers/admin/jmc-app.ear からデプロイ中
08/30 11:26:09 user JSPServlet: init
09/06 11:26:09 info JDBC データソースはこのサーバー用に設定されました (jrun-resources.xml を参照)
09/06 11:26:09 info JRun Web サーバー は *:8000 上でリスン中
09/06 11:26:09 info エンタープライズアプリケーション "JRun Management Console" を file:/C:/JRun4/servers/admin/jmc-app.ear からデプロイ中
09/06 11:26:10 info Web アプリケーション "JRun Management Console" を file:/C:/JRun4/servers/admin/jmc-app.ear からデプロイ中
09/06 11:26:10 user JSPServlet: init
09/13 11:26:09 info JDBC データソースはこのサーバー用に設定されました (jrun-resources.xml を参照)
09/13 11:26:09 info JRun Web サーバー は *:8000 上でリスン中
09/13 11:26:10 info エンタープライズアプリケーション "JRun Management Console" を file:/C:/JRun4/servers/admin/jmc-app.ear からデプロイ中
09/13 11:26:10 info Web アプリケーション "JRun Management Console" を file:/C:/JRun4/servers/admin/jmc-app.ear からデプロイ中
09/13 11:26:10 user JSPServlet: init
09/20 11:26:09 info JDBC データソースはこのサーバー用に設定されました (jrun-resources.xml を参照)
09/20 11:26:09 info JRun Web サーバー は *:8000 上でリスン中
09/20 11:26:09 info エンタープライズアプリケーション "JRun Management Console" を file:/C:/JRun4/servers/admin/jmc-app.ear からデプロイ中
09/20 11:26:09 info Web アプリケーション "JRun Management Console" を file:/C:/JRun4/servers/admin/jmc-app.ear からデプロイ中
09/20 11:26:09 user JSPServlet: init
09/27 11:26:08 info JDBC データソースはこのサーバー用に設定されました (jrun-resources.xml を参照)
09/27 11:26:08 info JRun Web サーバー は *:8000 上でリスン中
09/27 11:26:08 info エンタープライズアプリケーション "JRun Management Console" を file:/C:/JRun4/servers/admin/jmc-app.ear からデプロイ中
09/27 11:26:09 info Web アプリケーション "JRun Management Console" を file:/C:/JRun4/servers/admin/jmc-app.ear からデプロイ中
09/27 11:26:09 user JSPServlet: init
10/04 11:26:08 info JDBC データソースはこのサーバー用に設定されました (jrun-resources.xml を参照)
10/04 11:26:08 info JRun Web サーバー は *:8000 上でリスン中
10/04 11:26:08 info エンタープライズアプリケーション "JRun Management Console" を file:/C:/JRun4/servers/admin/jmc-app.ear からデプロイ中
10/04 11:26:08 info Web アプリケーション "JRun Management Console" を file:/C:/JRun4/servers/admin/jmc-app.ear からデプロイ中
10/04 11:26:09 user JSPServlet: init
10/11 11:26:09 info JDBC データソースはこのサーバー用に設定されました (jrun-resources.xml を参照)
10/11 11:26:09 info JRun Web サーバー は *:8000 上でリスン中
10/11 11:26:09 info エンタープライズアプリケーション "JRun Management Console" を file:/C:/JRun4/servers/admin/jmc-app.ear からデプロイ中
10/11 11:26:09 info Web アプリケーション "JRun Management Console" を file:/C:/JRun4/servers/admin/jmc-app.ear からデプロイ中
10/11 11:26:09 user JSPServlet: init
10/12 13:41:29 info JDBC データソースはこのサーバー用に設定されました (jrun-resources.xml を参照)
10/12 13:41:29 info JRun Web サーバー は *:8000 上でリスン中
10/12 13:41:29 info エンタープライズアプリケーション "JRun Management Console" を file:/C:/JRun4/servers/admin/jmc-app.ear からデプロイ中
10/12 13:41:30 info Web アプリケーション "JRun Management Console" を file:/C:/JRun4/servers/admin/jmc-app.ear からデプロイ中
10/12 13:41:30 user JSPServlet: init
10/18 11:26:08 info JDBC データソースはこのサーバー用に設定されました (jrun-resources.xml を参照)
10/18 11:26:08 info JRun Web サーバー は *:8000 上でリスン中
10/18 11:26:08 info エンタープライズアプリケーション "JRun Management Console" を file:/C:/JRun4/servers/admin/jmc-app.ear からデプロイ中
10/18 11:26:08 info Web アプリケーション "JRun Management Console" を file:/C:/JRun4/servers/admin/jmc-app.ear からデプロイ中
10/18 11:26:09 user JSPServlet: init
10/25 11:26:08 info JDBC データソースはこのサーバー用に設定されました (jrun-resources.xml を参照)
10/25 11:26:08 info JRun Web サーバー は *:8000 上でリスン中
10/25 11:26:08 info エンタープライズアプリケーション "JRun Management Console" を file:/C:/JRun4/servers/admin/jmc-app.ear からデプロイ中
10/25 11:26:08 info Web アプリケーション "JRun Management Console" を file:/C:/JRun4/servers/admin/jmc-app.ear からデプロイ中
10/25 11:26:08 user JSPServlet: init
11/01 11:26:08 info JDBC データソースはこのサーバー用に設定されました (jrun-resources.xml を参照)
11/01 11:26:08 info JRun Web サーバー は *:8000 上でリスン中
11/01 11:26:08 info エンタープライズアプリケーション "JRun Management Console" を file:/C:/JRun4/servers/admin/jmc-app.ear からデプロイ中
11/01 11:26:08 info Web アプリケーション "JRun Management Console" を file:/C:/JRun4/servers/admin/jmc-app.ear からデプロイ中
11/01 11:26:08 user JSPServlet: init
11/08 11:26:12 info JDBC データソースはこのサーバー用に設定されました (jrun-resources.xml を参照)
11/08 11:26:12 info JRun Web サーバー は *:8000 上でリスン中
11/08 11:26:12 info エンタープライズアプリケーション "JRun Management Console" を file:/C:/JRun4/servers/admin/jmc-app.ear からデプロイ中
11/08 11:26:12 info Web アプリケーション "JRun Management Console" を file:/C:/JRun4/servers/admin/jmc-app.ear からデプロイ中
11/08 11:26:12 user JSPServlet: init
11/15 11:26:08 info JDBC データソースはこのサーバー用に設定されました (jrun-resources.xml を参照)
11/15 11:26:08 info JRun Web サーバー は *:8000 上でリスン中
11/15 11:26:08 info エンタープライズアプリケーション "JRun Management Console" を file:/C:/JRun4/servers/admin/jmc-app.ear からデプロイ中
11/15 11:26:08 info Web アプリケーション "JRun Management Console" を file:/C:/JRun4/servers/admin/jmc-app.ear からデプロイ中
11/15 11:26:08 user JSPServlet: init
11/22 11:26:08 info JDBC データソースはこのサーバー用に設定されました (jrun-resources.xml を参照)
11/22 11:26:08 info JRun Web サーバー は *:8000 上でリスン中
11/22 11:26:08 info エンタープライズアプリケーション "JRun Management Console" を file:/C:/JRun4/servers/admin/jmc-app.ear からデプロイ中
11/22 11:26:09 info Web アプリケーション "JRun Management Console" を file:/C:/JRun4/servers/admin/jmc-app.ear からデプロイ中
11/22 11:26:09 user JSPServlet: init
11/29 11:26:08 info JDBC データソースはこのサーバー用に設定されました (jrun-resources.xml を参照)
11/29 11:26:08 info JRun Web サーバー は *:8000 上でリスン中
11/29 11:26:08 info エンタープライズアプリケーション "JRun Management Console" を file:/C:/JRun4/servers/admin/jmc-app.ear からデプロイ中
11/29 11:26:09 info Web アプリケーション "JRun Management Console" を file:/C:/JRun4/servers/admin/jmc-app.ear からデプロイ中
11/29 11:26:09 user JSPServlet: init
12/06 11:26:08 info JDBC データソースはこのサーバー用に設定されました (jrun-resources.xml を参照)
12/06 11:26:08 info JRun Web サーバー は *:8000 上でリスン中
12/06 11:26:08 info エンタープライズアプリケーション "JRun Management Console" を file:/C:/JRun4/servers/admin/jmc-app.ear からデプロイ中
12/06 11:26:09 info Web アプリケーション "JRun Management Console" を file:/C:/JRun4/servers/admin/jmc-app.ear からデプロイ中
12/06 11:26:09 user JSPServlet: init
12/13 11:26:09 info JDBC データソースはこのサーバー用に設定されました (jrun-resources.xml を参照)
12/13 11:26:09 info JRun Web サーバー は *:8000 上でリスン中
12/13 11:26:09 info エンタープライズアプリケーション "JRun Management Console" を file:/C:/JRun4/servers/admin/jmc-app.ear からデプロイ中
12/13 11:26:09 info Web アプリケーション "JRun Management Console" を file:/C:/JRun4/servers/admin/jmc-app.ear からデプロイ中
12/13 11:26:09 user JSPServlet: init
12/20 11:26:08 info JDBC データソースはこのサーバー用に設定されました (jrun-resources.xml を参照)
12/20 11:26:08 info JRun Web サーバー は *:8000 上でリスン中
12/20 11:26:08 info エンタープライズアプリケーション "JRun Management Console" を file:/C:/JRun4/servers/admin/jmc-app.ear からデプロイ中
12/20 11:26:08 info Web アプリケーション "JRun Management Console" を file:/C:/JRun4/servers/admin/jmc-app.ear からデプロイ中
12/20 11:26:09 user JSPServlet: init
12/27 11:26:08 info JDBC データソースはこのサーバー用に設定されました (jrun-resources.xml を参照)
12/27 11:26:08 info JRun Web サーバー は *:8000 上でリスン中
12/27 11:26:08 info エンタープライズアプリケーション "JRun Management Console" を file:/C:/JRun4/servers/admin/jmc-app.ear からデプロイ中
12/27 11:26:08 info Web アプリケーション "JRun Management Console" を file:/C:/JRun4/servers/admin/jmc-app.ear からデプロイ中
12/27 11:26:09 user JSPServlet: init
01/03 11:26:39 info JDBC データソースはこのサーバー用に設定されました (jrun-resources.xml を参照)
01/03 11:26:39 info JRun Web サーバー は *:8000 上でリスン中
01/03 11:26:39 info エンタープライズアプリケーション "JRun Management Console" を file:/C:/JRun4/servers/admin/jmc-app.ear からデプロイ中
01/03 11:26:39 info Web アプリケーション "JRun Management Console" を file:/C:/JRun4/servers/admin/jmc-app.ear からデプロイ中
01/03 11:26:40 user JSPServlet: init
01/10 11:26:08 info JDBC データソースはこのサーバー用に設定されました (jrun-resources.xml を参照)
01/10 11:26:08 info JRun Web サーバー は *:8000 上でリスン中
01/10 11:26:08 info エンタープライズアプリケーション "JRun Management Console" を file:/C:/JRun4/servers/admin/jmc-app.ear からデプロイ中
01/10 11:26:08 info Web アプリケーション "JRun Management Console" を file:/C:/JRun4/servers/admin/jmc-app.ear からデプロイ中
01/10 11:26:08 user JSPServlet: init
01/17 11:26:08 info JDBC データソースはこのサーバー用に設定されました (jrun-resources.xml を参照)
01/17 11:26:08 info JRun Web サーバー は *:8000 上でリスン中
01/17 11:26:08 info エンタープライズアプリケーション "JRun Management Console" を file:/C:/JRun4/servers/admin/jmc-app.ear からデプロイ中
01/17 11:26:08 info Web アプリケーション "JRun Management Console" を file:/C:/JRun4/servers/admin/jmc-app.ear からデプロイ中
01/17 11:26:09 user JSPServlet: init
01/24 11:26:08 info JDBC データソースはこのサーバー用に設定されました (jrun-resources.xml を参照)
01/24 11:26:08 info JRun Web サーバー は *:8000 上でリスン中
01/24 11:26:08 info エンタープライズアプリケーション "JRun Management Console" を file:/C:/JRun4/servers/admin/jmc-app.ear からデプロイ中
01/24 11:26:08 info Web アプリケーション "JRun Management Console" を file:/C:/JRun4/servers/admin/jmc-app.ear からデプロイ中
01/24 11:26:09 user JSPServlet: init
01/31 11:26:10 info JDBC データソースはこのサーバー用に設定されました (jrun-resources.xml を参照)
01/31 11:26:10 info JRun Web サーバー は *:8000 上でリスン中
01/31 11:26:10 info エンタープライズアプリケーション "JRun Management Console" を file:/C:/JRun4/servers/admin/jmc-app.ear からデプロイ中
01/31 11:26:10 info Web アプリケーション "JRun Management Console" を file:/C:/JRun4/servers/admin/jmc-app.ear からデプロイ中
01/31 11:26:11 user JSPServlet: init
02/07 11:26:09 info JDBC データソースはこのサーバー用に設定されました (jrun-resources.xml を参照)
02/07 11:26:09 info JRun Web サーバー は *:8000 上でリスン中
02/07 11:26:09 info エンタープライズアプリケーション "JRun Management Console" を file:/C:/JRun4/servers/admin/jmc-app.ear からデプロイ中
02/07 11:26:10 info Web アプリケーション "JRun Management Console" を file:/C:/JRun4/servers/admin/jmc-app.ear からデプロイ中
02/07 11:26:10 user JSPServlet: init
02/14 11:26:10 info JDBC データソースはこのサーバー用に設定されました (jrun-resources.xml を参照)
02/14 11:26:10 info JRun Web サーバー は *:8000 上でリスン中
02/14 11:26:10 info エンタープライズアプリケーション "JRun Management Console" を file:/C:/JRun4/servers/admin/jmc-app.ear からデプロイ中
02/14 11:26:10 info Web アプリケーション "JRun Management Console" を file:/C:/JRun4/servers/admin/jmc-app.ear からデプロイ中
02/14 11:26:10 user JSPServlet: init
02/21 11:26:08 info JDBC データソースはこのサーバー用に設定されました (jrun-resources.xml を参照)
02/21 11:26:08 info JRun Web サーバー は *:8000 上でリスン中
02/21 11:26:08 info エンタープライズアプリケーション "JRun Management Console" を file:/C:/JRun4/servers/admin/jmc-app.ear からデプロイ中
02/21 11:26:09 info Web アプリケーション "JRun Management Console" を file:/C:/JRun4/servers/admin/jmc-app.ear からデプロイ中
02/21 11:26:09 user JSPServlet: init
02/28 11:26:09 info JDBC データソースはこのサーバー用に設定されました (jrun-resources.xml を参照)
02/28 11:26:09 info JRun Web サーバー は *:8000 上でリスン中
02/28 11:26:09 info エンタープライズアプリケーション "JRun Management Console" を file:/C:/JRun4/servers/admin/jmc-app.ear からデプロイ中
02/28 11:26:09 info Web アプリケーション "JRun Management Console" を file:/C:/JRun4/servers/admin/jmc-app.ear からデプロイ中
02/28 11:26:09 user JSPServlet: init
