# 08/25 10:50:30 JRun により作成
08/25 10:50:30 info JDBC データソースはこのサーバー用に設定されました (jrun-resources.xml を参照)
08/25 10:50:30 info JRun Web サーバー は *:8000 上でリスン中
08/25 10:50:30 info エンタープライズアプリケーション "JRun Management Console" を file:/C:/JRun4/servers/admin/jmc-app.ear からデプロイ中
08/25 10:50:31 info Web アプリケーション "JRun Management Console" を file:/C:/JRun4/servers/admin/jmc-app.ear からデプロイ中
08/25 10:50:31 user JSPServlet: init
08/25 11:24:42 info JDBC データソースはこのサーバー用に設定されました (jrun-resources.xml を参照)
08/25 11:24:42 info JRun Web サーバー は *:8000 上でリスン中
08/25 11:24:42 info エンタープライズアプリケーション "JRun Management Console" を file:/C:/JRun4/servers/admin/jmc-app.ear からデプロイ中
08/25 11:24:43 info Web アプリケーション "JRun Management Console" を file:/C:/JRun4/servers/admin/jmc-app.ear からデプロイ中
08/25 11:24:43 user JSPServlet: init
08/25 12:47:43 info JDBC データソースはこのサーバー用に設定されました (jrun-resources.xml を参照)
08/25 12:47:43 info JRun Web サーバー は *:8000 上でリスン中
08/25 12:47:43 info エンタープライズアプリケーション "JRun Management Console" を file:/C:/JRun4/servers/admin/jmc-app.ear からデプロイ中
08/25 12:47:43 info Web アプリケーション "JRun Management Console" を file:/C:/JRun4/servers/admin/jmc-app.ear からデプロイ中
08/25 12:47:43 user JSPServlet: init
08/25 13:12:04 info JDBC データソースはこのサーバー用に設定されました (jrun-resources.xml を参照)
08/25 13:12:04 info JRun Web サーバー は *:8000 上でリスン中
08/25 13:12:04 info エンタープライズアプリケーション "JRun Management Console" を file:/C:/JRun4/servers/admin/jmc-app.ear からデプロイ中
08/25 13:12:05 info Web アプリケーション "JRun Management Console" を file:/C:/JRun4/servers/admin/jmc-app.ear からデプロイ中
08/25 13:12:05 user JSPServlet: init
08/25 13:22:05 user FileServlet: init
08/25 13:22:10 user JMCSession: init
08/25 13:22:13 user JSTServlet: init
08/25 13:22:17 user ServerChecker: init
08/27 13:15:53 user JMCSession: destroy
08/27 13:15:53 user ServerChecker: destroy
08/27 13:15:53 user FileServlet: destroy
08/27 13:17:16 info JDBC データソースはこのサーバー用に設定されました (jrun-resources.xml を参照)
08/27 13:17:16 info JRun Web サーバー は *:8000 上でリスン中
08/27 13:17:16 info エンタープライズアプリケーション "JRun Management Console" を file:/C:/JRun4/servers/admin/jmc-app.ear からデプロイ中
08/27 13:17:16 info Web アプリケーション "JRun Management Console" を file:/C:/JRun4/servers/admin/jmc-app.ear からデプロイ中
08/27 13:17:17 user JSPServlet: init
08/27 13:19:11 info JDBC データソースはこのサーバー用に設定されました (jrun-resources.xml を参照)
08/27 13:19:11 info JRun Web サーバー は *:8000 上でリスン中
08/27 13:19:11 info エンタープライズアプリケーション "JRun Management Console" を file:/C:/JRun4/servers/admin/jmc-app.ear からデプロイ中
08/27 13:19:11 info Web アプリケーション "JRun Management Console" を file:/C:/JRun4/servers/admin/jmc-app.ear からデプロイ中
08/27 13:19:11 user JSPServlet: init
08/27 13:20:57 info JDBC データソースはこのサーバー用に設定されました (jrun-resources.xml を参照)
08/27 13:20:57 info JRun Web サーバー は *:8000 上でリスン中
08/27 13:20:57 info エンタープライズアプリケーション "JRun Management Console" を file:/C:/JRun4/servers/admin/jmc-app.ear からデプロイ中
08/27 13:20:57 info Web アプリケーション "JRun Management Console" を file:/C:/JRun4/servers/admin/jmc-app.ear からデプロイ中
08/27 13:20:57 user JSPServlet: init
08/27 13:59:15 info JDBC データソースはこのサーバー用に設定されました (jrun-resources.xml を参照)
08/27 13:59:15 info JRun Web サーバー は *:8000 上でリスン中
08/27 13:59:15 info エンタープライズアプリケーション "JRun Management Console" を file:/C:/JRun4/servers/admin/jmc-app.ear からデプロイ中
08/27 13:59:15 info Web アプリケーション "JRun Management Console" を file:/C:/JRun4/servers/admin/jmc-app.ear からデプロイ中
08/27 13:59:15 user JSPServlet: init
08/27 16:12:35 user FileServlet: init
08/27 16:12:43 user JMCSession: init
08/27 16:12:46 user JSTServlet: init
08/27 16:12:49 user ServerChecker: init
08/27 16:55:32 error リクエストされたリソース /docs/html/SearchAppletProperties_ja_JP.class は見つかりませんでした
08/27 16:55:32 error リクエストされたリソース /docs/html/SearchAppletProperties_ja_JP.class は見つかりませんでした
08/27 16:55:32 error リクエストされたリソース /docs/html/SearchAppletProperties_ja_JP.properties は見つかりませんでした
08/28 19:52:20 user JMCSession: destroy
08/28 19:52:20 user ServerChecker: destroy
08/28 19:52:20 user FileServlet: destroy
08/30 02:06:28 info JDBC データソースはこのサーバー用に設定されました (jrun-resources.xml を参照)
08/30 02:06:28 info JRun Web サーバー は *:8000 上でリスン中
08/30 02:06:28 info エンタープライズアプリケーション "JRun Management Console" を file:/C:/JRun4/servers/admin/jmc-app.ear からデプロイ中
08/30 02:06:28 info Web アプリケーション "JRun Management Console" を file:/C:/JRun4/servers/admin/jmc-app.ear からデプロイ中
08/30 02:06:28 user JSPServlet: init
08/30 09:53:16 info JDBC データソースはこのサーバー用に設定されました (jrun-resources.xml を参照)
08/30 09:53:16 info JRun Web サーバー は *:8000 上でリスン中
08/30 09:53:16 info エンタープライズアプリケーション "JRun Management Console" を file:/C:/JRun4/servers/admin/jmc-app.ear からデプロイ中
08/30 09:53:16 info Web アプリケーション "JRun Management Console" を file:/C:/JRun4/servers/admin/jmc-app.ear からデプロイ中
08/30 09:53:17 user JSPServlet: init
08/30 10:09:14 info JDBC データソースはこのサーバー用に設定されました (jrun-resources.xml を参照)
08/30 10:09:15 info JRun Web サーバー は *:8000 上でリスン中
08/30 10:09:15 info エンタープライズアプリケーション "JRun Management Console" を file:/C:/JRun4/servers/admin/jmc-app.ear からデプロイ中
08/30 10:09:15 info Web アプリケーション "JRun Management Console" を file:/C:/JRun4/servers/admin/jmc-app.ear からデプロイ中
08/30 10:09:15 user JSPServlet: init
08/30 16:09:13 user FileServlet: init
08/30 16:09:19 user JMCSession: init
08/30 16:09:22 user JSTServlet: init
08/30 16:09:31 error リクエストされたリソース /docs/html/SearchAppletProperties_ja_JP.class は見つかりませんでした
08/30 16:09:31 error リクエストされたリソース /docs/html/SearchAppletProperties_ja_JP.class は見つかりませんでした
08/30 16:09:31 error リクエストされたリソース /docs/html/SearchAppletProperties_ja_JP.properties は見つかりませんでした
08/30 16:47:57 user ServerChecker: init
09/01 10:54:26 info JDBC データソースはこのサーバー用に設定されました (jrun-resources.xml を参照)
09/01 10:54:26 info JRun Web サーバー は *:8000 上でリスン中
09/01 10:54:26 info エンタープライズアプリケーション "JRun Management Console" を file:/C:/JRun4/servers/admin/jmc-app.ear からデプロイ中
09/01 10:54:26 info Web アプリケーション "JRun Management Console" を file:/C:/JRun4/servers/admin/jmc-app.ear からデプロイ中
09/01 10:54:26 user JSPServlet: init
09/01 12:01:32 info JDBC データソースはこのサーバー用に設定されました (jrun-resources.xml を参照)
09/01 12:01:32 info JRun Web サーバー は *:8000 上でリスン中
09/01 12:01:32 info エンタープライズアプリケーション "JRun Management Console" を file:/C:/JRun4/servers/admin/jmc-app.ear からデプロイ中
09/01 12:01:32 info Web アプリケーション "JRun Management Console" を file:/C:/JRun4/servers/admin/jmc-app.ear からデプロイ中
09/01 12:01:32 user JSPServlet: init
09/03 13:42:38 info JDBC データソースはこのサーバー用に設定されました (jrun-resources.xml を参照)
09/03 13:42:38 info JRun Web サーバー は *:8000 上でリスン中
09/03 13:42:38 info エンタープライズアプリケーション "JRun Management Console" を file:/C:/JRun4/servers/admin/jmc-app.ear からデプロイ中
09/03 13:42:38 info Web アプリケーション "JRun Management Console" を file:/C:/JRun4/servers/admin/jmc-app.ear からデプロイ中
09/03 13:42:38 user JSPServlet: init
09/03 14:49:49 info JDBC データソースはこのサーバー用に設定されました (jrun-resources.xml を参照)
09/03 14:49:49 info JRun Web サーバー は *:8000 上でリスン中
09/03 14:49:49 info エンタープライズアプリケーション "JRun Management Console" を file:/C:/JRun4/servers/admin/jmc-app.ear からデプロイ中
09/03 14:49:49 info Web アプリケーション "JRun Management Console" を file:/C:/JRun4/servers/admin/jmc-app.ear からデプロイ中
09/03 14:49:50 user JSPServlet: init
09/06 13:16:41 info JDBC データソースはこのサーバー用に設定されました (jrun-resources.xml を参照)
09/06 13:16:41 info JRun Web サーバー は *:8000 上でリスン中
09/06 13:16:41 info エンタープライズアプリケーション "JRun Management Console" を file:/C:/JRun4/servers/admin/jmc-app.ear からデプロイ中
09/06 13:16:42 info Web アプリケーション "JRun Management Console" を file:/C:/JRun4/servers/admin/jmc-app.ear からデプロイ中
09/06 13:16:42 user JSPServlet: init
09/06 13:22:58 info JDBC データソースはこのサーバー用に設定されました (jrun-resources.xml を参照)
09/06 13:22:58 info JRun Web サーバー は *:8000 上でリスン中
09/06 13:22:58 info エンタープライズアプリケーション "JRun Management Console" を file:/C:/JRun4/servers/admin/jmc-app.ear からデプロイ中
09/06 13:22:58 info Web アプリケーション "JRun Management Console" を file:/C:/JRun4/servers/admin/jmc-app.ear からデプロイ中
09/06 13:22:58 user JSPServlet: init
09/06 13:26:12 user FileServlet: init
09/06 13:26:19 user JMCSession: init
09/06 13:26:22 user JSTServlet: init
09/06 13:26:25 user ServerChecker: init
09/06 14:25:02 info JDBC データソースはこのサーバー用に設定されました (jrun-resources.xml を参照)
09/06 14:25:02 info JRun Web サーバー は *:8000 上でリスン中
09/06 14:25:02 info エンタープライズアプリケーション "JRun Management Console" を file:/C:/JRun4/servers/admin/jmc-app.ear からデプロイ中
09/06 14:25:02 info Web アプリケーション "JRun Management Console" を file:/C:/JRun4/servers/admin/jmc-app.ear からデプロイ中
09/06 14:25:02 user JSPServlet: init
09/06 14:38:30 info JDBC データソースはこのサーバー用に設定されました (jrun-resources.xml を参照)
09/06 14:38:30 info JRun Web サーバー は *:8000 上でリスン中
09/06 14:38:30 info エンタープライズアプリケーション "JRun Management Console" を file:/C:/JRun4/servers/admin/jmc-app.ear からデプロイ中
09/06 14:38:30 info Web アプリケーション "JRun Management Console" を file:/C:/JRun4/servers/admin/jmc-app.ear からデプロイ中
09/06 14:38:31 user JSPServlet: init
09/07 09:25:46 info JDBC データソースはこのサーバー用に設定されました (jrun-resources.xml を参照)
09/07 09:25:46 info JRun Web サーバー は *:8000 上でリスン中
09/07 09:25:46 info エンタープライズアプリケーション "JRun Management Console" を file:/C:/JRun4/servers/admin/jmc-app.ear からデプロイ中
09/07 09:25:46 info Web アプリケーション "JRun Management Console" を file:/C:/JRun4/servers/admin/jmc-app.ear からデプロイ中
09/07 09:25:46 user JSPServlet: init
09/07 15:39:39 info JDBC データソースはこのサーバー用に設定されました (jrun-resources.xml を参照)
09/07 15:39:39 error Exception thrown in operation start
[1]java.net.BindException: ポートは他のサービスまたは処理が使用中です: 8000
	at jrun.servlet.network.NetworkService.bindToSocket(NetworkService.java:341)
	at jrun.servlet.network.NetworkService.start(NetworkService.java:202)
	at jrun.servlet.http.WebService.start(WebService.java:69)
	at sun.reflect.GeneratedMethodAccessor17.invoke(Unknown Source)
	at sun.reflect.DelegatingMethodAccessorImpl.invoke(DelegatingMethodAccessorImpl.java:25)
	at java.lang.reflect.Method.invoke(Method.java:324)
	at com.sun.management.jmx.MBeanServerImpl.invoke(MBeanServerImpl.java:1628)
	at com.sun.management.jmx.MBeanServerImpl.invoke(MBeanServerImpl.java:1523)
	at jrunx.kernel.ServiceAdapter.invokeMethod(ServiceAdapter.java:705)
	at jrunx.kernel.JRunServiceDeployer.invokeOnServices(JRunServiceDeployer.java:460)
	at jrunx.kernel.JRunServiceDeployer.startServices(JRunServiceDeployer.java:312)
	at jrunx.kernel.JRunServiceDeployer.startLifecycle(JRunServiceDeployer.java:260)
	at jrunx.kernel.JRunServiceDeployer.deployServices(JRunServiceDeployer.java:87)
	at jrunx.kernel.DeploymentService.loadServices(DeploymentService.java:46)
	at sun.reflect.NativeMethodAccessorImpl.invoke0(Native Method)
	at sun.reflect.NativeMethodAccessorImpl.invoke(NativeMethodAccessorImpl.java:39)
	at sun.reflect.DelegatingMethodAccessorImpl.invoke(DelegatingMethodAccessorImpl.java:25)
	at java.lang.reflect.Method.invoke(Method.java:324)
	at com.sun.management.jmx.MBeanServerImpl.invoke(MBeanServerImpl.java:1628)
	at com.sun.management.jmx.MBeanServerImpl.invoke(MBeanServerImpl.java:1523)
	at jrunx.kernel.JRun.startServer(JRun.java:558)
	at jrunx.kernel.JRun.<init>(JRun.java:476)
	at jrunx.kernel.JRun$1.run(JRun.java:329)
	at java.security.AccessController.doPrivileged(Native Method)
	at jrunx.kernel.JRun.start(JRun.java:326)
	at jrunx.kernel.JRun.startByNTService(JRun.java:410)
	at sun.reflect.NativeMethodAccessorImpl.invoke0(Native Method)
	at sun.reflect.NativeMethodAccessorImpl.invoke(NativeMethodAccessorImpl.java:39)
	at sun.reflect.DelegatingMethodAccessorImpl.invoke(DelegatingMethodAccessorImpl.java:25)
	at java.lang.reflect.Method.invoke(Method.java:324)
	at jrunx.kernel.JRun.invoke(JRun.java:180)
	at jrunx.kernel.JRun.main(JRun.java:168)
[0]javax.management.MBeanException: Exception thrown in operation start
	at com.sun.management.jmx.MBeanServerImpl.invoke(MBeanServerImpl.java:1644)
	at com.sun.management.jmx.MBeanServerImpl.invoke(MBeanServerImpl.java:1523)
	at jrunx.kernel.ServiceAdapter.invokeMethod(ServiceAdapter.java:705)
	at jrunx.kernel.JRunServiceDeployer.invokeOnServices(JRunServiceDeployer.java:460)
	at jrunx.kernel.JRunServiceDeployer.startServices(JRunServiceDeployer.java:312)
	at jrunx.kernel.JRunServiceDeployer.startLifecycle(JRunServiceDeployer.java:260)
	at jrunx.kernel.JRunServiceDeployer.deployServices(JRunServiceDeployer.java:87)
	at jrunx.kernel.DeploymentService.loadServices(DeploymentService.java:46)
	at sun.reflect.NativeMethodAccessorImpl.invoke0(Native Method)
	at sun.reflect.NativeMethodAccessorImpl.invoke(NativeMethodAccessorImpl.java:39)
	at sun.reflect.DelegatingMethodAccessorImpl.invoke(DelegatingMethodAccessorImpl.java:25)
	at java.lang.reflect.Method.invoke(Method.java:324)
	at com.sun.management.jmx.MBeanServerImpl.invoke(MBeanServerImpl.java:1628)
	at com.sun.management.jmx.MBeanServerImpl.invoke(MBeanServerImpl.java:1523)
	at jrunx.kernel.JRun.startServer(JRun.java:558)
	at jrunx.kernel.JRun.<init>(JRun.java:476)
	at jrunx.kernel.JRun$1.run(JRun.java:329)
	at java.security.AccessController.doPrivileged(Native Method)
	at jrunx.kernel.JRun.start(JRun.java:326)
	at jrunx.kernel.JRun.startByNTService(JRun.java:410)
	at sun.reflect.NativeMethodAccessorImpl.invoke0(Native Method)
	at sun.reflect.NativeMethodAccessorImpl.invoke(NativeMethodAccessorImpl.java:39)
	at sun.reflect.DelegatingMethodAccessorImpl.invoke(DelegatingMethodAccessorImpl.java:25)
	at java.lang.reflect.Method.invoke(Method.java:324)
	at jrunx.kernel.JRun.invoke(JRun.java:180)
	at jrunx.kernel.JRun.main(JRun.java:168)

09/07 15:39:39 info エンタープライズアプリケーション "JRun Management Console" を file:/C:/JRun4/servers/admin/jmc-app.ear からデプロイ中
09/07 15:39:39 info Web アプリケーション "JRun Management Console" を file:/C:/JRun4/servers/admin/jmc-app.ear からデプロイ中
09/07 15:39:39 user JSPServlet: init
09/07 15:39:44 info JDBC データソースはこのサーバー用に設定されました (jrun-resources.xml を参照)
09/07 15:39:44 error Exception thrown in operation start
[1]java.net.BindException: ポートは他のサービスまたは処理が使用中です: 8000
	at jrun.servlet.network.NetworkService.bindToSocket(NetworkService.java:341)
	at jrun.servlet.network.NetworkService.start(NetworkService.java:202)
	at jrun.servlet.http.WebService.start(WebService.java:69)
	at sun.reflect.GeneratedMethodAccessor17.invoke(Unknown Source)
	at sun.reflect.DelegatingMethodAccessorImpl.invoke(DelegatingMethodAccessorImpl.java:25)
	at java.lang.reflect.Method.invoke(Method.java:324)
	at com.sun.management.jmx.MBeanServerImpl.invoke(MBeanServerImpl.java:1628)
	at com.sun.management.jmx.MBeanServerImpl.invoke(MBeanServerImpl.java:1523)
	at jrunx.kernel.ServiceAdapter.invokeMethod(ServiceAdapter.java:705)
	at jrunx.kernel.JRunServiceDeployer.invokeOnServices(JRunServiceDeployer.java:460)
	at jrunx.kernel.JRunServiceDeployer.startServices(JRunServiceDeployer.java:312)
	at jrunx.kernel.JRunServiceDeployer.startLifecycle(JRunServiceDeployer.java:260)
	at jrunx.kernel.JRunServiceDeployer.deployServices(JRunServiceDeployer.java:87)
	at jrunx.kernel.DeploymentService.loadServices(DeploymentService.java:46)
	at sun.reflect.NativeMethodAccessorImpl.invoke0(Native Method)
	at sun.reflect.NativeMethodAccessorImpl.invoke(NativeMethodAccessorImpl.java:39)
	at sun.reflect.DelegatingMethodAccessorImpl.invoke(DelegatingMethodAccessorImpl.java:25)
	at java.lang.reflect.Method.invoke(Method.java:324)
	at com.sun.management.jmx.MBeanServerImpl.invoke(MBeanServerImpl.java:1628)
	at com.sun.management.jmx.MBeanServerImpl.invoke(MBeanServerImpl.java:1523)
	at jrunx.kernel.JRun.startServer(JRun.java:558)
	at jrunx.kernel.JRun.<init>(JRun.java:476)
	at jrunx.kernel.JRun$1.run(JRun.java:329)
	at java.security.AccessController.doPrivileged(Native Method)
	at jrunx.kernel.JRun.start(JRun.java:326)
	at jrunx.kernel.JRun.startByNTService(JRun.java:410)
	at sun.reflect.NativeMethodAccessorImpl.invoke0(Native Method)
	at sun.reflect.NativeMethodAccessorImpl.invoke(NativeMethodAccessorImpl.java:39)
	at sun.reflect.DelegatingMethodAccessorImpl.invoke(DelegatingMethodAccessorImpl.java:25)
	at java.lang.reflect.Method.invoke(Method.java:324)
	at jrunx.kernel.JRun.invoke(JRun.java:180)
	at jrunx.kernel.JRun.main(JRun.java:168)
[0]javax.management.MBeanException: Exception thrown in operation start
	at com.sun.management.jmx.MBeanServerImpl.invoke(MBeanServerImpl.java:1644)
	at com.sun.management.jmx.MBeanServerImpl.invoke(MBeanServerImpl.java:1523)
	at jrunx.kernel.ServiceAdapter.invokeMethod(ServiceAdapter.java:705)
	at jrunx.kernel.JRunServiceDeployer.invokeOnServices(JRunServiceDeployer.java:460)
	at jrunx.kernel.JRunServiceDeployer.startServices(JRunServiceDeployer.java:312)
	at jrunx.kernel.JRunServiceDeployer.startLifecycle(JRunServiceDeployer.java:260)
	at jrunx.kernel.JRunServiceDeployer.deployServices(JRunServiceDeployer.java:87)
	at jrunx.kernel.DeploymentService.loadServices(DeploymentService.java:46)
	at sun.reflect.NativeMethodAccessorImpl.invoke0(Native Method)
	at sun.reflect.NativeMethodAccessorImpl.invoke(NativeMethodAccessorImpl.java:39)
	at sun.reflect.DelegatingMethodAccessorImpl.invoke(DelegatingMethodAccessorImpl.java:25)
	at java.lang.reflect.Method.invoke(Method.java:324)
	at com.sun.management.jmx.MBeanServerImpl.invoke(MBeanServerImpl.java:1628)
	at com.sun.management.jmx.MBeanServerImpl.invoke(MBeanServerImpl.java:1523)
	at jrunx.kernel.JRun.startServer(JRun.java:558)
	at jrunx.kernel.JRun.<init>(JRun.java:476)
	at jrunx.kernel.JRun$1.run(JRun.java:329)
	at java.security.AccessController.doPrivileged(Native Method)
	at jrunx.kernel.JRun.start(JRun.java:326)
	at jrunx.kernel.JRun.startByNTService(JRun.java:410)
	at sun.reflect.NativeMethodAccessorImpl.invoke0(Native Method)
	at sun.reflect.NativeMethodAccessorImpl.invoke(NativeMethodAccessorImpl.java:39)
	at sun.reflect.DelegatingMethodAccessorImpl.invoke(DelegatingMethodAccessorImpl.java:25)
	at java.lang.reflect.Method.invoke(Method.java:324)
	at jrunx.kernel.JRun.invoke(JRun.java:180)
	at jrunx.kernel.JRun.main(JRun.java:168)

09/07 15:39:44 info エンタープライズアプリケーション "JRun Management Console" を file:/C:/JRun4/servers/admin/jmc-app.ear からデプロイ中
09/07 15:39:45 info Web アプリケーション "JRun Management Console" を file:/C:/JRun4/servers/admin/jmc-app.ear からデプロイ中
09/07 15:39:45 user JSPServlet: init
09/07 15:47:12 info JDBC データソースはこのサーバー用に設定されました (jrun-resources.xml を参照)
09/07 15:47:12 info JRun Web サーバー は *:8000 上でリスン中
09/07 15:47:12 info エンタープライズアプリケーション "JRun Management Console" を file:/C:/JRun4/servers/admin/jmc-app.ear からデプロイ中
09/07 15:47:12 info Web アプリケーション "JRun Management Console" を file:/C:/JRun4/servers/admin/jmc-app.ear からデプロイ中
09/07 15:47:12 user JSPServlet: init
09/07 18:14:41 user FileServlet: init
09/07 18:14:45 user JMCSession: init
09/07 18:14:48 user JSTServlet: init
09/07 18:14:55 error リクエストされたリソース /docs/html/SearchAppletProperties_ja_JP.class は見つかりませんでした
09/07 18:14:55 error リクエストされたリソース /docs/html/SearchAppletProperties_ja_JP.class は見つかりませんでした
09/07 18:14:55 error リクエストされたリソース /docs/html/SearchAppletProperties_ja_JP.properties は見つかりませんでした
09/08 11:40:18 user ServerChecker: init
09/08 14:27:01 error リクエストされたリソース /docs/html/SearchAppletProperties_ja_JP.class は見つかりませんでした
09/08 14:27:01 error リクエストされたリソース /docs/html/SearchAppletProperties_ja_JP.class は見つかりませんでした
09/08 14:27:01 error リクエストされたリソース /docs/html/SearchAppletProperties_ja_JP.properties は見つかりませんでした
09/08 18:29:22 user JMCSession: destroy
09/08 18:29:22 user ServerChecker: destroy
09/08 18:29:22 user FileServlet: destroy
09/08 18:29:53 info JDBC データソースはこのサーバー用に設定されました (jrun-resources.xml を参照)
09/08 18:29:53 info JRun Web サーバー は *:8000 上でリスン中
09/08 18:29:53 info エンタープライズアプリケーション "JRun Management Console" を file:/C:/JRun4/servers/admin/jmc-app.ear からデプロイ中
09/08 18:29:53 info Web アプリケーション "JRun Management Console" を file:/C:/JRun4/servers/admin/jmc-app.ear からデプロイ中
09/08 18:29:53 user JSPServlet: init
09/08 21:52:25 info JDBC データソースはこのサーバー用に設定されました (jrun-resources.xml を参照)
09/08 21:52:25 info JRun Web サーバー は *:8000 上でリスン中
09/08 21:52:25 info エンタープライズアプリケーション "JRun Management Console" を file:/C:/JRun4/servers/admin/jmc-app.ear からデプロイ中
09/08 21:52:26 info Web アプリケーション "JRun Management Console" を file:/C:/JRun4/servers/admin/jmc-app.ear からデプロイ中
09/08 21:52:26 user JSPServlet: init
09/09 09:29:46 user FileServlet: init
09/09 09:29:48 user JMCSession: init
09/09 09:29:50 user JSTServlet: init
09/09 09:29:58 error リクエストされたリソース /docs/html/SearchAppletProperties_ja_JP.class は見つかりませんでした
09/09 09:29:58 error リクエストされたリソース /docs/html/SearchAppletProperties_ja_JP.class は見つかりませんでした
09/09 09:29:58 error リクエストされたリソース /docs/html/SearchAppletProperties_ja_JP.properties は見つかりませんでした
09/09 10:24:47 error リクエストされたリソース /docs/html/SearchAppletProperties_ja_JP.class は見つかりませんでした
09/09 10:24:47 error リクエストされたリソース /docs/html/SearchAppletProperties_ja_JP.class は見つかりませんでした
09/09 10:24:47 error リクエストされたリソース /docs/html/SearchAppletProperties_ja_JP.properties は見つかりませんでした
09/09 11:15:21 user ServerChecker: init
09/09 13:29:53 error リクエストされたリソース /docs/html/SearchAppletProperties_ja_JP.class は見つかりませんでした
09/09 13:29:53 error リクエストされたリソース /docs/html/SearchAppletProperties_ja_JP.class は見つかりませんでした
09/09 13:29:53 error リクエストされたリソース /docs/html/SearchAppletProperties_ja_JP.properties は見つかりませんでした
09/09 16:38:40 error リクエストされたリソース /docs/html/SearchAppletProperties_ja_JP.class は見つかりませんでした
09/09 16:38:40 error リクエストされたリソース /docs/html/SearchAppletProperties_ja_JP.class は見つかりませんでした
09/09 16:38:40 error リクエストされたリソース /docs/html/SearchAppletProperties_ja_JP.properties は見つかりませんでした
09/13 02:06:11 info JDBC データソースはこのサーバー用に設定されました (jrun-resources.xml を参照)
09/13 02:06:11 info JRun Web サーバー は *:8000 上でリスン中
09/13 02:06:11 info エンタープライズアプリケーション "JRun Management Console" を file:/C:/JRun4/servers/admin/jmc-app.ear からデプロイ中
09/13 02:06:12 info Web アプリケーション "JRun Management Console" を file:/C:/JRun4/servers/admin/jmc-app.ear からデプロイ中
09/13 02:06:12 user JSPServlet: init
09/13 15:12:13 info JDBC データソースはこのサーバー用に設定されました (jrun-resources.xml を参照)
09/13 15:12:13 info JRun Web サーバー は *:8000 上でリスン中
09/13 15:12:14 info エンタープライズアプリケーション "JRun Management Console" を file:/C:/JRun4/servers/admin/jmc-app.ear からデプロイ中
09/13 15:12:14 info Web アプリケーション "JRun Management Console" を file:/C:/JRun4/servers/admin/jmc-app.ear からデプロイ中
09/13 15:12:14 user JSPServlet: init
09/13 18:07:22 user FileServlet: init
09/13 18:08:03 user JMCSession: init
09/13 18:08:05 user JSTServlet: init
09/13 18:10:01 user ServerChecker: init
09/14 17:18:28 info JDBC データソースはこのサーバー用に設定されました (jrun-resources.xml を参照)
09/14 17:18:28 info JRun Web サーバー は *:8000 上でリスン中
09/14 17:18:29 info エンタープライズアプリケーション "JRun Management Console" を file:/C:/JRun4/servers/admin/jmc-app.ear からデプロイ中
09/14 17:18:29 info Web アプリケーション "JRun Management Console" を file:/C:/JRun4/servers/admin/jmc-app.ear からデプロイ中
09/14 17:18:29 user JSPServlet: init
09/15 10:50:03 info JDBC データソースはこのサーバー用に設定されました (jrun-resources.xml を参照)
09/15 10:50:03 info JRun Web サーバー は *:8000 上でリスン中
09/15 10:50:03 info エンタープライズアプリケーション "JRun Management Console" を file:/C:/JRun4/servers/admin/jmc-app.ear からデプロイ中
09/15 10:50:04 info Web アプリケーション "JRun Management Console" を file:/C:/JRun4/servers/admin/jmc-app.ear からデプロイ中
09/15 10:50:04 user JSPServlet: init
09/15 16:23:42 user FileServlet: init
09/15 16:23:44 user JMCSession: init
09/15 16:23:47 user JSTServlet: init
09/15 16:23:50 user ServerChecker: init
09/15 17:13:33 user JMCSession: destroy
09/15 17:13:33 user ServerChecker: destroy
09/15 17:13:33 user FileServlet: destroy
09/15 17:38:34 info JDBC データソースはこのサーバー用に設定されました (jrun-resources.xml を参照)
09/15 17:38:34 info JRun Web サーバー は *:8000 上でリスン中
09/15 17:38:34 info エンタープライズアプリケーション "JRun Management Console" を file:/C:/JRun4/servers/admin/jmc-app.ear からデプロイ中
09/15 17:38:34 info Web アプリケーション "JRun Management Console" を file:/C:/JRun4/servers/admin/jmc-app.ear からデプロイ中
09/15 17:38:34 user JSPServlet: init
09/16 09:23:56 info JDBC データソースはこのサーバー用に設定されました (jrun-resources.xml を参照)
09/16 09:23:56 info JRun Web サーバー は *:8000 上でリスン中
09/16 09:23:56 info エンタープライズアプリケーション "JRun Management Console" を file:/C:/JRun4/servers/admin/jmc-app.ear からデプロイ中
09/16 09:23:56 info Web アプリケーション "JRun Management Console" を file:/C:/JRun4/servers/admin/jmc-app.ear からデプロイ中
09/16 09:23:56 user JSPServlet: init
09/16 15:20:01 user FileServlet: init
09/16 15:20:04 user JMCSession: init
09/16 15:20:06 user JSTServlet: init
09/16 15:21:31 error リクエストされたリソース /docs/html/SearchAppletProperties_ja_JP.class は見つかりませんでした
09/16 15:21:31 error リクエストされたリソース /docs/html/SearchAppletProperties_ja_JP.class は見つかりませんでした
09/16 15:21:31 error リクエストされたリソース /docs/html/SearchAppletProperties_ja_JP.properties は見つかりませんでした
09/16 16:18:25 user ServerChecker: init
09/16 16:19:22 error リクエストされたリソース /docs/html/SearchAppletProperties_ja_JP.class は見つかりませんでした
09/16 16:19:22 error リクエストされたリソース /docs/html/SearchAppletProperties_ja_JP.class は見つかりませんでした
09/16 16:19:22 error リクエストされたリソース /docs/html/SearchAppletProperties_ja_JP.properties は見つかりませんでした
09/16 16:38:16 error リクエストされたリソース /docs/html/SearchAppletProperties_ja_JP.class は見つかりませんでした
09/16 16:38:16 error リクエストされたリソース /docs/html/SearchAppletProperties_ja_JP.class は見つかりませんでした
09/16 16:38:16 error リクエストされたリソース /docs/html/SearchAppletProperties_ja_JP.properties は見つかりませんでした
09/20 02:05:59 info JDBC データソースはこのサーバー用に設定されました (jrun-resources.xml を参照)
09/20 02:05:59 info JRun Web サーバー は *:8000 上でリスン中
09/20 02:05:59 info エンタープライズアプリケーション "JRun Management Console" を file:/C:/JRun4/servers/admin/jmc-app.ear からデプロイ中
09/20 02:06:00 info Web アプリケーション "JRun Management Console" を file:/C:/JRun4/servers/admin/jmc-app.ear からデプロイ中
09/20 02:06:00 user JSPServlet: init
09/22 16:09:26 info JDBC データソースはこのサーバー用に設定されました (jrun-resources.xml を参照)
09/22 16:09:26 info JRun Web サーバー は *:8000 上でリスン中
09/22 16:09:26 info エンタープライズアプリケーション "JRun Management Console" を file:/C:/JRun4/servers/admin/jmc-app.ear からデプロイ中
09/22 16:09:26 info Web アプリケーション "JRun Management Console" を file:/C:/JRun4/servers/admin/jmc-app.ear からデプロイ中
09/22 16:09:27 user JSPServlet: init
09/24 22:33:34 info JDBC データソースはこのサーバー用に設定されました (jrun-resources.xml を参照)
09/24 22:33:34 info JRun Web サーバー は *:8000 上でリスン中
09/24 22:33:34 info エンタープライズアプリケーション "JRun Management Console" を file:/C:/JRun4/servers/admin/jmc-app.ear からデプロイ中
09/24 22:33:34 info Web アプリケーション "JRun Management Console" を file:/C:/JRun4/servers/admin/jmc-app.ear からデプロイ中
09/24 22:33:35 user JSPServlet: init
09/27 08:26:43 info JDBC データソースはこのサーバー用に設定されました (jrun-resources.xml を参照)
09/27 08:26:43 info JRun Web サーバー は *:8000 上でリスン中
09/27 08:26:43 info エンタープライズアプリケーション "JRun Management Console" を file:/C:/JRun4/servers/admin/jmc-app.ear からデプロイ中
09/27 08:26:43 info Web アプリケーション "JRun Management Console" を file:/C:/JRun4/servers/admin/jmc-app.ear からデプロイ中
09/27 08:26:44 user JSPServlet: init
10/04 02:05:59 info JDBC データソースはこのサーバー用に設定されました (jrun-resources.xml を参照)
10/04 02:05:59 info JRun Web サーバー は *:8000 上でリスン中
10/04 02:05:59 info エンタープライズアプリケーション "JRun Management Console" を file:/C:/JRun4/servers/admin/jmc-app.ear からデプロイ中
10/04 02:05:59 info Web アプリケーション "JRun Management Console" を file:/C:/JRun4/servers/admin/jmc-app.ear からデプロイ中
10/04 02:06:00 user JSPServlet: init
10/12 09:07:12 info JDBC データソースはこのサーバー用に設定されました (jrun-resources.xml を参照)
10/12 09:07:12 info JRun Web サーバー は *:8000 上でリスン中
10/12 09:07:12 info エンタープライズアプリケーション "JRun Management Console" を file:/C:/JRun4/servers/admin/jmc-app.ear からデプロイ中
10/12 09:07:13 info Web アプリケーション "JRun Management Console" を file:/C:/JRun4/servers/admin/jmc-app.ear からデプロイ中
10/12 09:07:13 user JSPServlet: init
10/18 02:06:01 info JDBC データソースはこのサーバー用に設定されました (jrun-resources.xml を参照)
10/18 02:06:01 info JRun Web サーバー は *:8000 上でリスン中
10/18 02:06:01 info エンタープライズアプリケーション "JRun Management Console" を file:/C:/JRun4/servers/admin/jmc-app.ear からデプロイ中
10/18 02:06:01 info Web アプリケーション "JRun Management Console" を file:/C:/JRun4/servers/admin/jmc-app.ear からデプロイ中
10/18 02:06:01 user JSPServlet: init
10/19 21:03:10 info JDBC データソースはこのサーバー用に設定されました (jrun-resources.xml を参照)
10/19 21:03:10 info JRun Web サーバー は *:8000 上でリスン中
10/19 21:03:10 info エンタープライズアプリケーション "JRun Management Console" を file:/C:/JRun4/servers/admin/jmc-app.ear からデプロイ中
10/19 21:03:10 info Web アプリケーション "JRun Management Console" を file:/C:/JRun4/servers/admin/jmc-app.ear からデプロイ中
10/19 21:03:10 user JSPServlet: init
10/25 08:27:39 info JDBC データソースはこのサーバー用に設定されました (jrun-resources.xml を参照)
10/25 08:27:39 info JRun Web サーバー は *:8000 上でリスン中
10/25 08:27:39 info エンタープライズアプリケーション "JRun Management Console" を file:/C:/JRun4/servers/admin/jmc-app.ear からデプロイ中
10/25 08:27:39 info Web アプリケーション "JRun Management Console" を file:/C:/JRun4/servers/admin/jmc-app.ear からデプロイ中
10/25 08:27:39 user JSPServlet: init
11/01 02:06:00 info JDBC データソースはこのサーバー用に設定されました (jrun-resources.xml を参照)
11/01 02:06:00 info JRun Web サーバー は *:8000 上でリスン中
11/01 02:06:00 info エンタープライズアプリケーション "JRun Management Console" を file:/C:/JRun4/servers/admin/jmc-app.ear からデプロイ中
11/01 02:06:01 info Web アプリケーション "JRun Management Console" を file:/C:/JRun4/servers/admin/jmc-app.ear からデプロイ中
11/01 02:06:01 user JSPServlet: init
11/08 09:52:51 info JDBC データソースはこのサーバー用に設定されました (jrun-resources.xml を参照)
11/08 09:52:51 info JRun Web サーバー は *:8000 上でリスン中
11/08 09:52:51 info エンタープライズアプリケーション "JRun Management Console" を file:/C:/JRun4/servers/admin/jmc-app.ear からデプロイ中
11/08 09:52:51 info Web アプリケーション "JRun Management Console" を file:/C:/JRun4/servers/admin/jmc-app.ear からデプロイ中
11/08 09:52:51 user JSPServlet: init
11/14 10:50:39 info JDBC データソースはこのサーバー用に設定されました (jrun-resources.xml を参照)
11/14 10:50:39 info JRun Web サーバー は *:8000 上でリスン中
11/14 10:50:39 info エンタープライズアプリケーション "JRun Management Console" を file:/C:/JRun4/servers/admin/jmc-app.ear からデプロイ中
11/14 10:50:39 info Web アプリケーション "JRun Management Console" を file:/C:/JRun4/servers/admin/jmc-app.ear からデプロイ中
11/14 10:50:40 user JSPServlet: init
11/14 13:06:01 info JDBC データソースはこのサーバー用に設定されました (jrun-resources.xml を参照)
11/14 13:06:01 info JRun Web サーバー は *:8000 上でリスン中
11/14 13:06:01 info エンタープライズアプリケーション "JRun Management Console" を file:/C:/JRun4/servers/admin/jmc-app.ear からデプロイ中
11/14 13:06:01 info Web アプリケーション "JRun Management Console" を file:/C:/JRun4/servers/admin/jmc-app.ear からデプロイ中
11/14 13:06:02 user JSPServlet: init
11/21 13:06:00 info JDBC データソースはこのサーバー用に設定されました (jrun-resources.xml を参照)
11/21 13:06:00 info JRun Web サーバー は *:8000 上でリスン中
11/21 13:06:00 info エンタープライズアプリケーション "JRun Management Console" を file:/C:/JRun4/servers/admin/jmc-app.ear からデプロイ中
11/21 13:06:00 info Web アプリケーション "JRun Management Console" を file:/C:/JRun4/servers/admin/jmc-app.ear からデプロイ中
11/21 13:06:01 user JSPServlet: init
11/24 10:35:26 info JDBC データソースはこのサーバー用に設定されました (jrun-resources.xml を参照)
11/24 10:35:26 info JRun Web サーバー は *:8000 上でリスン中
11/24 10:35:27 info エンタープライズアプリケーション "JRun Management Console" を file:/C:/JRun4/servers/admin/jmc-app.ear からデプロイ中
11/24 10:35:27 info Web アプリケーション "JRun Management Console" を file:/C:/JRun4/servers/admin/jmc-app.ear からデプロイ中
11/24 10:35:27 user JSPServlet: init
11/24 15:23:19 info JDBC データソースはこのサーバー用に設定されました (jrun-resources.xml を参照)
11/24 15:23:19 info JRun Web サーバー は *:8000 上でリスン中
11/24 15:23:19 info エンタープライズアプリケーション "JRun Management Console" を file:/C:/JRun4/servers/admin/jmc-app.ear からデプロイ中
11/24 15:23:20 info Web アプリケーション "JRun Management Console" を file:/C:/JRun4/servers/admin/jmc-app.ear からデプロイ中
11/24 15:23:20 user JSPServlet: init
11/28 13:06:01 info JDBC データソースはこのサーバー用に設定されました (jrun-resources.xml を参照)
11/28 13:06:01 info JRun Web サーバー は *:8000 上でリスン中
11/28 13:06:01 info エンタープライズアプリケーション "JRun Management Console" を file:/C:/JRun4/servers/admin/jmc-app.ear からデプロイ中
11/28 13:06:01 info Web アプリケーション "JRun Management Console" を file:/C:/JRun4/servers/admin/jmc-app.ear からデプロイ中
11/28 13:06:01 user JSPServlet: init
12/05 09:48:31 info JDBC データソースはこのサーバー用に設定されました (jrun-resources.xml を参照)
12/05 09:48:31 info JRun Web サーバー は *:8000 上でリスン中
12/05 09:48:32 info エンタープライズアプリケーション "JRun Management Console" を file:/C:/JRun4/servers/admin/jmc-app.ear からデプロイ中
12/05 09:48:32 info Web アプリケーション "JRun Management Console" を file:/C:/JRun4/servers/admin/jmc-app.ear からデプロイ中
12/05 09:48:32 user JSPServlet: init
12/05 13:05:59 info JDBC データソースはこのサーバー用に設定されました (jrun-resources.xml を参照)
12/05 13:05:59 info JRun Web サーバー は *:8000 上でリスン中
12/05 13:05:59 info エンタープライズアプリケーション "JRun Management Console" を file:/C:/JRun4/servers/admin/jmc-app.ear からデプロイ中
12/05 13:06:00 info Web アプリケーション "JRun Management Console" を file:/C:/JRun4/servers/admin/jmc-app.ear からデプロイ中
12/05 13:06:00 user JSPServlet: init
12/12 13:06:01 info JDBC データソースはこのサーバー用に設定されました (jrun-resources.xml を参照)
12/12 13:06:01 info JRun Web サーバー は *:8000 上でリスン中
12/12 13:06:01 info エンタープライズアプリケーション "JRun Management Console" を file:/C:/JRun4/servers/admin/jmc-app.ear からデプロイ中
12/12 13:06:01 info Web アプリケーション "JRun Management Console" を file:/C:/JRun4/servers/admin/jmc-app.ear からデプロイ中
12/12 13:06:02 user JSPServlet: init
12/13 13:43:14 info JDBC データソースはこのサーバー用に設定されました (jrun-resources.xml を参照)
12/13 13:43:14 info JRun Web サーバー は *:8000 上でリスン中
12/13 13:43:14 info エンタープライズアプリケーション "JRun Management Console" を file:/C:/JRun4/servers/admin/jmc-app.ear からデプロイ中
12/13 13:43:14 info Web アプリケーション "JRun Management Console" を file:/C:/JRun4/servers/admin/jmc-app.ear からデプロイ中
12/13 13:43:15 user JSPServlet: init
12/13 13:55:39 info JDBC データソースはこのサーバー用に設定されました (jrun-resources.xml を参照)
12/13 13:55:39 info JRun Web サーバー は *:8000 上でリスン中
12/13 13:55:39 info エンタープライズアプリケーション "JRun Management Console" を file:/C:/JRun4/servers/admin/jmc-app.ear からデプロイ中
12/13 13:55:39 info Web アプリケーション "JRun Management Console" を file:/C:/JRun4/servers/admin/jmc-app.ear からデプロイ中
12/13 13:55:39 user JSPServlet: init
12/13 16:10:07 info JDBC データソースはこのサーバー用に設定されました (jrun-resources.xml を参照)
12/13 16:10:07 info JRun Web サーバー は *:8000 上でリスン中
12/13 16:10:07 info エンタープライズアプリケーション "JRun Management Console" を file:/C:/JRun4/servers/admin/jmc-app.ear からデプロイ中
12/13 16:10:07 info Web アプリケーション "JRun Management Console" を file:/C:/JRun4/servers/admin/jmc-app.ear からデプロイ中
12/13 16:10:08 user JSPServlet: init
12/20 15:12:16 info JDBC データソースはこのサーバー用に設定されました (jrun-resources.xml を参照)
12/20 15:12:16 info JRun Web サーバー は *:8000 上でリスン中
12/20 15:12:16 info エンタープライズアプリケーション "JRun Management Console" を file:/C:/JRun4/servers/admin/jmc-app.ear からデプロイ中
12/20 15:12:16 info Web アプリケーション "JRun Management Console" を file:/C:/JRun4/servers/admin/jmc-app.ear からデプロイ中
12/20 15:12:17 user JSPServlet: init
12/26 13:06:01 info JDBC データソースはこのサーバー用に設定されました (jrun-resources.xml を参照)
12/26 13:06:01 info JRun Web サーバー は *:8000 上でリスン中
12/26 13:06:01 info エンタープライズアプリケーション "JRun Management Console" を file:/C:/JRun4/servers/admin/jmc-app.ear からデプロイ中
12/26 13:06:02 info Web アプリケーション "JRun Management Console" を file:/C:/JRun4/servers/admin/jmc-app.ear からデプロイ中
12/26 13:06:02 user JSPServlet: init
01/02 13:06:01 info JDBC データソースはこのサーバー用に設定されました (jrun-resources.xml を参照)
01/02 13:06:01 info JRun Web サーバー は *:8000 上でリスン中
01/02 13:06:01 info エンタープライズアプリケーション "JRun Management Console" を file:/C:/JRun4/servers/admin/jmc-app.ear からデプロイ中
01/02 13:06:02 info Web アプリケーション "JRun Management Console" を file:/C:/JRun4/servers/admin/jmc-app.ear からデプロイ中
01/02 13:06:02 user JSPServlet: init
01/09 10:18:54 info JDBC データソースはこのサーバー用に設定されました (jrun-resources.xml を参照)
01/09 10:18:54 info JRun Web サーバー は *:8000 上でリスン中
01/09 10:18:54 info エンタープライズアプリケーション "JRun Management Console" を file:/C:/JRun4/servers/admin/jmc-app.ear からデプロイ中
01/09 10:18:55 info Web アプリケーション "JRun Management Console" を file:/C:/JRun4/servers/admin/jmc-app.ear からデプロイ中
01/09 10:18:55 user JSPServlet: init
01/09 13:06:02 info JDBC データソースはこのサーバー用に設定されました (jrun-resources.xml を参照)
01/09 13:06:02 info JRun Web サーバー は *:8000 上でリスン中
01/09 13:06:02 info エンタープライズアプリケーション "JRun Management Console" を file:/C:/JRun4/servers/admin/jmc-app.ear からデプロイ中
01/09 13:06:02 info Web アプリケーション "JRun Management Console" を file:/C:/JRun4/servers/admin/jmc-app.ear からデプロイ中
01/09 13:06:03 user JSPServlet: init
01/16 13:06:01 info JDBC データソースはこのサーバー用に設定されました (jrun-resources.xml を参照)
01/16 13:06:01 info JRun Web サーバー は *:8000 上でリスン中
01/16 13:06:01 info エンタープライズアプリケーション "JRun Management Console" を file:/C:/JRun4/servers/admin/jmc-app.ear からデプロイ中
01/16 13:06:02 info Web アプリケーション "JRun Management Console" を file:/C:/JRun4/servers/admin/jmc-app.ear からデプロイ中
01/16 13:06:02 user JSPServlet: init
01/20 14:08:23 info JDBC データソースはこのサーバー用に設定されました (jrun-resources.xml を参照)
01/20 14:08:24 info JRun Web サーバー は *:8000 上でリスン中
01/20 14:08:24 info エンタープライズアプリケーション "JRun Management Console" を file:/C:/JRun4/servers/admin/jmc-app.ear からデプロイ中
01/20 14:08:24 info Web アプリケーション "JRun Management Console" を file:/C:/JRun4/servers/admin/jmc-app.ear からデプロイ中
01/20 14:08:24 user JSPServlet: init
01/20 14:16:45 info JDBC データソースはこのサーバー用に設定されました (jrun-resources.xml を参照)
01/20 14:16:45 info JRun Web サーバー は *:8000 上でリスン中
01/20 14:16:45 info エンタープライズアプリケーション "JRun Management Console" を file:/C:/JRun4/servers/admin/jmc-app.ear からデプロイ中
01/20 14:16:45 info Web アプリケーション "JRun Management Console" を file:/C:/JRun4/servers/admin/jmc-app.ear からデプロイ中
01/20 14:16:45 user JSPServlet: init
01/20 14:23:15 info JDBC データソースはこのサーバー用に設定されました (jrun-resources.xml を参照)
01/20 14:23:15 info JRun Web サーバー は *:8000 上でリスン中
01/20 14:23:15 info エンタープライズアプリケーション "JRun Management Console" を file:/C:/JRun4/servers/admin/jmc-app.ear からデプロイ中
01/20 14:23:15 info Web アプリケーション "JRun Management Console" を file:/C:/JRun4/servers/admin/jmc-app.ear からデプロイ中
01/20 14:23:16 user JSPServlet: init
01/20 14:52:19 info JDBC データソースはこのサーバー用に設定されました (jrun-resources.xml を参照)
01/20 14:52:19 info JRun Web サーバー は *:8000 上でリスン中
01/20 14:52:19 info エンタープライズアプリケーション "JRun Management Console" を file:/C:/JRun4/servers/admin/jmc-app.ear からデプロイ中
01/20 14:52:19 info Web アプリケーション "JRun Management Console" を file:/C:/JRun4/servers/admin/jmc-app.ear からデプロイ中
01/20 14:52:19 user JSPServlet: init
01/20 15:11:02 info JDBC データソースはこのサーバー用に設定されました (jrun-resources.xml を参照)
01/20 15:11:02 info JRun Web サーバー は *:8000 上でリスン中
01/20 15:11:02 info エンタープライズアプリケーション "JRun Management Console" を file:/C:/JRun4/servers/admin/jmc-app.ear からデプロイ中
01/20 15:11:02 info Web アプリケーション "JRun Management Console" を file:/C:/JRun4/servers/admin/jmc-app.ear からデプロイ中
01/20 15:11:02 user JSPServlet: init
01/20 15:50:17 info JDBC データソースはこのサーバー用に設定されました (jrun-resources.xml を参照)
01/20 15:50:17 info JRun Web サーバー は *:8000 上でリスン中
01/20 15:50:17 info エンタープライズアプリケーション "JRun Management Console" を file:/C:/JRun4/servers/admin/jmc-app.ear からデプロイ中
01/20 15:50:17 info Web アプリケーション "JRun Management Console" を file:/C:/JRun4/servers/admin/jmc-app.ear からデプロイ中
01/20 15:50:17 user JSPServlet: init
01/20 15:56:48 info JDBC データソースはこのサーバー用に設定されました (jrun-resources.xml を参照)
01/20 15:56:48 info JRun Web サーバー は *:8000 上でリスン中
01/20 15:56:48 info エンタープライズアプリケーション "JRun Management Console" を file:/C:/JRun4/servers/admin/jmc-app.ear からデプロイ中
01/20 15:56:48 info Web アプリケーション "JRun Management Console" を file:/C:/JRun4/servers/admin/jmc-app.ear からデプロイ中
01/20 15:56:48 user JSPServlet: init
01/20 16:01:27 info JDBC データソースはこのサーバー用に設定されました (jrun-resources.xml を参照)
01/20 16:01:27 info JRun Web サーバー は *:8000 上でリスン中
01/20 16:01:27 info エンタープライズアプリケーション "JRun Management Console" を file:/C:/JRun4/servers/admin/jmc-app.ear からデプロイ中
01/20 16:01:28 info Web アプリケーション "JRun Management Console" を file:/C:/JRun4/servers/admin/jmc-app.ear からデプロイ中
01/20 16:01:28 user JSPServlet: init
01/20 16:09:56 info JDBC データソースはこのサーバー用に設定されました (jrun-resources.xml を参照)
01/20 16:09:57 info JRun Web サーバー は *:8000 上でリスン中
01/20 16:09:57 info エンタープライズアプリケーション "JRun Management Console" を file:/C:/JRun4/servers/admin/jmc-app.ear からデプロイ中
01/20 16:09:57 info Web アプリケーション "JRun Management Console" を file:/C:/JRun4/servers/admin/jmc-app.ear からデプロイ中
01/20 16:09:57 user JSPServlet: init
01/20 16:11:49 info JDBC データソースはこのサーバー用に設定されました (jrun-resources.xml を参照)
01/20 16:11:49 info JRun Web サーバー は *:8000 上でリスン中
01/20 16:11:49 info エンタープライズアプリケーション "JRun Management Console" を file:/C:/JRun4/servers/admin/jmc-app.ear からデプロイ中
01/20 16:11:49 info Web アプリケーション "JRun Management Console" を file:/C:/JRun4/servers/admin/jmc-app.ear からデプロイ中
01/20 16:11:50 user JSPServlet: init
01/20 16:17:12 info JDBC データソースはこのサーバー用に設定されました (jrun-resources.xml を参照)
01/20 16:17:12 info JRun Web サーバー は *:8000 上でリスン中
01/20 16:17:12 info エンタープライズアプリケーション "JRun Management Console" を file:/C:/JRun4/servers/admin/jmc-app.ear からデプロイ中
01/20 16:17:12 info Web アプリケーション "JRun Management Console" を file:/C:/JRun4/servers/admin/jmc-app.ear からデプロイ中
01/20 16:17:12 user JSPServlet: init
01/20 16:26:25 info JDBC データソースはこのサーバー用に設定されました (jrun-resources.xml を参照)
01/20 16:26:25 info JRun Web サーバー は *:8000 上でリスン中
01/20 16:26:25 info エンタープライズアプリケーション "JRun Management Console" を file:/C:/JRun4/servers/admin/jmc-app.ear からデプロイ中
01/20 16:26:25 info Web アプリケーション "JRun Management Console" を file:/C:/JRun4/servers/admin/jmc-app.ear からデプロイ中
01/20 16:26:25 user JSPServlet: init
01/20 16:52:22 info JDBC データソースはこのサーバー用に設定されました (jrun-resources.xml を参照)
01/20 16:52:22 info JRun Web サーバー は *:8000 上でリスン中
01/20 16:52:22 info エンタープライズアプリケーション "JRun Management Console" を file:/C:/JRun4/servers/admin/jmc-app.ear からデプロイ中
01/20 16:52:22 info Web アプリケーション "JRun Management Console" を file:/C:/JRun4/servers/admin/jmc-app.ear からデプロイ中
01/20 16:52:22 user JSPServlet: init
01/20 16:55:09 info JDBC データソースはこのサーバー用に設定されました (jrun-resources.xml を参照)
01/20 16:55:09 info JRun Web サーバー は *:8000 上でリスン中
01/20 16:55:09 info エンタープライズアプリケーション "JRun Management Console" を file:/C:/JRun4/servers/admin/jmc-app.ear からデプロイ中
01/20 16:55:10 info Web アプリケーション "JRun Management Console" を file:/C:/JRun4/servers/admin/jmc-app.ear からデプロイ中
01/20 16:55:10 user JSPServlet: init
01/20 17:05:44 info JDBC データソースはこのサーバー用に設定されました (jrun-resources.xml を参照)
01/20 17:05:44 info JRun Web サーバー は *:8000 上でリスン中
01/20 17:05:45 info エンタープライズアプリケーション "JRun Management Console" を file:/C:/JRun4/servers/admin/jmc-app.ear からデプロイ中
01/20 17:05:45 info Web アプリケーション "JRun Management Console" を file:/C:/JRun4/servers/admin/jmc-app.ear からデプロイ中
01/20 17:05:45 user JSPServlet: init
01/20 17:13:25 info JDBC データソースはこのサーバー用に設定されました (jrun-resources.xml を参照)
01/20 17:13:25 info JRun Web サーバー は *:8000 上でリスン中
01/20 17:13:25 info エンタープライズアプリケーション "JRun Management Console" を file:/C:/JRun4/servers/admin/jmc-app.ear からデプロイ中
01/20 17:13:25 info Web アプリケーション "JRun Management Console" を file:/C:/JRun4/servers/admin/jmc-app.ear からデプロイ中
01/20 17:13:25 user JSPServlet: init
01/20 17:17:48 info JDBC データソースはこのサーバー用に設定されました (jrun-resources.xml を参照)
01/20 17:17:48 info JRun Web サーバー は *:8000 上でリスン中
01/20 17:17:48 info エンタープライズアプリケーション "JRun Management Console" を file:/C:/JRun4/servers/admin/jmc-app.ear からデプロイ中
01/20 17:17:48 info Web アプリケーション "JRun Management Console" を file:/C:/JRun4/servers/admin/jmc-app.ear からデプロイ中
01/20 17:17:48 user JSPServlet: init
01/20 17:21:57 info JDBC データソースはこのサーバー用に設定されました (jrun-resources.xml を参照)
01/20 17:21:57 info JRun Web サーバー は *:8000 上でリスン中
01/20 17:21:57 info エンタープライズアプリケーション "JRun Management Console" を file:/C:/JRun4/servers/admin/jmc-app.ear からデプロイ中
01/20 17:21:58 info Web アプリケーション "JRun Management Console" を file:/C:/JRun4/servers/admin/jmc-app.ear からデプロイ中
01/20 17:21:58 user JSPServlet: init
01/20 17:31:23 info JDBC データソースはこのサーバー用に設定されました (jrun-resources.xml を参照)
01/20 17:31:24 info JRun Web サーバー は *:8000 上でリスン中
01/20 17:31:24 info エンタープライズアプリケーション "JRun Management Console" を file:/C:/JRun4/servers/admin/jmc-app.ear からデプロイ中
01/20 17:31:24 info Web アプリケーション "JRun Management Console" を file:/C:/JRun4/servers/admin/jmc-app.ear からデプロイ中
01/20 17:31:24 user JSPServlet: init
01/20 17:35:04 info JDBC データソースはこのサーバー用に設定されました (jrun-resources.xml を参照)
01/20 17:35:05 info JRun Web サーバー は *:8000 上でリスン中
01/20 17:35:05 info エンタープライズアプリケーション "JRun Management Console" を file:/C:/JRun4/servers/admin/jmc-app.ear からデプロイ中
01/20 17:35:05 info Web アプリケーション "JRun Management Console" を file:/C:/JRun4/servers/admin/jmc-app.ear からデプロイ中
01/20 17:35:05 user JSPServlet: init
01/20 17:39:29 info JDBC データソースはこのサーバー用に設定されました (jrun-resources.xml を参照)
01/20 17:39:29 info JRun Web サーバー は *:8000 上でリスン中
01/20 17:39:29 info エンタープライズアプリケーション "JRun Management Console" を file:/C:/JRun4/servers/admin/jmc-app.ear からデプロイ中
01/20 17:39:29 info Web アプリケーション "JRun Management Console" を file:/C:/JRun4/servers/admin/jmc-app.ear からデプロイ中
01/20 17:39:29 user JSPServlet: init
01/20 17:43:25 info JDBC データソースはこのサーバー用に設定されました (jrun-resources.xml を参照)
01/20 17:43:25 info JRun Web サーバー は *:8000 上でリスン中
01/20 17:43:25 info エンタープライズアプリケーション "JRun Management Console" を file:/C:/JRun4/servers/admin/jmc-app.ear からデプロイ中
01/20 17:43:26 info Web アプリケーション "JRun Management Console" を file:/C:/JRun4/servers/admin/jmc-app.ear からデプロイ中
01/20 17:43:26 user JSPServlet: init
01/20 17:45:08 info JDBC データソースはこのサーバー用に設定されました (jrun-resources.xml を参照)
01/20 17:45:08 info JRun Web サーバー は *:8000 上でリスン中
01/20 17:45:09 info エンタープライズアプリケーション "JRun Management Console" を file:/C:/JRun4/servers/admin/jmc-app.ear からデプロイ中
01/20 17:45:09 info Web アプリケーション "JRun Management Console" を file:/C:/JRun4/servers/admin/jmc-app.ear からデプロイ中
01/20 17:45:09 user JSPServlet: init
01/20 17:53:01 info JDBC データソースはこのサーバー用に設定されました (jrun-resources.xml を参照)
01/20 17:53:01 info JRun Web サーバー は *:8000 上でリスン中
01/20 17:53:01 info エンタープライズアプリケーション "JRun Management Console" を file:/C:/JRun4/servers/admin/jmc-app.ear からデプロイ中
01/20 17:53:01 info Web アプリケーション "JRun Management Console" を file:/C:/JRun4/servers/admin/jmc-app.ear からデプロイ中
01/20 17:53:01 user JSPServlet: init
01/20 17:55:21 info JDBC データソースはこのサーバー用に設定されました (jrun-resources.xml を参照)
01/20 17:55:21 info JRun Web サーバー は *:8000 上でリスン中
01/20 17:55:21 info エンタープライズアプリケーション "JRun Management Console" を file:/C:/JRun4/servers/admin/jmc-app.ear からデプロイ中
01/20 17:55:21 info Web アプリケーション "JRun Management Console" を file:/C:/JRun4/servers/admin/jmc-app.ear からデプロイ中
01/20 17:55:21 user JSPServlet: init
01/20 17:56:55 info JDBC データソースはこのサーバー用に設定されました (jrun-resources.xml を参照)
01/20 17:56:55 info JRun Web サーバー は *:8000 上でリスン中
01/20 17:56:55 info エンタープライズアプリケーション "JRun Management Console" を file:/C:/JRun4/servers/admin/jmc-app.ear からデプロイ中
01/20 17:56:56 info Web アプリケーション "JRun Management Console" を file:/C:/JRun4/servers/admin/jmc-app.ear からデプロイ中
01/20 17:56:56 user JSPServlet: init
01/20 17:59:06 info JDBC データソースはこのサーバー用に設定されました (jrun-resources.xml を参照)
01/20 17:59:06 info JRun Web サーバー は *:8000 上でリスン中
01/20 17:59:06 info エンタープライズアプリケーション "JRun Management Console" を file:/C:/JRun4/servers/admin/jmc-app.ear からデプロイ中
01/20 17:59:07 info Web アプリケーション "JRun Management Console" を file:/C:/JRun4/servers/admin/jmc-app.ear からデプロイ中
01/20 17:59:07 user JSPServlet: init
01/20 18:00:43 info JDBC データソースはこのサーバー用に設定されました (jrun-resources.xml を参照)
01/20 18:00:43 info JRun Web サーバー は *:8000 上でリスン中
01/20 18:00:43 info エンタープライズアプリケーション "JRun Management Console" を file:/C:/JRun4/servers/admin/jmc-app.ear からデプロイ中
01/20 18:00:43 info Web アプリケーション "JRun Management Console" を file:/C:/JRun4/servers/admin/jmc-app.ear からデプロイ中
01/20 18:00:43 user JSPServlet: init
01/20 18:04:23 info JDBC データソースはこのサーバー用に設定されました (jrun-resources.xml を参照)
01/20 18:04:23 info JRun Web サーバー は *:8000 上でリスン中
01/20 18:04:23 info エンタープライズアプリケーション "JRun Management Console" を file:/C:/JRun4/servers/admin/jmc-app.ear からデプロイ中
01/20 18:04:23 info Web アプリケーション "JRun Management Console" を file:/C:/JRun4/servers/admin/jmc-app.ear からデプロイ中
01/20 18:04:23 user JSPServlet: init
01/20 18:06:18 info JDBC データソースはこのサーバー用に設定されました (jrun-resources.xml を参照)
01/20 18:06:18 info JRun Web サーバー は *:8000 上でリスン中
01/20 18:06:19 info エンタープライズアプリケーション "JRun Management Console" を file:/C:/JRun4/servers/admin/jmc-app.ear からデプロイ中
01/20 18:06:19 info Web アプリケーション "JRun Management Console" を file:/C:/JRun4/servers/admin/jmc-app.ear からデプロイ中
01/20 18:06:19 user JSPServlet: init
01/20 18:20:27 info JDBC データソースはこのサーバー用に設定されました (jrun-resources.xml を参照)
01/20 18:20:27 info JRun Web サーバー は *:8000 上でリスン中
01/20 18:20:27 info エンタープライズアプリケーション "JRun Management Console" を file:/C:/JRun4/servers/admin/jmc-app.ear からデプロイ中
01/20 18:20:27 info Web アプリケーション "JRun Management Console" を file:/C:/JRun4/servers/admin/jmc-app.ear からデプロイ中
01/20 18:20:27 user JSPServlet: init
01/20 18:32:00 info JDBC データソースはこのサーバー用に設定されました (jrun-resources.xml を参照)
01/20 18:32:00 info JRun Web サーバー は *:8000 上でリスン中
01/20 18:32:00 info エンタープライズアプリケーション "JRun Management Console" を file:/C:/JRun4/servers/admin/jmc-app.ear からデプロイ中
01/20 18:32:01 info Web アプリケーション "JRun Management Console" を file:/C:/JRun4/servers/admin/jmc-app.ear からデプロイ中
01/20 18:32:01 user JSPServlet: init
01/23 13:06:00 info JDBC データソースはこのサーバー用に設定されました (jrun-resources.xml を参照)
01/23 13:06:00 info JRun Web サーバー は *:8000 上でリスン中
01/23 13:06:00 info エンタープライズアプリケーション "JRun Management Console" を file:/C:/JRun4/servers/admin/jmc-app.ear からデプロイ中
01/23 13:06:01 info Web アプリケーション "JRun Management Console" を file:/C:/JRun4/servers/admin/jmc-app.ear からデプロイ中
01/23 13:06:01 user JSPServlet: init
01/30 13:06:02 info JDBC データソースはこのサーバー用に設定されました (jrun-resources.xml を参照)
01/30 13:06:02 info JRun Web サーバー は *:8000 上でリスン中
01/30 13:06:02 info エンタープライズアプリケーション "JRun Management Console" を file:/C:/JRun4/servers/admin/jmc-app.ear からデプロイ中
01/30 13:06:02 info Web アプリケーション "JRun Management Console" を file:/C:/JRun4/servers/admin/jmc-app.ear からデプロイ中
01/30 13:06:02 user JSPServlet: init
02/06 10:25:03 info JDBC データソースはこのサーバー用に設定されました (jrun-resources.xml を参照)
02/06 10:25:03 info JRun Web サーバー は *:8000 上でリスン中
02/06 10:25:03 info エンタープライズアプリケーション "JRun Management Console" を file:/C:/JRun4/servers/admin/jmc-app.ear からデプロイ中
02/06 10:25:03 info Web アプリケーション "JRun Management Console" を file:/C:/JRun4/servers/admin/jmc-app.ear からデプロイ中
02/06 10:25:03 user JSPServlet: init
02/06 13:06:00 info JDBC データソースはこのサーバー用に設定されました (jrun-resources.xml を参照)
02/06 13:06:00 info JRun Web サーバー は *:8000 上でリスン中
02/06 13:06:00 info エンタープライズアプリケーション "JRun Management Console" を file:/C:/JRun4/servers/admin/jmc-app.ear からデプロイ中
02/06 13:06:00 info Web アプリケーション "JRun Management Console" を file:/C:/JRun4/servers/admin/jmc-app.ear からデプロイ中
02/06 13:06:01 user JSPServlet: init
02/12 10:17:06 info JDBC データソースはこのサーバー用に設定されました (jrun-resources.xml を参照)
02/12 10:17:06 info JRun Web サーバー は *:8000 上でリスン中
02/12 10:17:06 info エンタープライズアプリケーション "JRun Management Console" を file:/C:/JRun4/servers/admin/jmc-app.ear からデプロイ中
02/12 10:17:06 info Web アプリケーション "JRun Management Console" を file:/C:/JRun4/servers/admin/jmc-app.ear からデプロイ中
02/12 10:17:06 user JSPServlet: init
02/13 13:06:01 info JDBC データソースはこのサーバー用に設定されました (jrun-resources.xml を参照)
02/13 13:06:01 info JRun Web サーバー は *:8000 上でリスン中
02/13 13:06:01 info エンタープライズアプリケーション "JRun Management Console" を file:/C:/JRun4/servers/admin/jmc-app.ear からデプロイ中
02/13 13:06:02 info Web アプリケーション "JRun Management Console" を file:/C:/JRun4/servers/admin/jmc-app.ear からデプロイ中
02/13 13:06:02 user JSPServlet: init
02/20 13:06:02 info JDBC データソースはこのサーバー用に設定されました (jrun-resources.xml を参照)
02/20 13:06:02 info JRun Web サーバー は *:8000 上でリスン中
02/20 13:06:02 info エンタープライズアプリケーション "JRun Management Console" を file:/C:/JRun4/servers/admin/jmc-app.ear からデプロイ中
02/20 13:06:02 info Web アプリケーション "JRun Management Console" を file:/C:/JRun4/servers/admin/jmc-app.ear からデプロイ中
02/20 13:06:03 user JSPServlet: init
02/27 10:24:31 info JDBC データソースはこのサーバー用に設定されました (jrun-resources.xml を参照)
02/27 10:24:31 info JRun Web サーバー は *:8000 上でリスン中
02/27 10:24:31 info エンタープライズアプリケーション "JRun Management Console" を file:/C:/JRun4/servers/admin/jmc-app.ear からデプロイ中
02/27 10:24:31 info Web アプリケーション "JRun Management Console" を file:/C:/JRun4/servers/admin/jmc-app.ear からデプロイ中
02/27 10:24:32 user JSPServlet: init
02/27 13:06:03 info JDBC データソースはこのサーバー用に設定されました (jrun-resources.xml を参照)
02/27 13:06:03 info JRun Web サーバー は *:8000 上でリスン中
02/27 13:06:03 info エンタープライズアプリケーション "JRun Management Console" を file:/C:/JRun4/servers/admin/jmc-app.ear からデプロイ中
02/27 13:06:03 info Web アプリケーション "JRun Management Console" を file:/C:/JRun4/servers/admin/jmc-app.ear からデプロイ中
02/27 13:06:04 user JSPServlet: init
03/06 13:06:04 info JDBC データソースはこのサーバー用に設定されました (jrun-resources.xml を参照)
03/06 13:06:04 info JRun Web サーバー は *:8000 上でリスン中
03/06 13:06:04 info エンタープライズアプリケーション "JRun Management Console" を file:/C:/JRun4/servers/admin/jmc-app.ear からデプロイ中
03/06 13:06:04 info Web アプリケーション "JRun Management Console" を file:/C:/JRun4/servers/admin/jmc-app.ear からデプロイ中
03/06 13:06:05 user JSPServlet: init
03/13 13:06:03 info JDBC データソースはこのサーバー用に設定されました (jrun-resources.xml を参照)
03/13 13:06:03 info JRun Web サーバー は *:8000 上でリスン中
03/13 13:06:03 info エンタープライズアプリケーション "JRun Management Console" を file:/C:/JRun4/servers/admin/jmc-app.ear からデプロイ中
03/13 13:06:04 info Web アプリケーション "JRun Management Console" を file:/C:/JRun4/servers/admin/jmc-app.ear からデプロイ中
03/13 13:06:04 user JSPServlet: init
03/20 13:06:03 info JDBC データソースはこのサーバー用に設定されました (jrun-resources.xml を参照)
03/20 13:06:04 info JRun Web サーバー は *:8000 上でリスン中
03/20 13:06:04 info エンタープライズアプリケーション "JRun Management Console" を file:/C:/JRun4/servers/admin/jmc-app.ear からデプロイ中
03/20 13:06:04 info Web アプリケーション "JRun Management Console" を file:/C:/JRun4/servers/admin/jmc-app.ear からデプロイ中
03/20 13:06:04 user JSPServlet: init
03/21 15:08:51 info JDBC データソースはこのサーバー用に設定されました (jrun-resources.xml を参照)
03/21 15:08:51 info JRun Web サーバー は *:8000 上でリスン中
03/21 15:08:51 info エンタープライズアプリケーション "JRun Management Console" を file:/C:/JRun4/servers/admin/jmc-app.ear からデプロイ中
03/21 15:08:51 info Web アプリケーション "JRun Management Console" を file:/C:/JRun4/servers/admin/jmc-app.ear からデプロイ中
03/21 15:08:51 user JSPServlet: init
03/27 13:06:02 info JDBC データソースはこのサーバー用に設定されました (jrun-resources.xml を参照)
03/27 13:06:02 info JRun Web サーバー は *:8000 上でリスン中
03/27 13:06:02 info エンタープライズアプリケーション "JRun Management Console" を file:/C:/JRun4/servers/admin/jmc-app.ear からデプロイ中
03/27 13:06:02 info Web アプリケーション "JRun Management Console" を file:/C:/JRun4/servers/admin/jmc-app.ear からデプロイ中
03/27 13:06:03 user JSPServlet: init
04/03 13:06:02 info JDBC データソースはこのサーバー用に設定されました (jrun-resources.xml を参照)
04/03 13:06:02 info JRun Web サーバー は *:8000 上でリスン中
04/03 13:06:02 info エンタープライズアプリケーション "JRun Management Console" を file:/C:/JRun4/servers/admin/jmc-app.ear からデプロイ中
04/03 13:06:02 info Web アプリケーション "JRun Management Console" を file:/C:/JRun4/servers/admin/jmc-app.ear からデプロイ中
04/03 13:06:03 user JSPServlet: init
04/09 15:08:53 info JDBC データソースはこのサーバー用に設定されました (jrun-resources.xml を参照)
04/09 15:08:53 info JRun Web サーバー は *:8000 上でリスン中
04/09 15:08:54 info エンタープライズアプリケーション "JRun Management Console" を file:/C:/JRun4/servers/admin/jmc-app.ear からデプロイ中
04/09 15:08:54 info Web アプリケーション "JRun Management Console" を file:/C:/JRun4/servers/admin/jmc-app.ear からデプロイ中
04/09 15:08:54 user JSPServlet: init
04/10 13:06:03 info JDBC データソースはこのサーバー用に設定されました (jrun-resources.xml を参照)
04/10 13:06:03 info JRun Web サーバー は *:8000 上でリスン中
04/10 13:06:03 info エンタープライズアプリケーション "JRun Management Console" を file:/C:/JRun4/servers/admin/jmc-app.ear からデプロイ中
04/10 13:06:03 info Web アプリケーション "JRun Management Console" を file:/C:/JRun4/servers/admin/jmc-app.ear からデプロイ中
04/10 13:06:03 user JSPServlet: init
04/17 13:06:02 info JDBC データソースはこのサーバー用に設定されました (jrun-resources.xml を参照)
04/17 13:06:02 info JRun Web サーバー は *:8000 上でリスン中
04/17 13:06:02 info エンタープライズアプリケーション "JRun Management Console" を file:/C:/JRun4/servers/admin/jmc-app.ear からデプロイ中
04/17 13:06:02 info Web アプリケーション "JRun Management Console" を file:/C:/JRun4/servers/admin/jmc-app.ear からデプロイ中
04/17 13:06:03 user JSPServlet: init
04/24 14:19:42 info JDBC データソースはこのサーバー用に設定されました (jrun-resources.xml を参照)
04/24 14:19:42 info JRun Web サーバー は *:8000 上でリスン中
04/24 14:19:43 info エンタープライズアプリケーション "JRun Management Console" を file:/C:/JRun4/servers/admin/jmc-app.ear からデプロイ中
04/24 14:19:43 info Web アプリケーション "JRun Management Console" を file:/C:/JRun4/servers/admin/jmc-app.ear からデプロイ中
04/24 14:19:43 user JSPServlet: init
05/01 13:06:03 info JDBC データソースはこのサーバー用に設定されました (jrun-resources.xml を参照)
05/01 13:06:03 info JRun Web サーバー は *:8000 上でリスン中
05/01 13:06:03 info エンタープライズアプリケーション "JRun Management Console" を file:/C:/JRun4/servers/admin/jmc-app.ear からデプロイ中
05/01 13:06:03 info Web アプリケーション "JRun Management Console" を file:/C:/JRun4/servers/admin/jmc-app.ear からデプロイ中
05/01 13:06:04 user JSPServlet: init
05/08 13:06:03 info JDBC データソースはこのサーバー用に設定されました (jrun-resources.xml を参照)
05/08 13:06:03 info JRun Web サーバー は *:8000 上でリスン中
05/08 13:06:03 info エンタープライズアプリケーション "JRun Management Console" を file:/C:/JRun4/servers/admin/jmc-app.ear からデプロイ中
05/08 13:06:03 info Web アプリケーション "JRun Management Console" を file:/C:/JRun4/servers/admin/jmc-app.ear からデプロイ中
05/08 13:06:04 user JSPServlet: init
05/15 13:06:31 info JDBC データソースはこのサーバー用に設定されました (jrun-resources.xml を参照)
05/15 13:06:31 info JRun Web サーバー は *:8000 上でリスン中
05/15 13:06:31 info エンタープライズアプリケーション "JRun Management Console" を file:/C:/JRun4/servers/admin/jmc-app.ear からデプロイ中
05/15 13:06:32 info Web アプリケーション "JRun Management Console" を file:/C:/JRun4/servers/admin/jmc-app.ear からデプロイ中
05/15 13:06:32 user JSPServlet: init
05/22 13:06:02 info JDBC データソースはこのサーバー用に設定されました (jrun-resources.xml を参照)
05/22 13:06:02 info JRun Web サーバー は *:8000 上でリスン中
05/22 13:06:02 info エンタープライズアプリケーション "JRun Management Console" を file:/C:/JRun4/servers/admin/jmc-app.ear からデプロイ中
05/22 13:06:03 info Web アプリケーション "JRun Management Console" を file:/C:/JRun4/servers/admin/jmc-app.ear からデプロイ中
05/22 13:06:03 user JSPServlet: init
05/29 13:06:02 info JDBC データソースはこのサーバー用に設定されました (jrun-resources.xml を参照)
05/29 13:06:02 info JRun Web サーバー は *:8000 上でリスン中
05/29 13:06:02 info エンタープライズアプリケーション "JRun Management Console" を file:/C:/JRun4/servers/admin/jmc-app.ear からデプロイ中
05/29 13:06:02 info Web アプリケーション "JRun Management Console" を file:/C:/JRun4/servers/admin/jmc-app.ear からデプロイ中
05/29 13:06:03 user JSPServlet: init
06/01 19:13:09 info JDBC データソースはこのサーバー用に設定されました (jrun-resources.xml を参照)
06/01 19:13:09 info JRun Web サーバー は *:8000 上でリスン中
06/01 19:13:09 info エンタープライズアプリケーション "JRun Management Console" を file:/C:/JRun4/servers/admin/jmc-app.ear からデプロイ中
06/01 19:13:10 info Web アプリケーション "JRun Management Console" を file:/C:/JRun4/servers/admin/jmc-app.ear からデプロイ中
06/01 19:13:10 user JSPServlet: init
06/01 19:45:00 user FileServlet: init
06/01 19:45:07 user JMCSession: init
06/01 19:45:10 user JSTServlet: init
06/01 19:45:13 user ServerChecker: init
06/01 19:47:07 user JMCSession: destroy
06/01 19:47:07 user ServerChecker: destroy
06/01 19:47:07 user FileServlet: destroy
06/01 19:47:12 info JDBC データソースはこのサーバー用に設定されました (jrun-resources.xml を参照)
06/01 19:47:12 info JRun Web サーバー は *:8000 上でリスン中
06/01 19:47:12 info エンタープライズアプリケーション "JRun Management Console" を file:/C:/JRun4/servers/admin/jmc-app.ear からデプロイ中
06/01 19:47:12 info Web アプリケーション "JRun Management Console" を file:/C:/JRun4/servers/admin/jmc-app.ear からデプロイ中
06/01 19:47:12 user JSPServlet: init
06/05 13:06:03 info JDBC データソースはこのサーバー用に設定されました (jrun-resources.xml を参照)
06/05 13:06:03 info JRun Web サーバー は *:8000 上でリスン中
06/05 13:06:03 info エンタープライズアプリケーション "JRun Management Console" を file:/C:/JRun4/servers/admin/jmc-app.ear からデプロイ中
06/05 13:06:03 info Web アプリケーション "JRun Management Console" を file:/C:/JRun4/servers/admin/jmc-app.ear からデプロイ中
06/05 13:06:04 user JSPServlet: init
06/12 13:06:02 info JDBC データソースはこのサーバー用に設定されました (jrun-resources.xml を参照)
06/12 13:06:02 info JRun Web サーバー は *:8000 上でリスン中
06/12 13:06:02 info エンタープライズアプリケーション "JRun Management Console" を file:/C:/JRun4/servers/admin/jmc-app.ear からデプロイ中
06/12 13:06:03 info Web アプリケーション "JRun Management Console" を file:/C:/JRun4/servers/admin/jmc-app.ear からデプロイ中
06/12 13:06:03 user JSPServlet: init
06/19 13:06:03 info JDBC データソースはこのサーバー用に設定されました (jrun-resources.xml を参照)
06/19 13:06:03 info JRun Web サーバー は *:8000 上でリスン中
06/19 13:06:04 info エンタープライズアプリケーション "JRun Management Console" を file:/C:/JRun4/servers/admin/jmc-app.ear からデプロイ中
06/19 13:06:04 info Web アプリケーション "JRun Management Console" を file:/C:/JRun4/servers/admin/jmc-app.ear からデプロイ中
06/19 13:06:04 user JSPServlet: init
06/26 13:06:03 info JDBC データソースはこのサーバー用に設定されました (jrun-resources.xml を参照)
06/26 13:06:03 info JRun Web サーバー は *:8000 上でリスン中
06/26 13:06:03 info エンタープライズアプリケーション "JRun Management Console" を file:/C:/JRun4/servers/admin/jmc-app.ear からデプロイ中
06/26 13:06:03 info Web アプリケーション "JRun Management Console" を file:/C:/JRun4/servers/admin/jmc-app.ear からデプロイ中
06/26 13:06:03 user JSPServlet: init
07/03 13:06:03 info JDBC データソースはこのサーバー用に設定されました (jrun-resources.xml を参照)
07/03 13:06:03 info JRun Web サーバー は *:8000 上でリスン中
07/03 13:06:03 info エンタープライズアプリケーション "JRun Management Console" を file:/C:/JRun4/servers/admin/jmc-app.ear からデプロイ中
07/03 13:06:03 info Web アプリケーション "JRun Management Console" を file:/C:/JRun4/servers/admin/jmc-app.ear からデプロイ中
07/03 13:06:03 user JSPServlet: init
07/10 13:06:03 info JDBC データソースはこのサーバー用に設定されました (jrun-resources.xml を参照)
07/10 13:06:03 info JRun Web サーバー は *:8000 上でリスン中
07/10 13:06:03 info エンタープライズアプリケーション "JRun Management Console" を file:/C:/JRun4/servers/admin/jmc-app.ear からデプロイ中
07/10 13:06:03 info Web アプリケーション "JRun Management Console" を file:/C:/JRun4/servers/admin/jmc-app.ear からデプロイ中
07/10 13:06:04 user JSPServlet: init
07/17 13:06:01 info JDBC データソースはこのサーバー用に設定されました (jrun-resources.xml を参照)
07/17 13:06:01 info JRun Web サーバー は *:8000 上でリスン中
07/17 13:06:01 info エンタープライズアプリケーション "JRun Management Console" を file:/C:/JRun4/servers/admin/jmc-app.ear からデプロイ中
07/17 13:06:02 info Web アプリケーション "JRun Management Console" を file:/C:/JRun4/servers/admin/jmc-app.ear からデプロイ中
07/17 13:06:02 user JSPServlet: init
07/18 13:53:30 info JDBC データソースはこのサーバー用に設定されました (jrun-resources.xml を参照)
07/18 13:53:30 info JRun Web サーバー は *:8000 上でリスン中
07/18 13:53:30 info エンタープライズアプリケーション "JRun Management Console" を file:/C:/JRun4/servers/admin/jmc-app.ear からデプロイ中
07/18 13:53:30 info Web アプリケーション "JRun Management Console" を file:/C:/JRun4/servers/admin/jmc-app.ear からデプロイ中
07/18 13:53:30 user JSPServlet: init
07/20 14:49:45 info JDBC データソースはこのサーバー用に設定されました (jrun-resources.xml を参照)
07/20 14:49:45 info JRun Web サーバー は *:8000 上でリスン中
07/20 14:49:45 info エンタープライズアプリケーション "JRun Management Console" を file:/C:/JRun4/servers/admin/jmc-app.ear からデプロイ中
07/20 14:49:45 info Web アプリケーション "JRun Management Console" を file:/C:/JRun4/servers/admin/jmc-app.ear からデプロイ中
07/20 14:49:45 user JSPServlet: init
07/24 13:06:02 info JDBC データソースはこのサーバー用に設定されました (jrun-resources.xml を参照)
07/24 13:06:02 info JRun Web サーバー は *:8000 上でリスン中
07/24 13:06:02 info エンタープライズアプリケーション "JRun Management Console" を file:/C:/JRun4/servers/admin/jmc-app.ear からデプロイ中
07/24 13:06:03 info Web アプリケーション "JRun Management Console" を file:/C:/JRun4/servers/admin/jmc-app.ear からデプロイ中
07/24 13:06:03 user JSPServlet: init
07/31 13:06:01 info JDBC データソースはこのサーバー用に設定されました (jrun-resources.xml を参照)
07/31 13:06:01 info JRun Web サーバー は *:8000 上でリスン中
07/31 13:06:01 info エンタープライズアプリケーション "JRun Management Console" を file:/C:/JRun4/servers/admin/jmc-app.ear からデプロイ中
07/31 13:06:01 info Web アプリケーション "JRun Management Console" を file:/C:/JRun4/servers/admin/jmc-app.ear からデプロイ中
07/31 13:06:02 user JSPServlet: init
08/07 13:06:01 info JDBC データソースはこのサーバー用に設定されました (jrun-resources.xml を参照)
08/07 13:06:01 info JRun Web サーバー は *:8000 上でリスン中
08/07 13:06:01 info エンタープライズアプリケーション "JRun Management Console" を file:/C:/JRun4/servers/admin/jmc-app.ear からデプロイ中
08/07 13:06:02 info Web アプリケーション "JRun Management Console" を file:/C:/JRun4/servers/admin/jmc-app.ear からデプロイ中
08/07 13:06:02 user JSPServlet: init
08/14 13:06:02 info JDBC データソースはこのサーバー用に設定されました (jrun-resources.xml を参照)
08/14 13:06:02 info JRun Web サーバー は *:8000 上でリスン中
08/14 13:06:02 info エンタープライズアプリケーション "JRun Management Console" を file:/C:/JRun4/servers/admin/jmc-app.ear からデプロイ中
08/14 13:06:03 info Web アプリケーション "JRun Management Console" を file:/C:/JRun4/servers/admin/jmc-app.ear からデプロイ中
08/14 13:06:03 user JSPServlet: init
08/21 13:06:03 info JDBC データソースはこのサーバー用に設定されました (jrun-resources.xml を参照)
08/21 13:06:03 info JRun Web サーバー は *:8000 上でリスン中
08/21 13:06:03 info エンタープライズアプリケーション "JRun Management Console" を file:/C:/JRun4/servers/admin/jmc-app.ear からデプロイ中
08/21 13:06:03 info Web アプリケーション "JRun Management Console" を file:/C:/JRun4/servers/admin/jmc-app.ear からデプロイ中
08/21 13:06:03 user JSPServlet: init
08/28 13:06:03 info JDBC データソースはこのサーバー用に設定されました (jrun-resources.xml を参照)
08/28 13:06:03 info JRun Web サーバー は *:8000 上でリスン中
08/28 13:06:03 info エンタープライズアプリケーション "JRun Management Console" を file:/C:/JRun4/servers/admin/jmc-app.ear からデプロイ中
08/28 13:06:03 info Web アプリケーション "JRun Management Console" を file:/C:/JRun4/servers/admin/jmc-app.ear からデプロイ中
08/28 13:06:04 user JSPServlet: init
09/04 13:06:03 info JDBC データソースはこのサーバー用に設定されました (jrun-resources.xml を参照)
09/04 13:06:03 info JRun Web サーバー は *:8000 上でリスン中
09/04 13:06:03 info エンタープライズアプリケーション "JRun Management Console" を file:/C:/JRun4/servers/admin/jmc-app.ear からデプロイ中
09/04 13:06:03 info Web アプリケーション "JRun Management Console" を file:/C:/JRun4/servers/admin/jmc-app.ear からデプロイ中
09/04 13:06:04 user JSPServlet: init
09/11 13:06:02 info JDBC データソースはこのサーバー用に設定されました (jrun-resources.xml を参照)
09/11 13:06:02 info JRun Web サーバー は *:8000 上でリスン中
09/11 13:06:02 info エンタープライズアプリケーション "JRun Management Console" を file:/C:/JRun4/servers/admin/jmc-app.ear からデプロイ中
09/11 13:06:03 info Web アプリケーション "JRun Management Console" を file:/C:/JRun4/servers/admin/jmc-app.ear からデプロイ中
09/11 13:06:03 user JSPServlet: init
09/18 13:06:03 info JDBC データソースはこのサーバー用に設定されました (jrun-resources.xml を参照)
09/18 13:06:03 info JRun Web サーバー は *:8000 上でリスン中
09/18 13:06:03 info エンタープライズアプリケーション "JRun Management Console" を file:/C:/JRun4/servers/admin/jmc-app.ear からデプロイ中
09/18 13:06:04 info Web アプリケーション "JRun Management Console" を file:/C:/JRun4/servers/admin/jmc-app.ear からデプロイ中
09/18 13:06:04 user JSPServlet: init
09/24 10:50:38 info JDBC データソースはこのサーバー用に設定されました (jrun-resources.xml を参照)
09/24 10:50:38 info JRun Web サーバー は *:8000 上でリスン中
09/24 10:50:38 info エンタープライズアプリケーション "JRun Management Console" を file:/C:/JRun4/servers/admin/jmc-app.ear からデプロイ中
09/24 10:50:38 info Web アプリケーション "JRun Management Console" を file:/C:/JRun4/servers/admin/jmc-app.ear からデプロイ中
09/24 10:50:38 user JSPServlet: init
09/25 13:06:03 info JDBC データソースはこのサーバー用に設定されました (jrun-resources.xml を参照)
09/25 13:06:03 info JRun Web サーバー は *:8000 上でリスン中
09/25 13:06:03 info エンタープライズアプリケーション "JRun Management Console" を file:/C:/JRun4/servers/admin/jmc-app.ear からデプロイ中
09/25 13:06:04 info Web アプリケーション "JRun Management Console" を file:/C:/JRun4/servers/admin/jmc-app.ear からデプロイ中
09/25 13:06:04 user JSPServlet: init
10/02 13:06:04 info JDBC データソースはこのサーバー用に設定されました (jrun-resources.xml を参照)
10/02 13:06:04 info JRun Web サーバー は *:8000 上でリスン中
10/02 13:06:04 info エンタープライズアプリケーション "JRun Management Console" を file:/C:/JRun4/servers/admin/jmc-app.ear からデプロイ中
10/02 13:06:04 info Web アプリケーション "JRun Management Console" を file:/C:/JRun4/servers/admin/jmc-app.ear からデプロイ中
10/02 13:06:05 user JSPServlet: init
10/09 13:06:04 info JDBC データソースはこのサーバー用に設定されました (jrun-resources.xml を参照)
10/09 13:06:04 info JRun Web サーバー は *:8000 上でリスン中
10/09 13:06:04 info エンタープライズアプリケーション "JRun Management Console" を file:/C:/JRun4/servers/admin/jmc-app.ear からデプロイ中
10/09 13:06:04 info Web アプリケーション "JRun Management Console" を file:/C:/JRun4/servers/admin/jmc-app.ear からデプロイ中
10/09 13:06:04 user JSPServlet: init
10/09 13:28:27 info JDBC データソースはこのサーバー用に設定されました (jrun-resources.xml を参照)
10/09 13:28:27 info JRun Web サーバー は *:8000 上でリスン中
10/09 13:28:27 info エンタープライズアプリケーション "JRun Management Console" を file:/C:/JRun4/servers/admin/jmc-app.ear からデプロイ中
10/09 13:28:27 info Web アプリケーション "JRun Management Console" を file:/C:/JRun4/servers/admin/jmc-app.ear からデプロイ中
10/09 13:28:27 user JSPServlet: init
10/16 13:06:03 info JDBC データソースはこのサーバー用に設定されました (jrun-resources.xml を参照)
10/16 13:06:03 info JRun Web サーバー は *:8000 上でリスン中
10/16 13:06:03 info エンタープライズアプリケーション "JRun Management Console" を file:/C:/JRun4/servers/admin/jmc-app.ear からデプロイ中
10/16 13:06:03 info Web アプリケーション "JRun Management Console" を file:/C:/JRun4/servers/admin/jmc-app.ear からデプロイ中
10/16 13:06:04 user JSPServlet: init
10/23 13:06:02 info JDBC データソースはこのサーバー用に設定されました (jrun-resources.xml を参照)
10/23 13:06:02 info JRun Web サーバー は *:8000 上でリスン中
10/23 13:06:02 info エンタープライズアプリケーション "JRun Management Console" を file:/C:/JRun4/servers/admin/jmc-app.ear からデプロイ中
10/23 13:06:02 info Web アプリケーション "JRun Management Console" を file:/C:/JRun4/servers/admin/jmc-app.ear からデプロイ中
10/23 13:06:02 user JSPServlet: init
10/30 13:06:01 info JDBC データソースはこのサーバー用に設定されました (jrun-resources.xml を参照)
10/30 13:06:01 info JRun Web サーバー は *:8000 上でリスン中
10/30 13:06:01 info エンタープライズアプリケーション "JRun Management Console" を file:/C:/JRun4/servers/admin/jmc-app.ear からデプロイ中
10/30 13:06:02 info Web アプリケーション "JRun Management Console" を file:/C:/JRun4/servers/admin/jmc-app.ear からデプロイ中
10/30 13:06:02 user JSPServlet: init
11/06 13:06:02 info JDBC データソースはこのサーバー用に設定されました (jrun-resources.xml を参照)
11/06 13:06:02 info JRun Web サーバー は *:8000 上でリスン中
11/06 13:06:02 info エンタープライズアプリケーション "JRun Management Console" を file:/C:/JRun4/servers/admin/jmc-app.ear からデプロイ中
11/06 13:06:02 info Web アプリケーション "JRun Management Console" を file:/C:/JRun4/servers/admin/jmc-app.ear からデプロイ中
11/06 13:06:03 user JSPServlet: init
11/13 13:06:01 info JDBC データソースはこのサーバー用に設定されました (jrun-resources.xml を参照)
11/13 13:06:01 info JRun Web サーバー は *:8000 上でリスン中
11/13 13:06:01 info エンタープライズアプリケーション "JRun Management Console" を file:/C:/JRun4/servers/admin/jmc-app.ear からデプロイ中
11/13 13:06:02 info Web アプリケーション "JRun Management Console" を file:/C:/JRun4/servers/admin/jmc-app.ear からデプロイ中
11/13 13:06:02 user JSPServlet: init
11/20 13:06:32 info JDBC データソースはこのサーバー用に設定されました (jrun-resources.xml を参照)
11/20 13:06:32 info JRun Web サーバー は *:8000 上でリスン中
11/20 13:06:32 info エンタープライズアプリケーション "JRun Management Console" を file:/C:/JRun4/servers/admin/jmc-app.ear からデプロイ中
11/20 13:06:32 info Web アプリケーション "JRun Management Console" を file:/C:/JRun4/servers/admin/jmc-app.ear からデプロイ中
11/20 13:06:33 user JSPServlet: init
11/27 13:06:02 info JDBC データソースはこのサーバー用に設定されました (jrun-resources.xml を参照)
11/27 13:06:02 info JRun Web サーバー は *:8000 上でリスン中
11/27 13:06:03 info エンタープライズアプリケーション "JRun Management Console" を file:/C:/JRun4/servers/admin/jmc-app.ear からデプロイ中
11/27 13:06:03 info Web アプリケーション "JRun Management Console" を file:/C:/JRun4/servers/admin/jmc-app.ear からデプロイ中
11/27 13:06:03 user JSPServlet: init
12/04 13:06:04 info JDBC データソースはこのサーバー用に設定されました (jrun-resources.xml を参照)
12/04 13:06:04 info JRun Web サーバー は *:8000 上でリスン中
12/04 13:06:04 info エンタープライズアプリケーション "JRun Management Console" を file:/C:/JRun4/servers/admin/jmc-app.ear からデプロイ中
12/04 13:06:05 info Web アプリケーション "JRun Management Console" を file:/C:/JRun4/servers/admin/jmc-app.ear からデプロイ中
12/04 13:06:05 user JSPServlet: init
12/11 13:06:02 info JDBC データソースはこのサーバー用に設定されました (jrun-resources.xml を参照)
12/11 13:06:02 info JRun Web サーバー は *:8000 上でリスン中
12/11 13:06:02 info エンタープライズアプリケーション "JRun Management Console" を file:/C:/JRun4/servers/admin/jmc-app.ear からデプロイ中
12/11 13:06:02 info Web アプリケーション "JRun Management Console" を file:/C:/JRun4/servers/admin/jmc-app.ear からデプロイ中
12/11 13:06:03 user JSPServlet: init
12/18 13:06:04 info JDBC データソースはこのサーバー用に設定されました (jrun-resources.xml を参照)
12/18 13:06:04 info JRun Web サーバー は *:8000 上でリスン中
12/18 13:06:04 info エンタープライズアプリケーション "JRun Management Console" を file:/C:/JRun4/servers/admin/jmc-app.ear からデプロイ中
12/18 13:06:05 info Web アプリケーション "JRun Management Console" を file:/C:/JRun4/servers/admin/jmc-app.ear からデプロイ中
12/18 13:06:05 user JSPServlet: init
12/25 13:06:02 info JDBC データソースはこのサーバー用に設定されました (jrun-resources.xml を参照)
12/25 13:06:02 info JRun Web サーバー は *:8000 上でリスン中
12/25 13:06:02 info エンタープライズアプリケーション "JRun Management Console" を file:/C:/JRun4/servers/admin/jmc-app.ear からデプロイ中
12/25 13:06:03 info Web アプリケーション "JRun Management Console" を file:/C:/JRun4/servers/admin/jmc-app.ear からデプロイ中
12/25 13:06:03 user JSPServlet: init
01/01 13:06:03 info JDBC データソースはこのサーバー用に設定されました (jrun-resources.xml を参照)
01/01 13:06:03 info JRun Web サーバー は *:8000 上でリスン中
01/01 13:06:03 info エンタープライズアプリケーション "JRun Management Console" を file:/C:/JRun4/servers/admin/jmc-app.ear からデプロイ中
01/01 13:06:03 info Web アプリケーション "JRun Management Console" を file:/C:/JRun4/servers/admin/jmc-app.ear からデプロイ中
01/01 13:06:04 user JSPServlet: init
01/08 13:06:02 info JDBC データソースはこのサーバー用に設定されました (jrun-resources.xml を参照)
01/08 13:06:02 info JRun Web サーバー は *:8000 上でリスン中
01/08 13:06:03 info エンタープライズアプリケーション "JRun Management Console" を file:/C:/JRun4/servers/admin/jmc-app.ear からデプロイ中
01/08 13:06:03 info Web アプリケーション "JRun Management Console" を file:/C:/JRun4/servers/admin/jmc-app.ear からデプロイ中
01/08 13:06:03 user JSPServlet: init
01/15 13:06:02 info JDBC データソースはこのサーバー用に設定されました (jrun-resources.xml を参照)
01/15 13:06:02 info JRun Web サーバー は *:8000 上でリスン中
01/15 13:06:02 info エンタープライズアプリケーション "JRun Management Console" を file:/C:/JRun4/servers/admin/jmc-app.ear からデプロイ中
01/15 13:06:03 info Web アプリケーション "JRun Management Console" を file:/C:/JRun4/servers/admin/jmc-app.ear からデプロイ中
01/15 13:06:03 user JSPServlet: init
01/22 13:06:03 info JDBC データソースはこのサーバー用に設定されました (jrun-resources.xml を参照)
01/22 13:06:03 info JRun Web サーバー は *:8000 上でリスン中
01/22 13:06:03 info エンタープライズアプリケーション "JRun Management Console" を file:/C:/JRun4/servers/admin/jmc-app.ear からデプロイ中
01/22 13:06:03 info Web アプリケーション "JRun Management Console" を file:/C:/JRun4/servers/admin/jmc-app.ear からデプロイ中
01/22 13:06:04 user JSPServlet: init
01/29 13:06:02 info JDBC データソースはこのサーバー用に設定されました (jrun-resources.xml を参照)
01/29 13:06:02 info JRun Web サーバー は *:8000 上でリスン中
01/29 13:06:02 info エンタープライズアプリケーション "JRun Management Console" を file:/C:/JRun4/servers/admin/jmc-app.ear からデプロイ中
01/29 13:06:03 info Web アプリケーション "JRun Management Console" を file:/C:/JRun4/servers/admin/jmc-app.ear からデプロイ中
01/29 13:06:03 user JSPServlet: init
02/05 13:06:02 info JDBC データソースはこのサーバー用に設定されました (jrun-resources.xml を参照)
02/05 13:06:02 info JRun Web サーバー は *:8000 上でリスン中
02/05 13:06:02 info エンタープライズアプリケーション "JRun Management Console" を file:/C:/JRun4/servers/admin/jmc-app.ear からデプロイ中
02/05 13:06:02 info Web アプリケーション "JRun Management Console" を file:/C:/JRun4/servers/admin/jmc-app.ear からデプロイ中
02/05 13:06:03 user JSPServlet: init
02/12 13:06:03 info JDBC データソースはこのサーバー用に設定されました (jrun-resources.xml を参照)
02/12 13:06:03 info JRun Web サーバー は *:8000 上でリスン中
02/12 13:06:03 info エンタープライズアプリケーション "JRun Management Console" を file:/C:/JRun4/servers/admin/jmc-app.ear からデプロイ中
02/12 13:06:03 info Web アプリケーション "JRun Management Console" を file:/C:/JRun4/servers/admin/jmc-app.ear からデプロイ中
02/12 13:06:04 user JSPServlet: init
02/19 13:06:01 info JDBC データソースはこのサーバー用に設定されました (jrun-resources.xml を参照)
02/19 13:06:01 info JRun Web サーバー は *:8000 上でリスン中
02/19 13:06:01 info エンタープライズアプリケーション "JRun Management Console" を file:/C:/JRun4/servers/admin/jmc-app.ear からデプロイ中
02/19 13:06:01 info Web アプリケーション "JRun Management Console" を file:/C:/JRun4/servers/admin/jmc-app.ear からデプロイ中
02/19 13:06:02 user JSPServlet: init
02/26 13:06:03 info JDBC データソースはこのサーバー用に設定されました (jrun-resources.xml を参照)
02/26 13:06:03 info JRun Web サーバー は *:8000 上でリスン中
02/26 13:06:03 info エンタープライズアプリケーション "JRun Management Console" を file:/C:/JRun4/servers/admin/jmc-app.ear からデプロイ中
02/26 13:06:04 info Web アプリケーション "JRun Management Console" を file:/C:/JRun4/servers/admin/jmc-app.ear からデプロイ中
02/26 13:06:04 user JSPServlet: init
03/05 13:06:04 info JDBC データソースはこのサーバー用に設定されました (jrun-resources.xml を参照)
03/05 13:06:04 info JRun Web サーバー は *:8000 上でリスン中
03/05 13:06:04 info エンタープライズアプリケーション "JRun Management Console" を file:/C:/JRun4/servers/admin/jmc-app.ear からデプロイ中
03/05 13:06:04 info Web アプリケーション "JRun Management Console" を file:/C:/JRun4/servers/admin/jmc-app.ear からデプロイ中
03/05 13:06:04 user JSPServlet: init
03/12 13:06:03 info JDBC データソースはこのサーバー用に設定されました (jrun-resources.xml を参照)
03/12 13:06:03 info JRun Web サーバー は *:8000 上でリスン中
03/12 13:06:03 info エンタープライズアプリケーション "JRun Management Console" を file:/C:/JRun4/servers/admin/jmc-app.ear からデプロイ中
03/12 13:06:04 info Web アプリケーション "JRun Management Console" を file:/C:/JRun4/servers/admin/jmc-app.ear からデプロイ中
03/12 13:06:04 user JSPServlet: init
03/19 13:06:04 info JDBC データソースはこのサーバー用に設定されました (jrun-resources.xml を参照)
03/19 13:06:04 info JRun Web サーバー は *:8000 上でリスン中
03/19 13:06:04 info エンタープライズアプリケーション "JRun Management Console" を file:/C:/JRun4/servers/admin/jmc-app.ear からデプロイ中
03/19 13:06:04 info Web アプリケーション "JRun Management Console" を file:/C:/JRun4/servers/admin/jmc-app.ear からデプロイ中
03/19 13:06:04 user JSPServlet: init
03/26 13:06:02 info JDBC データソースはこのサーバー用に設定されました (jrun-resources.xml を参照)
03/26 13:06:02 info JRun Web サーバー は *:8000 上でリスン中
03/26 13:06:02 info エンタープライズアプリケーション "JRun Management Console" を file:/C:/JRun4/servers/admin/jmc-app.ear からデプロイ中
03/26 13:06:03 info Web アプリケーション "JRun Management Console" を file:/C:/JRun4/servers/admin/jmc-app.ear からデプロイ中
03/26 13:06:03 user JSPServlet: init
04/02 13:06:01 info JDBC データソースはこのサーバー用に設定されました (jrun-resources.xml を参照)
04/02 13:06:01 info JRun Web サーバー は *:8000 上でリスン中
04/02 13:06:01 info エンタープライズアプリケーション "JRun Management Console" を file:/C:/JRun4/servers/admin/jmc-app.ear からデプロイ中
04/02 13:06:02 info Web アプリケーション "JRun Management Console" を file:/C:/JRun4/servers/admin/jmc-app.ear からデプロイ中
04/02 13:06:02 user JSPServlet: init
04/09 13:06:02 info JDBC データソースはこのサーバー用に設定されました (jrun-resources.xml を参照)
04/09 13:06:02 info JRun Web サーバー は *:8000 上でリスン中
04/09 13:06:02 info エンタープライズアプリケーション "JRun Management Console" を file:/C:/JRun4/servers/admin/jmc-app.ear からデプロイ中
04/09 13:06:02 info Web アプリケーション "JRun Management Console" を file:/C:/JRun4/servers/admin/jmc-app.ear からデプロイ中
04/09 13:06:03 user JSPServlet: init
04/16 13:06:03 info JDBC データソースはこのサーバー用に設定されました (jrun-resources.xml を参照)
04/16 13:06:03 info JRun Web サーバー は *:8000 上でリスン中
04/16 13:06:03 info エンタープライズアプリケーション "JRun Management Console" を file:/C:/JRun4/servers/admin/jmc-app.ear からデプロイ中
04/16 13:06:03 info Web アプリケーション "JRun Management Console" を file:/C:/JRun4/servers/admin/jmc-app.ear からデプロイ中
04/16 13:06:04 user JSPServlet: init
04/23 13:06:03 info JDBC データソースはこのサーバー用に設定されました (jrun-resources.xml を参照)
04/23 13:06:03 info JRun Web サーバー は *:8000 上でリスン中
04/23 13:06:03 info エンタープライズアプリケーション "JRun Management Console" を file:/C:/JRun4/servers/admin/jmc-app.ear からデプロイ中
04/23 13:06:03 info Web アプリケーション "JRun Management Console" を file:/C:/JRun4/servers/admin/jmc-app.ear からデプロイ中
04/23 13:06:04 user JSPServlet: init
04/30 13:58:38 info JDBC データソースはこのサーバー用に設定されました (jrun-resources.xml を参照)
04/30 13:58:38 info JRun Web サーバー は *:8000 上でリスン中
04/30 13:58:38 info エンタープライズアプリケーション "JRun Management Console" を file:/C:/JRun4/servers/admin/jmc-app.ear からデプロイ中
04/30 13:58:39 info Web アプリケーション "JRun Management Console" を file:/C:/JRun4/servers/admin/jmc-app.ear からデプロイ中
04/30 13:58:39 user JSPServlet: init
05/07 13:06:02 info JDBC データソースはこのサーバー用に設定されました (jrun-resources.xml を参照)
05/07 13:06:02 info JRun Web サーバー は *:8000 上でリスン中
05/07 13:06:02 info エンタープライズアプリケーション "JRun Management Console" を file:/C:/JRun4/servers/admin/jmc-app.ear からデプロイ中
05/07 13:06:02 info Web アプリケーション "JRun Management Console" を file:/C:/JRun4/servers/admin/jmc-app.ear からデプロイ中
05/07 13:06:02 user JSPServlet: init
05/08 19:22:37 info JDBC データソースはこのサーバー用に設定されました (jrun-resources.xml を参照)
05/08 19:22:37 info JRun Web サーバー は *:8000 上でリスン中
05/08 19:22:37 info エンタープライズアプリケーション "JRun Management Console" を file:/C:/JRun4/servers/admin/jmc-app.ear からデプロイ中
05/08 19:22:37 info Web アプリケーション "JRun Management Console" を file:/C:/JRun4/servers/admin/jmc-app.ear からデプロイ中
05/08 19:22:38 user JSPServlet: init
05/11 19:10:40 info JDBC データソースはこのサーバー用に設定されました (jrun-resources.xml を参照)
05/11 19:10:40 info JRun Web サーバー は *:8000 上でリスン中
05/11 19:10:40 info エンタープライズアプリケーション "JRun Management Console" を file:/C:/JRun4/servers/admin/jmc-app.ear からデプロイ中
05/11 19:10:40 info Web アプリケーション "JRun Management Console" を file:/C:/JRun4/servers/admin/jmc-app.ear からデプロイ中
05/11 19:10:41 user JSPServlet: init
05/14 13:06:02 info JDBC データソースはこのサーバー用に設定されました (jrun-resources.xml を参照)
05/14 13:06:02 info JRun Web サーバー は *:8000 上でリスン中
05/14 13:06:02 info エンタープライズアプリケーション "JRun Management Console" を file:/C:/JRun4/servers/admin/jmc-app.ear からデプロイ中
05/14 13:06:02 info Web アプリケーション "JRun Management Console" を file:/C:/JRun4/servers/admin/jmc-app.ear からデプロイ中
05/14 13:06:03 user JSPServlet: init
05/21 13:06:01 info JDBC データソースはこのサーバー用に設定されました (jrun-resources.xml を参照)
05/21 13:06:01 info JRun Web サーバー は *:8000 上でリスン中
05/21 13:06:02 info エンタープライズアプリケーション "JRun Management Console" を file:/C:/JRun4/servers/admin/jmc-app.ear からデプロイ中
05/21 13:06:02 info Web アプリケーション "JRun Management Console" を file:/C:/JRun4/servers/admin/jmc-app.ear からデプロイ中
05/21 13:06:02 user JSPServlet: init
05/28 13:06:03 info JDBC データソースはこのサーバー用に設定されました (jrun-resources.xml を参照)
05/28 13:06:03 info JRun Web サーバー は *:8000 上でリスン中
05/28 13:06:03 info エンタープライズアプリケーション "JRun Management Console" を file:/C:/JRun4/servers/admin/jmc-app.ear からデプロイ中
05/28 13:06:04 info Web アプリケーション "JRun Management Console" を file:/C:/JRun4/servers/admin/jmc-app.ear からデプロイ中
05/28 13:06:04 user JSPServlet: init
06/04 13:06:02 info JDBC データソースはこのサーバー用に設定されました (jrun-resources.xml を参照)
06/04 13:06:02 info JRun Web サーバー は *:8000 上でリスン中
06/04 13:06:03 info エンタープライズアプリケーション "JRun Management Console" を file:/C:/JRun4/servers/admin/jmc-app.ear からデプロイ中
06/04 13:06:03 info Web アプリケーション "JRun Management Console" を file:/C:/JRun4/servers/admin/jmc-app.ear からデプロイ中
06/04 13:06:03 user JSPServlet: init
06/11 13:06:03 info JDBC データソースはこのサーバー用に設定されました (jrun-resources.xml を参照)
06/11 13:06:03 info JRun Web サーバー は *:8000 上でリスン中
06/11 13:06:03 info エンタープライズアプリケーション "JRun Management Console" を file:/C:/JRun4/servers/admin/jmc-app.ear からデプロイ中
06/11 13:06:04 info Web アプリケーション "JRun Management Console" を file:/C:/JRun4/servers/admin/jmc-app.ear からデプロイ中
06/11 13:06:04 user JSPServlet: init
06/18 13:06:04 info JDBC データソースはこのサーバー用に設定されました (jrun-resources.xml を参照)
06/18 13:06:04 info JRun Web サーバー は *:8000 上でリスン中
06/18 13:06:04 info エンタープライズアプリケーション "JRun Management Console" を file:/C:/JRun4/servers/admin/jmc-app.ear からデプロイ中
06/18 13:06:05 info Web アプリケーション "JRun Management Console" を file:/C:/JRun4/servers/admin/jmc-app.ear からデプロイ中
06/18 13:06:05 user JSPServlet: init
06/25 13:06:06 info JDBC データソースはこのサーバー用に設定されました (jrun-resources.xml を参照)
06/25 13:06:06 info JRun Web サーバー は *:8000 上でリスン中
06/25 13:06:06 info エンタープライズアプリケーション "JRun Management Console" を file:/C:/JRun4/servers/admin/jmc-app.ear からデプロイ中
06/25 13:06:07 info Web アプリケーション "JRun Management Console" を file:/C:/JRun4/servers/admin/jmc-app.ear からデプロイ中
06/25 13:06:07 user JSPServlet: init
07/02 13:06:03 info JDBC データソースはこのサーバー用に設定されました (jrun-resources.xml を参照)
07/02 13:06:03 info JRun Web サーバー は *:8000 上でリスン中
07/02 13:06:03 info エンタープライズアプリケーション "JRun Management Console" を file:/C:/JRun4/servers/admin/jmc-app.ear からデプロイ中
07/02 13:06:04 info Web アプリケーション "JRun Management Console" を file:/C:/JRun4/servers/admin/jmc-app.ear からデプロイ中
07/02 13:06:04 user JSPServlet: init
07/09 13:06:01 info JDBC データソースはこのサーバー用に設定されました (jrun-resources.xml を参照)
07/09 13:06:01 info JRun Web サーバー は *:8000 上でリスン中
07/09 13:06:01 info エンタープライズアプリケーション "JRun Management Console" を file:/C:/JRun4/servers/admin/jmc-app.ear からデプロイ中
07/09 13:06:02 info Web アプリケーション "JRun Management Console" を file:/C:/JRun4/servers/admin/jmc-app.ear からデプロイ中
07/09 13:06:02 user JSPServlet: init
07/16 13:06:03 info JDBC データソースはこのサーバー用に設定されました (jrun-resources.xml を参照)
07/16 13:06:03 info JRun Web サーバー は *:8000 上でリスン中
07/16 13:06:03 info エンタープライズアプリケーション "JRun Management Console" を file:/C:/JRun4/servers/admin/jmc-app.ear からデプロイ中
07/16 13:06:04 info Web アプリケーション "JRun Management Console" を file:/C:/JRun4/servers/admin/jmc-app.ear からデプロイ中
07/16 13:06:04 user JSPServlet: init
07/23 13:06:02 info JDBC データソースはこのサーバー用に設定されました (jrun-resources.xml を参照)
07/23 13:06:02 info JRun Web サーバー は *:8000 上でリスン中
07/23 13:06:02 info エンタープライズアプリケーション "JRun Management Console" を file:/C:/JRun4/servers/admin/jmc-app.ear からデプロイ中
07/23 13:06:03 info Web アプリケーション "JRun Management Console" を file:/C:/JRun4/servers/admin/jmc-app.ear からデプロイ中
07/23 13:06:03 user JSPServlet: init
07/30 13:06:02 info JDBC データソースはこのサーバー用に設定されました (jrun-resources.xml を参照)
07/30 13:06:02 info JRun Web サーバー は *:8000 上でリスン中
07/30 13:06:02 info エンタープライズアプリケーション "JRun Management Console" を file:/C:/JRun4/servers/admin/jmc-app.ear からデプロイ中
07/30 13:06:02 info Web アプリケーション "JRun Management Console" を file:/C:/JRun4/servers/admin/jmc-app.ear からデプロイ中
07/30 13:06:03 user JSPServlet: init
