[2011/01/03][23:30:00][sys_Sweep_Daily][sys_Sweep_Daily開始] 
[2011/01/03][23:30:00][sys_Sweep_Daily][ログ削除開始] 
ntbackup  
Deleted files = 11
strup  
Deleted file = 1
w3svc1  
Deleted file = 0
svf  
Deleted file = 0
sweep  
Deleted file = 1
isapi  
Deleted file = 0
C:\gunma\logs\olive\.  
Deleted file = 0
C:\gunma\logs\olive\control\.  
Deleted file = 1
C:\gunma\logs\olive\csv\.  
Deleted file = 1
C:\gunma\logs\olive\Listen3\.  
Deleted file = 0
C:\gunma\logs\olive\svf\.  
Deleted file = 1
D:\gunma\data\pdf  
Deleted files = 1124
[2011/01/03][23:30:04][sys_Sweep_Daily][ログ削除終了] 
[2011/01/03][23:30:04][sys_Sweep_Daily][sys_Sweep_Daily終了] 
