[2004/06/11][18:34:31][sys_WebStart][sys_WebStart開始] 
[2004/06/11][18:34:31][sys_WebStart][個別終了ファイル削除(D:\gunma\data\exitfile\*.*)] 
[2004/06/11][18:34:32][sys_WebStart]["Macromedia JRun Admin Server"サービスを起動中] 
[2004/06/11][18:34:44][sys_WebStart]["Macromedia JRun Admin Server"サービス起動完了] 
[2004/06/11][18:34:44][sys_WebStart]["Macromedia JRun Default Server"サービスを起動中] 
[2004/06/11][18:34:56][sys_WebStart]["Macromedia JRun Default Server"サービス起動完了] 
[2004/06/11][18:37:56][sys_WebStart][運用モードを「サービス開始中：'0'」に設定開始] 
OK


<!--
//
// システム: 取引履歴検索システム
//
// File Name: PropChg.jsp
//
// Copyright (c) 2003 TOSHIBA IT-SOLUTIONS Co.All Rights Reserved.
//
//
-->
[2004/06/11][18:37:57][sys_WebStart][運用モードを「サービス開始中：'0'」に設定完了] 
[2004/06/11][18:38:08][sys_WebStart][リスナーの起動開始] 
[2004/06/11][18:38:08][sys_WebStart][リスナーの起動完了] 
[2004/06/11][18:38:28][sys_WebStart][運用モードを「サービス開始：'1'」に設定開始] 
OK


<!--
//
// システム: 取引履歴検索システム
//
// File Name: PropChg.jsp
//
// Copyright (c) 2003 TOSHIBA IT-SOLUTIONS Co.All Rights Reserved.
//
//
-->
[2004/06/11][18:38:28][sys_WebStart][運用モードを「サービス開始：'1'」に設定完了] 
[2004/06/11][18:38:39][sys_WebStart][sys_WebStart終了] 
