[2004/06/23][20:42:56][sys_WebStart][sys_WebStart開始] 
[2004/06/23][20:42:56][sys_WebStart][個別終了ファイル削除(D:\gunma\data\exitfile\*.*)] 
[2004/06/23][20:42:57][sys_WebStart]["Macromedia JRun Admin Server"サービスを起動中] 
[2004/06/23][20:43:09][sys_WebStart]["Macromedia JRun Admin Server"サービス起動完了] 
[2004/06/23][20:43:09][sys_WebStart]["Macromedia JRun Default Server"サービスを起動中] 
[2004/06/23][20:43:22][sys_WebStart]["Macromedia JRun Default Server"サービス起動完了] 
[2004/06/23][20:46:22][sys_WebStart][運用モードを「サービス開始中：'0'」に設定開始] 
OK


<!--
//
// システム: 取引履歴検索システム
//
// File Name: PropChg.jsp
//
// Copyright (c) 2003 TOSHIBA IT-SOLUTIONS Co.All Rights Reserved.
//
//
-->
[2004/06/23][20:46:23][sys_WebStart][運用モードを「サービス開始中：'0'」に設定完了] 
[2004/06/23][20:46:34][sys_WebStart][リスナーの起動開始] 
[2004/06/23][20:46:34][sys_WebStart][リスナーの起動完了] 
[2004/06/23][20:46:39][sys_WebStart][運用モードを「サービス開始：'1'」に設定開始] 
OK


<!--
//
// システム: 取引履歴検索システム
//
// File Name: PropChg.jsp
//
// Copyright (c) 2003 TOSHIBA IT-SOLUTIONS Co.All Rights Reserved.
//
//
-->
[2004/06/23][20:46:39][sys_WebStart][運用モードを「サービス開始：'1'」に設定完了] 
[2004/06/23][20:46:41][sys_WebStart][sys_WebStart終了] 
