[2004/06/08][18:30:19][sys_WebEnd][sys_WebEnd開始] 
[2004/06/08][18:30:19][sys_WebEnd][運用モードを「サービス停止中：'3'」に設定開始] 
NG
プロパティが存在しません[operation.mode]

<!--
//
// システム: 取引履歴検索システム
//
// File Name: PropChg.jsp
//
// Copyright (c) 2003 TOSHIBA IT-SOLUTIONS Co.All Rights Reserved.
//
//
-->
[2004/06/08][18:30:19][sys_WebEnd][運用モードを「サービス停止中：'3'」に設定できませんでした（Error:1）] 
[2004/06/08][18:30:20][sys_WebEnd][運用モードを「サービス停止中：'3'」に設定完了] 
[2004/06/08][18:30:39][sys_WebEnd][個別終了ファイル作成] 
[2004/06/08][18:30:39][sys_WebEnd][リスナーの終了を確認開始] 
[2004/06/08][18:30:39][sys_WebEnd][リスナーの終了を確認完了] 
[2004/06/08][18:30:39][sys_WebEnd][sys_WebEnd終了（リブート）] 
