2004-06-22 11:03:02 jrISAPI[2616:1044] returning error page for Connection refused
2004-06-22 11:03:03 jrISAPI[2616:1044] PROXY_BUSY <- [1220]
2004-06-22 11:03:03 jrISAPI[2616:1044] returning error page for JRun too busy or out of memory
2004-06-22 12:03:20 jrISAPI[init:1044] JRun ISAPI Extension DLL Detaching (FreeLibrary)
2004-06-22 12:03:24 jrISAPI[init:1044] JRun 4.0 (Build 61650) JRun ISAPI Extension - May 29 2003 09:37:45
2004-06-22 12:03:24 jrISAPI[init:1044] JRun ISAPI Extension DLL Attaching
2004-06-22 12:03:24 jrISAPI[init:1044] JRun 4.0 (Build 61650) JRun ISAPI Filter - May 29 2003 09:37:47
2004-06-22 15:48:28 jrISAPI[init:1044] JRun ISAPI Extension DLL Detaching (FreeLibrary)
2004-06-22 15:48:31 jrISAPI[init:1044] JRun 4.0 (Build 61650) JRun ISAPI Extension - May 29 2003 09:37:45
2004-06-22 15:48:31 jrISAPI[init:1044] JRun ISAPI Extension DLL Attaching
2004-06-22 15:48:31 jrISAPI[init:1044] JRun 4.0 (Build 61650) JRun ISAPI Filter - May 29 2003 09:37:47
2004-06-22 15:51:07 jrISAPI[1952:1044] PROXY_BUSY <- [1484]
2004-06-22 15:51:07 jrISAPI[1952:1044] returning error page for JRun too busy or out of memory
2004-06-22 15:57:31 jrISAPI[init:1044] JRun ISAPI Extension DLL Detaching (FreeLibrary)
2004-06-22 15:57:34 jrISAPI[init:1044] JRun 4.0 (Build 61650) JRun ISAPI Extension - May 29 2003 09:37:45
2004-06-22 15:57:34 jrISAPI[init:1044] JRun ISAPI Extension DLL Attaching
2004-06-22 15:57:34 jrISAPI[init:1044] JRun 4.0 (Build 61650) JRun ISAPI Filter - May 29 2003 09:37:47
2004-06-22 16:14:20 jrISAPI[init:1044] JRun ISAPI Extension DLL Detaching (FreeLibrary)
2004-06-22 16:14:24 jrISAPI[init:1044] JRun 4.0 (Build 61650) JRun ISAPI Extension - May 29 2003 09:37:45
2004-06-22 16:14:24 jrISAPI[init:1044] JRun ISAPI Extension DLL Attaching
2004-06-22 16:14:24 jrISAPI[init:1044] JRun 4.0 (Build 61650) JRun ISAPI Filter - May 29 2003 09:37:47
2004-06-22 16:16:58 jrISAPI[init:1044] JRun ISAPI Extension DLL Detaching (FreeLibrary)
2004-06-22 16:17:02 jrISAPI[init:1044] JRun 4.0 (Build 61650) JRun ISAPI Extension - May 29 2003 09:37:45
2004-06-22 16:17:02 jrISAPI[init:1044] JRun ISAPI Extension DLL Attaching
2004-06-22 16:17:02 jrISAPI[init:1044] JRun 4.0 (Build 61650) JRun ISAPI Filter - May 29 2003 09:37:47
